[0.011s] Invoking command in '/home/lattapol/microros_ws/build/micro_ros_msgs': CMAKE_PREFIX_PATH=${CMAKE_PREFIX_PATH}:/home/lattapol/bowa_ws/install/usb_cam_bringup:/home/lattapol/bowa_ws/install/sensor_fusion_utils:/home/lattapol/bowa_ws/install/path_odom:/home/lattapol/bowa_ws/install/ndt_speed_estimator:/home/lattapol/bowa_ws/install/motor_adapter:/home/lattapol/bowa_ws/install/lidar_nav:/home/lattapol/bowa_ws/install/lidar_launch:/home/lattapol/bowa_ws/install/lidar_cropper:/home/lattapol/bowa_ws/install/laser_geometry_converter:/home/lattapol/bowa_ws/install/gps_imu_ekf:/home/lattapol/bowa_ws/install/gps_2d_odom:/home/lattapol/bowa_ws/install/esp_sensors_bridge:/home/lattapol/bowa_ws/install/bowa_launch:/opt/ros/humble /usr/bin/cmake /home/lattapol/microros_ws/src/uros/micro_ros_msgs -DCMAKE_INSTALL_PREFIX=/home/lattapol/microros_ws/install/micro_ros_msgs
[0.042s] -- Found ament_cmake: 1.3.12 (/opt/ros/humble/share/ament_cmake/cmake)
[0.143s] -- Found rosidl_default_generators: 1.2.0 (/opt/ros/humble/share/rosidl_default_generators/cmake)
[0.147s] -- Using all available rosidl_typesupport_c: rosidl_typesupport_fastrtps_c;rosidl_typesupport_introspection_c
[0.150s] -- Found rosidl_adapter: 3.1.7 (/opt/ros/humble/share/rosidl_adapter/cmake)
[0.175s] -- Using all available rosidl_typesupport_cpp: rosidl_typesupport_fastrtps_cpp;rosidl_typesupport_introspection_cpp
[0.195s] -- Found ament_lint_auto: 0.12.14 (/opt/ros/humble/share/ament_lint_auto/cmake)
[0.484s] -- Found ament_cmake_ros: 0.10.0 (/opt/ros/humble/share/ament_cmake_ros/cmake)
[0.615s] -- Using all available rosidl_typesupport_c: rosidl_typesupport_fastrtps_c;rosidl_typesupport_introspection_c
[0.817s] -- Using all available rosidl_typesupport_cpp: rosidl_typesupport_fastrtps_cpp;rosidl_typesupport_introspection_cpp
[0.835s] -- Found python_cmake_module: 0.10.0 (/opt/ros/humble/share/python_cmake_module/cmake)
[0.853s] -- Using PYTHON_EXECUTABLE: /usr/bin/python3
[0.853s] -- Using PYTHON_INCLUDE_DIRS: /usr/include/python3.10
[0.853s] -- Using PYTHON_LIBRARIES: /usr/lib/x86_64-linux-gnu/libpython3.10.so
[0.867s] -- Added test 'copyright' to check source files copyright and LICENSE
[0.871s] -- Added test 'lint_cmake' to check CMake code style
[0.873s] -- Added test 'xmllint' to check XML markup files
[0.878s] -- Configuring done
[0.909s] -- Generating done
[0.914s] -- Build files have been written to: /home/lattapol/microros_ws/build/micro_ros_msgs
[0.918s] Invoked command in '/home/lattapol/microros_ws/build/micro_ros_msgs' returned '0': CMAKE_PREFIX_PATH=${CMAKE_PREFIX_PATH}:/home/lattapol/bowa_ws/install/usb_cam_bringup:/home/lattapol/bowa_ws/install/sensor_fusion_utils:/home/lattapol/bowa_ws/install/path_odom:/home/lattapol/bowa_ws/install/ndt_speed_estimator:/home/lattapol/bowa_ws/install/motor_adapter:/home/lattapol/bowa_ws/install/lidar_nav:/home/lattapol/bowa_ws/install/lidar_launch:/home/lattapol/bowa_ws/install/lidar_cropper:/home/lattapol/bowa_ws/install/laser_geometry_converter:/home/lattapol/bowa_ws/install/gps_imu_ekf:/home/lattapol/bowa_ws/install/gps_2d_odom:/home/lattapol/bowa_ws/install/esp_sensors_bridge:/home/lattapol/bowa_ws/install/bowa_launch:/opt/ros/humble /usr/bin/cmake /home/lattapol/microros_ws/src/uros/micro_ros_msgs -DCMAKE_INSTALL_PREFIX=/home/lattapol/microros_ws/install/micro_ros_msgs
[0.920s] Invoking command in '/home/lattapol/microros_ws/build/micro_ros_msgs': CMAKE_PREFIX_PATH=${CMAKE_PREFIX_PATH}:/home/lattapol/bowa_ws/install/usb_cam_bringup:/home/lattapol/bowa_ws/install/sensor_fusion_utils:/home/lattapol/bowa_ws/install/path_odom:/home/lattapol/bowa_ws/install/ndt_speed_estimator:/home/lattapol/bowa_ws/install/motor_adapter:/home/lattapol/bowa_ws/install/lidar_nav:/home/lattapol/bowa_ws/install/lidar_launch:/home/lattapol/bowa_ws/install/lidar_cropper:/home/lattapol/bowa_ws/install/laser_geometry_converter:/home/lattapol/bowa_ws/install/gps_imu_ekf:/home/lattapol/bowa_ws/install/gps_2d_odom:/home/lattapol/bowa_ws/install/esp_sensors_bridge:/home/lattapol/bowa_ws/install/bowa_launch:/opt/ros/humble /usr/bin/cmake --build /home/lattapol/microros_ws/build/micro_ros_msgs -- -j22 -l22
[1.053s] [35m[1mConsolidate compiler generated dependencies of target micro_ros_msgs__rosidl_generator_c[0m
[1.062s] [  2%] Built target micro_ros_msgs__cpp
[1.066s] [ 12%] Built target micro_ros_msgs__rosidl_generator_c
[1.070s] [35m[1mConsolidate compiler generated dependencies of target micro_ros_msgs__rosidl_typesupport_introspection_cpp[0m
[1.070s] [35m[1mConsolidate compiler generated dependencies of target micro_ros_msgs__rosidl_typesupport_cpp[0m
[1.071s] [35m[1mConsolidate compiler generated dependencies of target micro_ros_msgs__rosidl_typesupport_fastrtps_cpp[0m
[1.071s] [ 12%] Built target ament_cmake_python_copy_micro_ros_msgs
[1.073s] [35m[1mConsolidate compiler generated dependencies of target micro_ros_msgs__rosidl_typesupport_fastrtps_c[0m
[1.074s] [35m[1mConsolidate compiler generated dependencies of target micro_ros_msgs__rosidl_typesupport_c[0m
[1.075s] [35m[1mConsolidate compiler generated dependencies of target micro_ros_msgs__rosidl_typesupport_introspection_c[0m
[1.082s] [ 23%] Built target micro_ros_msgs__rosidl_typesupport_cpp
[1.082s] [ 34%] Built target micro_ros_msgs__rosidl_typesupport_fastrtps_c
[1.083s] [ 44%] Built target micro_ros_msgs__rosidl_typesupport_c
[1.084s] [ 55%] Built target micro_ros_msgs__rosidl_typesupport_fastrtps_cpp
[1.084s] [ 65%] Built target micro_ros_msgs__rosidl_typesupport_introspection_c
[1.085s] [ 76%] Built target micro_ros_msgs__rosidl_typesupport_introspection_cpp
[1.100s] [ 76%] Built target micro_ros_msgs
[1.116s] [ 78%] Built target micro_ros_msgs__py
[1.166s] [35m[1mConsolidate compiler generated dependencies of target micro_ros_msgs__rosidl_generator_py[0m
[1.181s] [ 87%] Built target micro_ros_msgs__rosidl_generator_py
[1.190s] [35m[1mConsolidate compiler generated dependencies of target micro_ros_msgs__rosidl_typesupport_introspection_c__pyext[0m
[1.190s] [35m[1mConsolidate compiler generated dependencies of target micro_ros_msgs__rosidl_typesupport_fastrtps_c__pyext[0m
[1.192s] [35m[1mConsolidate compiler generated dependencies of target micro_ros_msgs__rosidl_typesupport_c__pyext[0m
[1.201s] [ 91%] Built target micro_ros_msgs__rosidl_typesupport_introspection_c__pyext
[1.202s] [ 95%] Built target micro_ros_msgs__rosidl_typesupport_fastrtps_c__pyext
[1.203s] [100%] Built target micro_ros_msgs__rosidl_typesupport_c__pyext
[1.240s] running egg_info
[1.241s] writing micro_ros_msgs.egg-info/PKG-INFO
[1.241s] writing dependency_links to micro_ros_msgs.egg-info/dependency_links.txt
[1.241s] writing top-level names to micro_ros_msgs.egg-info/top_level.txt
[1.242s] reading manifest file 'micro_ros_msgs.egg-info/SOURCES.txt'
[1.243s] writing manifest file 'micro_ros_msgs.egg-info/SOURCES.txt'
[1.261s] [100%] Built target ament_cmake_python_build_micro_ros_msgs_egg
[1.272s] Invoked command in '/home/lattapol/microros_ws/build/micro_ros_msgs' returned '0': CMAKE_PREFIX_PATH=${CMAKE_PREFIX_PATH}:/home/lattapol/bowa_ws/install/usb_cam_bringup:/home/lattapol/bowa_ws/install/sensor_fusion_utils:/home/lattapol/bowa_ws/install/path_odom:/home/lattapol/bowa_ws/install/ndt_speed_estimator:/home/lattapol/bowa_ws/install/motor_adapter:/home/lattapol/bowa_ws/install/lidar_nav:/home/lattapol/bowa_ws/install/lidar_launch:/home/lattapol/bowa_ws/install/lidar_cropper:/home/lattapol/bowa_ws/install/laser_geometry_converter:/home/lattapol/bowa_ws/install/gps_imu_ekf:/home/lattapol/bowa_ws/install/gps_2d_odom:/home/lattapol/bowa_ws/install/esp_sensors_bridge:/home/lattapol/bowa_ws/install/bowa_launch:/opt/ros/humble /usr/bin/cmake --build /home/lattapol/microros_ws/build/micro_ros_msgs -- -j22 -l22
[1.274s] Invoking command in '/home/lattapol/microros_ws/build/micro_ros_msgs': CMAKE_PREFIX_PATH=${CMAKE_PREFIX_PATH}:/home/lattapol/bowa_ws/install/usb_cam_bringup:/home/lattapol/bowa_ws/install/sensor_fusion_utils:/home/lattapol/bowa_ws/install/path_odom:/home/lattapol/bowa_ws/install/ndt_speed_estimator:/home/lattapol/bowa_ws/install/motor_adapter:/home/lattapol/bowa_ws/install/lidar_nav:/home/lattapol/bowa_ws/install/lidar_launch:/home/lattapol/bowa_ws/install/lidar_cropper:/home/lattapol/bowa_ws/install/laser_geometry_converter:/home/lattapol/bowa_ws/install/gps_imu_ekf:/home/lattapol/bowa_ws/install/gps_2d_odom:/home/lattapol/bowa_ws/install/esp_sensors_bridge:/home/lattapol/bowa_ws/install/bowa_launch:/opt/ros/humble /usr/bin/cmake --install /home/lattapol/microros_ws/build/micro_ros_msgs
[1.279s] -- Install configuration: ""
[1.375s] -- Up-to-date: /home/lattapol/microros_ws/install/micro_ros_msgs/share/ament_index/resource_index/rosidl_interfaces/micro_ros_msgs
[1.376s] -- Up-to-date: /home/lattapol/microros_ws/install/micro_ros_msgs/include/micro_ros_msgs/micro_ros_msgs
[1.376s] -- Up-to-date: /home/lattapol/microros_ws/install/micro_ros_msgs/include/micro_ros_msgs/micro_ros_msgs/msg
[1.377s] -- Up-to-date: /home/lattapol/microros_ws/install/micro_ros_msgs/include/micro_ros_msgs/micro_ros_msgs/msg/node.h
[1.377s] -- Up-to-date: /home/lattapol/microros_ws/install/micro_ros_msgs/include/micro_ros_msgs/micro_ros_msgs/msg/detail
[1.377s] -- Up-to-date: /home/lattapol/microros_ws/install/micro_ros_msgs/include/micro_ros_msgs/micro_ros_msgs/msg/detail/node__struct.h
[1.377s] -- Up-to-date: /home/lattapol/microros_ws/install/micro_ros_msgs/include/micro_ros_msgs/micro_ros_msgs/msg/detail/entity__functions.c
[1.377s] -- Up-to-date: /home/lattapol/microros_ws/install/micro_ros_msgs/include/micro_ros_msgs/micro_ros_msgs/msg/detail/node__functions.h
[1.377s] -- Up-to-date: /home/lattapol/microros_ws/install/micro_ros_msgs/include/micro_ros_msgs/micro_ros_msgs/msg/detail/graph__struct.h
[1.377s] -- Up-to-date: /home/lattapol/microros_ws/install/micro_ros_msgs/include/micro_ros_msgs/micro_ros_msgs/msg/detail/graph__functions.h
[1.377s] -- Up-to-date: /home/lattapol/microros_ws/install/micro_ros_msgs/include/micro_ros_msgs/micro_ros_msgs/msg/detail/node__type_support.h
[1.378s] -- Up-to-date: /home/lattapol/microros_ws/install/micro_ros_msgs/include/micro_ros_msgs/micro_ros_msgs/msg/detail/entity__type_support.h
[1.378s] -- Up-to-date: /home/lattapol/microros_ws/install/micro_ros_msgs/include/micro_ros_msgs/micro_ros_msgs/msg/detail/graph__type_support.h
[1.378s] -- Up-to-date: /home/lattapol/microros_ws/install/micro_ros_msgs/include/micro_ros_msgs/micro_ros_msgs/msg/detail/node__functions.c
[1.378s] -- Up-to-date: /home/lattapol/microros_ws/install/micro_ros_msgs/include/micro_ros_msgs/micro_ros_msgs/msg/detail/graph__functions.c
[1.378s] -- Up-to-date: /home/lattapol/microros_ws/install/micro_ros_msgs/include/micro_ros_msgs/micro_ros_msgs/msg/detail/entity__functions.h
[1.378s] -- Up-to-date: /home/lattapol/microros_ws/install/micro_ros_msgs/include/micro_ros_msgs/micro_ros_msgs/msg/detail/entity__struct.h
[1.378s] -- Up-to-date: /home/lattapol/microros_ws/install/micro_ros_msgs/include/micro_ros_msgs/micro_ros_msgs/msg/rosidl_generator_c__visibility_control.h
[1.378s] -- Up-to-date: /home/lattapol/microros_ws/install/micro_ros_msgs/include/micro_ros_msgs/micro_ros_msgs/msg/entity.h
[1.378s] -- Up-to-date: /home/lattapol/microros_ws/install/micro_ros_msgs/include/micro_ros_msgs/micro_ros_msgs/msg/graph.h
[1.378s] -- Up-to-date: /home/lattapol/microros_ws/install/micro_ros_msgs/share/micro_ros_msgs/environment/library_path.sh
[1.378s] -- Installing: /home/lattapol/microros_ws/install/micro_ros_msgs/share/micro_ros_msgs/environment/library_path.dsv
[1.378s] -- Up-to-date: /home/lattapol/microros_ws/install/micro_ros_msgs/lib/libmicro_ros_msgs__rosidl_generator_c.so
[1.379s] -- Up-to-date: /home/lattapol/microros_ws/install/micro_ros_msgs/include/micro_ros_msgs/micro_ros_msgs
[1.379s] -- Up-to-date: /home/lattapol/microros_ws/install/micro_ros_msgs/include/micro_ros_msgs/micro_ros_msgs/msg
[1.379s] -- Up-to-date: /home/lattapol/microros_ws/install/micro_ros_msgs/include/micro_ros_msgs/micro_ros_msgs/msg/detail
[1.379s] -- Up-to-date: /home/lattapol/microros_ws/install/micro_ros_msgs/include/micro_ros_msgs/micro_ros_msgs/msg/detail/node__rosidl_typesupport_fastrtps_c.h
[1.379s] -- Up-to-date: /home/lattapol/microros_ws/install/micro_ros_msgs/include/micro_ros_msgs/micro_ros_msgs/msg/detail/entity__rosidl_typesupport_fastrtps_c.h
[1.379s] -- Up-to-date: /home/lattapol/microros_ws/install/micro_ros_msgs/include/micro_ros_msgs/micro_ros_msgs/msg/detail/graph__rosidl_typesupport_fastrtps_c.h
[1.379s] -- Up-to-date: /home/lattapol/microros_ws/install/micro_ros_msgs/include/micro_ros_msgs/micro_ros_msgs/msg/rosidl_typesupport_fastrtps_c__visibility_control.h
[1.379s] -- Up-to-date: /home/lattapol/microros_ws/install/micro_ros_msgs/lib/libmicro_ros_msgs__rosidl_typesupport_fastrtps_c.so
[1.379s] -- Up-to-date: /home/lattapol/microros_ws/install/micro_ros_msgs/include/micro_ros_msgs/micro_ros_msgs
[1.379s] -- Up-to-date: /home/lattapol/microros_ws/install/micro_ros_msgs/include/micro_ros_msgs/micro_ros_msgs/msg
[1.380s] -- Up-to-date: /home/lattapol/microros_ws/install/micro_ros_msgs/include/micro_ros_msgs/micro_ros_msgs/msg/rosidl_typesupport_introspection_c__visibility_control.h
[1.380s] -- Up-to-date: /home/lattapol/microros_ws/install/micro_ros_msgs/include/micro_ros_msgs/micro_ros_msgs/msg/detail
[1.380s] -- Up-to-date: /home/lattapol/microros_ws/install/micro_ros_msgs/include/micro_ros_msgs/micro_ros_msgs/msg/detail/entity__type_support.c
[1.380s] -- Up-to-date: /home/lattapol/microros_ws/install/micro_ros_msgs/include/micro_ros_msgs/micro_ros_msgs/msg/detail/graph__type_support.c
[1.380s] -- Up-to-date: /home/lattapol/microros_ws/install/micro_ros_msgs/include/micro_ros_msgs/micro_ros_msgs/msg/detail/node__type_support.c
[1.380s] -- Up-to-date: /home/lattapol/microros_ws/install/micro_ros_msgs/include/micro_ros_msgs/micro_ros_msgs/msg/detail/graph__rosidl_typesupport_introspection_c.h
[1.380s] -- Up-to-date: /home/lattapol/microros_ws/install/micro_ros_msgs/include/micro_ros_msgs/micro_ros_msgs/msg/detail/node__rosidl_typesupport_introspection_c.h
[1.380s] -- Up-to-date: /home/lattapol/microros_ws/install/micro_ros_msgs/include/micro_ros_msgs/micro_ros_msgs/msg/detail/entity__rosidl_typesupport_introspection_c.h
[1.380s] -- Up-to-date: /home/lattapol/microros_ws/install/micro_ros_msgs/lib/libmicro_ros_msgs__rosidl_typesupport_introspection_c.so
[1.380s] -- Up-to-date: /home/lattapol/microros_ws/install/micro_ros_msgs/lib/libmicro_ros_msgs__rosidl_typesupport_c.so
[1.380s] -- Up-to-date: /home/lattapol/microros_ws/install/micro_ros_msgs/include/micro_ros_msgs/micro_ros_msgs
[1.380s] -- Up-to-date: /home/lattapol/microros_ws/install/micro_ros_msgs/include/micro_ros_msgs/micro_ros_msgs/msg
[1.380s] -- Up-to-date: /home/lattapol/microros_ws/install/micro_ros_msgs/include/micro_ros_msgs/micro_ros_msgs/msg/node.hpp
[1.380s] -- Up-to-date: /home/lattapol/microros_ws/install/micro_ros_msgs/include/micro_ros_msgs/micro_ros_msgs/msg/graph.hpp
[1.380s] -- Up-to-date: /home/lattapol/microros_ws/install/micro_ros_msgs/include/micro_ros_msgs/micro_ros_msgs/msg/entity.hpp
[1.380s] -- Up-to-date: /home/lattapol/microros_ws/install/micro_ros_msgs/include/micro_ros_msgs/micro_ros_msgs/msg/rosidl_generator_cpp__visibility_control.hpp
[1.380s] -- Up-to-date: /home/lattapol/microros_ws/install/micro_ros_msgs/include/micro_ros_msgs/micro_ros_msgs/msg/detail
[1.380s] -- Up-to-date: /home/lattapol/microros_ws/install/micro_ros_msgs/include/micro_ros_msgs/micro_ros_msgs/msg/detail/entity__type_support.hpp
[1.380s] -- Up-to-date: /home/lattapol/microros_ws/install/micro_ros_msgs/include/micro_ros_msgs/micro_ros_msgs/msg/detail/entity__builder.hpp
[1.380s] -- Up-to-date: /home/lattapol/microros_ws/install/micro_ros_msgs/include/micro_ros_msgs/micro_ros_msgs/msg/detail/node__struct.hpp
[1.380s] -- Up-to-date: /home/lattapol/microros_ws/install/micro_ros_msgs/include/micro_ros_msgs/micro_ros_msgs/msg/detail/node__traits.hpp
[1.381s] -- Up-to-date: /home/lattapol/microros_ws/install/micro_ros_msgs/include/micro_ros_msgs/micro_ros_msgs/msg/detail/node__type_support.hpp
[1.381s] -- Up-to-date: /home/lattapol/microros_ws/install/micro_ros_msgs/include/micro_ros_msgs/micro_ros_msgs/msg/detail/entity__traits.hpp
[1.381s] -- Up-to-date: /home/lattapol/microros_ws/install/micro_ros_msgs/include/micro_ros_msgs/micro_ros_msgs/msg/detail/graph__struct.hpp
[1.381s] -- Up-to-date: /home/lattapol/microros_ws/install/micro_ros_msgs/include/micro_ros_msgs/micro_ros_msgs/msg/detail/entity__struct.hpp
[1.381s] -- Up-to-date: /home/lattapol/microros_ws/install/micro_ros_msgs/include/micro_ros_msgs/micro_ros_msgs/msg/detail/graph__traits.hpp
[1.381s] -- Up-to-date: /home/lattapol/microros_ws/install/micro_ros_msgs/include/micro_ros_msgs/micro_ros_msgs/msg/detail/graph__builder.hpp
[1.381s] -- Up-to-date: /home/lattapol/microros_ws/install/micro_ros_msgs/include/micro_ros_msgs/micro_ros_msgs/msg/detail/node__builder.hpp
[1.381s] -- Up-to-date: /home/lattapol/microros_ws/install/micro_ros_msgs/include/micro_ros_msgs/micro_ros_msgs/msg/detail/graph__type_support.hpp
[1.381s] -- Up-to-date: /home/lattapol/microros_ws/install/micro_ros_msgs/include/micro_ros_msgs/micro_ros_msgs
[1.381s] -- Up-to-date: /home/lattapol/microros_ws/install/micro_ros_msgs/include/micro_ros_msgs/micro_ros_msgs/msg
[1.381s] -- Up-to-date: /home/lattapol/microros_ws/install/micro_ros_msgs/include/micro_ros_msgs/micro_ros_msgs/msg/detail
[1.381s] -- Up-to-date: /home/lattapol/microros_ws/install/micro_ros_msgs/include/micro_ros_msgs/micro_ros_msgs/msg/detail/graph__rosidl_typesupport_fastrtps_cpp.hpp
[1.381s] -- Up-to-date: /home/lattapol/microros_ws/install/micro_ros_msgs/include/micro_ros_msgs/micro_ros_msgs/msg/detail/node__rosidl_typesupport_fastrtps_cpp.hpp
[1.381s] -- Up-to-date: /home/lattapol/microros_ws/install/micro_ros_msgs/include/micro_ros_msgs/micro_ros_msgs/msg/detail/entity__rosidl_typesupport_fastrtps_cpp.hpp
[1.381s] -- Up-to-date: /home/lattapol/microros_ws/install/micro_ros_msgs/include/micro_ros_msgs/micro_ros_msgs/msg/detail/dds_fastrtps
[1.381s] -- Up-to-date: /home/lattapol/microros_ws/install/micro_ros_msgs/include/micro_ros_msgs/micro_ros_msgs/msg/rosidl_typesupport_fastrtps_cpp__visibility_control.h
[1.381s] -- Up-to-date: /home/lattapol/microros_ws/install/micro_ros_msgs/lib/libmicro_ros_msgs__rosidl_typesupport_fastrtps_cpp.so
[1.381s] -- Up-to-date: /home/lattapol/microros_ws/install/micro_ros_msgs/include/micro_ros_msgs/micro_ros_msgs
[1.381s] -- Up-to-date: /home/lattapol/microros_ws/install/micro_ros_msgs/include/micro_ros_msgs/micro_ros_msgs/msg
[1.381s] -- Up-to-date: /home/lattapol/microros_ws/install/micro_ros_msgs/include/micro_ros_msgs/micro_ros_msgs/msg/detail
[1.381s] -- Up-to-date: /home/lattapol/microros_ws/install/micro_ros_msgs/include/micro_ros_msgs/micro_ros_msgs/msg/detail/node__type_support.cpp
[1.381s] -- Up-to-date: /home/lattapol/microros_ws/install/micro_ros_msgs/include/micro_ros_msgs/micro_ros_msgs/msg/detail/graph__rosidl_typesupport_introspection_cpp.hpp
[1.381s] -- Up-to-date: /home/lattapol/microros_ws/install/micro_ros_msgs/include/micro_ros_msgs/micro_ros_msgs/msg/detail/graph__type_support.cpp
[1.381s] -- Up-to-date: /home/lattapol/microros_ws/install/micro_ros_msgs/include/micro_ros_msgs/micro_ros_msgs/msg/detail/entity__rosidl_typesupport_introspection_cpp.hpp
[1.381s] -- Up-to-date: /home/lattapol/microros_ws/install/micro_ros_msgs/include/micro_ros_msgs/micro_ros_msgs/msg/detail/entity__type_support.cpp
[1.381s] -- Up-to-date: /home/lattapol/microros_ws/install/micro_ros_msgs/include/micro_ros_msgs/micro_ros_msgs/msg/detail/node__rosidl_typesupport_introspection_cpp.hpp
[1.381s] -- Up-to-date: /home/lattapol/microros_ws/install/micro_ros_msgs/lib/libmicro_ros_msgs__rosidl_typesupport_introspection_cpp.so
[1.382s] -- Up-to-date: /home/lattapol/microros_ws/install/micro_ros_msgs/lib/libmicro_ros_msgs__rosidl_typesupport_cpp.so
[1.382s] -- Up-to-date: /home/lattapol/microros_ws/install/micro_ros_msgs/share/micro_ros_msgs/environment/pythonpath.sh
[1.382s] -- Installing: /home/lattapol/microros_ws/install/micro_ros_msgs/share/micro_ros_msgs/environment/pythonpath.dsv
[1.382s] -- Up-to-date: /home/lattapol/microros_ws/install/micro_ros_msgs/local/lib/python3.10/dist-packages/micro_ros_msgs-3.0.1-py3.10.egg-info
[1.382s] -- Installing: /home/lattapol/microros_ws/install/micro_ros_msgs/local/lib/python3.10/dist-packages/micro_ros_msgs-3.0.1-py3.10.egg-info/dependency_links.txt
[1.382s] -- Installing: /home/lattapol/microros_ws/install/micro_ros_msgs/local/lib/python3.10/dist-packages/micro_ros_msgs-3.0.1-py3.10.egg-info/PKG-INFO
[1.382s] -- Installing: /home/lattapol/microros_ws/install/micro_ros_msgs/local/lib/python3.10/dist-packages/micro_ros_msgs-3.0.1-py3.10.egg-info/top_level.txt
[1.382s] -- Installing: /home/lattapol/microros_ws/install/micro_ros_msgs/local/lib/python3.10/dist-packages/micro_ros_msgs-3.0.1-py3.10.egg-info/SOURCES.txt
[1.382s] -- Up-to-date: /home/lattapol/microros_ws/install/micro_ros_msgs/local/lib/python3.10/dist-packages/micro_ros_msgs
[1.382s] -- Up-to-date: /home/lattapol/microros_ws/install/micro_ros_msgs/local/lib/python3.10/dist-packages/micro_ros_msgs/msg
[1.382s] -- Up-to-date: /home/lattapol/microros_ws/install/micro_ros_msgs/local/lib/python3.10/dist-packages/micro_ros_msgs/msg/_entity_s.c
[1.382s] -- Up-to-date: /home/lattapol/microros_ws/install/micro_ros_msgs/local/lib/python3.10/dist-packages/micro_ros_msgs/msg/_graph_s.c
[1.382s] -- Up-to-date: /home/lattapol/microros_ws/install/micro_ros_msgs/local/lib/python3.10/dist-packages/micro_ros_msgs/msg/_node.py
[1.382s] -- Up-to-date: /home/lattapol/microros_ws/install/micro_ros_msgs/local/lib/python3.10/dist-packages/micro_ros_msgs/msg/__init__.py
[1.382s] -- Up-to-date: /home/lattapol/microros_ws/install/micro_ros_msgs/local/lib/python3.10/dist-packages/micro_ros_msgs/msg/_graph.py
[1.383s] -- Up-to-date: /home/lattapol/microros_ws/install/micro_ros_msgs/local/lib/python3.10/dist-packages/micro_ros_msgs/msg/_node_s.c
[1.383s] -- Up-to-date: /home/lattapol/microros_ws/install/micro_ros_msgs/local/lib/python3.10/dist-packages/micro_ros_msgs/msg/_entity.py
[1.383s] -- Up-to-date: /home/lattapol/microros_ws/install/micro_ros_msgs/local/lib/python3.10/dist-packages/micro_ros_msgs/_micro_ros_msgs_s.ep.rosidl_typesupport_introspection_c.c
[1.383s] -- Up-to-date: /home/lattapol/microros_ws/install/micro_ros_msgs/local/lib/python3.10/dist-packages/micro_ros_msgs/micro_ros_msgs_s__rosidl_typesupport_introspection_c.cpython-310-x86_64-linux-gnu.so
[1.383s] -- Up-to-date: /home/lattapol/microros_ws/install/micro_ros_msgs/local/lib/python3.10/dist-packages/micro_ros_msgs/_micro_ros_msgs_s.ep.rosidl_typesupport_c.c
[1.383s] -- Up-to-date: /home/lattapol/microros_ws/install/micro_ros_msgs/local/lib/python3.10/dist-packages/micro_ros_msgs/micro_ros_msgs_s__rosidl_typesupport_fastrtps_c.cpython-310-x86_64-linux-gnu.so
[1.383s] -- Up-to-date: /home/lattapol/microros_ws/install/micro_ros_msgs/local/lib/python3.10/dist-packages/micro_ros_msgs/micro_ros_msgs_s__rosidl_typesupport_c.cpython-310-x86_64-linux-gnu.so
[1.383s] -- Installing: /home/lattapol/microros_ws/install/micro_ros_msgs/local/lib/python3.10/dist-packages/micro_ros_msgs/__init__.py
[1.383s] -- Up-to-date: /home/lattapol/microros_ws/install/micro_ros_msgs/local/lib/python3.10/dist-packages/micro_ros_msgs/libmicro_ros_msgs__rosidl_generator_py.so
[1.383s] -- Up-to-date: /home/lattapol/microros_ws/install/micro_ros_msgs/local/lib/python3.10/dist-packages/micro_ros_msgs/_micro_ros_msgs_s.ep.rosidl_typesupport_fastrtps_c.c
[1.410s] Listing '/home/lattapol/microros_ws/install/micro_ros_msgs/local/lib/python3.10/dist-packages/micro_ros_msgs'...
[1.410s] Compiling '/home/lattapol/microros_ws/install/micro_ros_msgs/local/lib/python3.10/dist-packages/micro_ros_msgs/__init__.py'...
[1.410s] Listing '/home/lattapol/microros_ws/install/micro_ros_msgs/local/lib/python3.10/dist-packages/micro_ros_msgs/msg'...
[1.413s] -- Up-to-date: /home/lattapol/microros_ws/install/micro_ros_msgs/local/lib/python3.10/dist-packages/micro_ros_msgs/micro_ros_msgs_s__rosidl_typesupport_fastrtps_c.cpython-310-x86_64-linux-gnu.so
[1.414s] -- Up-to-date: /home/lattapol/microros_ws/install/micro_ros_msgs/local/lib/python3.10/dist-packages/micro_ros_msgs/micro_ros_msgs_s__rosidl_typesupport_introspection_c.cpython-310-x86_64-linux-gnu.so
[1.414s] -- Up-to-date: /home/lattapol/microros_ws/install/micro_ros_msgs/local/lib/python3.10/dist-packages/micro_ros_msgs/micro_ros_msgs_s__rosidl_typesupport_c.cpython-310-x86_64-linux-gnu.so
[1.414s] -- Up-to-date: /home/lattapol/microros_ws/install/micro_ros_msgs/lib/libmicro_ros_msgs__rosidl_generator_py.so
[1.415s] -- Up-to-date: /home/lattapol/microros_ws/install/micro_ros_msgs/share/micro_ros_msgs/msg/Graph.idl
[1.415s] -- Up-to-date: /home/lattapol/microros_ws/install/micro_ros_msgs/share/micro_ros_msgs/msg/Node.idl
[1.415s] -- Up-to-date: /home/lattapol/microros_ws/install/micro_ros_msgs/share/micro_ros_msgs/msg/Entity.idl
[1.415s] -- Up-to-date: /home/lattapol/microros_ws/install/micro_ros_msgs/share/micro_ros_msgs/msg/Graph.msg
[1.415s] -- Up-to-date: /home/lattapol/microros_ws/install/micro_ros_msgs/share/micro_ros_msgs/msg/Node.msg
[1.415s] -- Up-to-date: /home/lattapol/microros_ws/install/micro_ros_msgs/share/micro_ros_msgs/msg/Entity.msg
[1.415s] -- Up-to-date: /home/lattapol/microros_ws/install/micro_ros_msgs/share/ament_index/resource_index/package_run_dependencies/micro_ros_msgs
[1.415s] -- Installing: /home/lattapol/microros_ws/install/micro_ros_msgs/share/ament_index/resource_index/parent_prefix_path/micro_ros_msgs
[1.415s] -- Up-to-date: /home/lattapol/microros_ws/install/micro_ros_msgs/share/micro_ros_msgs/environment/ament_prefix_path.sh
[1.415s] -- Installing: /home/lattapol/microros_ws/install/micro_ros_msgs/share/micro_ros_msgs/environment/ament_prefix_path.dsv
[1.415s] -- Up-to-date: /home/lattapol/microros_ws/install/micro_ros_msgs/share/micro_ros_msgs/environment/path.sh
[1.415s] -- Installing: /home/lattapol/microros_ws/install/micro_ros_msgs/share/micro_ros_msgs/environment/path.dsv
[1.416s] -- Up-to-date: /home/lattapol/microros_ws/install/micro_ros_msgs/share/micro_ros_msgs/local_setup.bash
[1.416s] -- Up-to-date: /home/lattapol/microros_ws/install/micro_ros_msgs/share/micro_ros_msgs/local_setup.sh
[1.416s] -- Up-to-date: /home/lattapol/microros_ws/install/micro_ros_msgs/share/micro_ros_msgs/local_setup.zsh
[1.416s] -- Installing: /home/lattapol/microros_ws/install/micro_ros_msgs/share/micro_ros_msgs/local_setup.dsv
[1.416s] -- Installing: /home/lattapol/microros_ws/install/micro_ros_msgs/share/micro_ros_msgs/package.dsv
[1.416s] -- Up-to-date: /home/lattapol/microros_ws/install/micro_ros_msgs/share/ament_index/resource_index/packages/micro_ros_msgs
[1.416s] -- Up-to-date: /home/lattapol/microros_ws/install/micro_ros_msgs/share/micro_ros_msgs/cmake/export_micro_ros_msgs__rosidl_generator_cExport.cmake
[1.416s] -- Up-to-date: /home/lattapol/microros_ws/install/micro_ros_msgs/share/micro_ros_msgs/cmake/export_micro_ros_msgs__rosidl_generator_cExport-noconfig.cmake
[1.417s] -- Up-to-date: /home/lattapol/microros_ws/install/micro_ros_msgs/share/micro_ros_msgs/cmake/export_micro_ros_msgs__rosidl_typesupport_fastrtps_cExport.cmake
[1.417s] -- Up-to-date: /home/lattapol/microros_ws/install/micro_ros_msgs/share/micro_ros_msgs/cmake/export_micro_ros_msgs__rosidl_typesupport_fastrtps_cExport-noconfig.cmake
[1.417s] -- Up-to-date: /home/lattapol/microros_ws/install/micro_ros_msgs/share/micro_ros_msgs/cmake/micro_ros_msgs__rosidl_typesupport_introspection_cExport.cmake
[1.417s] -- Up-to-date: /home/lattapol/microros_ws/install/micro_ros_msgs/share/micro_ros_msgs/cmake/micro_ros_msgs__rosidl_typesupport_introspection_cExport-noconfig.cmake
[1.417s] -- Up-to-date: /home/lattapol/microros_ws/install/micro_ros_msgs/share/micro_ros_msgs/cmake/micro_ros_msgs__rosidl_typesupport_cExport.cmake
[1.417s] -- Up-to-date: /home/lattapol/microros_ws/install/micro_ros_msgs/share/micro_ros_msgs/cmake/micro_ros_msgs__rosidl_typesupport_cExport-noconfig.cmake
[1.417s] -- Up-to-date: /home/lattapol/microros_ws/install/micro_ros_msgs/share/micro_ros_msgs/cmake/export_micro_ros_msgs__rosidl_generator_cppExport.cmake
[1.418s] -- Up-to-date: /home/lattapol/microros_ws/install/micro_ros_msgs/share/micro_ros_msgs/cmake/export_micro_ros_msgs__rosidl_typesupport_fastrtps_cppExport.cmake
[1.418s] -- Up-to-date: /home/lattapol/microros_ws/install/micro_ros_msgs/share/micro_ros_msgs/cmake/export_micro_ros_msgs__rosidl_typesupport_fastrtps_cppExport-noconfig.cmake
[1.418s] -- Up-to-date: /home/lattapol/microros_ws/install/micro_ros_msgs/share/micro_ros_msgs/cmake/micro_ros_msgs__rosidl_typesupport_introspection_cppExport.cmake
[1.418s] -- Up-to-date: /home/lattapol/microros_ws/install/micro_ros_msgs/share/micro_ros_msgs/cmake/micro_ros_msgs__rosidl_typesupport_introspection_cppExport-noconfig.cmake
[1.418s] -- Up-to-date: /home/lattapol/microros_ws/install/micro_ros_msgs/share/micro_ros_msgs/cmake/micro_ros_msgs__rosidl_typesupport_cppExport.cmake
[1.418s] -- Up-to-date: /home/lattapol/microros_ws/install/micro_ros_msgs/share/micro_ros_msgs/cmake/micro_ros_msgs__rosidl_typesupport_cppExport-noconfig.cmake
[1.418s] -- Up-to-date: /home/lattapol/microros_ws/install/micro_ros_msgs/share/micro_ros_msgs/cmake/export_micro_ros_msgs__rosidl_generator_pyExport.cmake
[1.418s] -- Up-to-date: /home/lattapol/microros_ws/install/micro_ros_msgs/share/micro_ros_msgs/cmake/export_micro_ros_msgs__rosidl_generator_pyExport-noconfig.cmake
[1.418s] -- Up-to-date: /home/lattapol/microros_ws/install/micro_ros_msgs/share/micro_ros_msgs/cmake/rosidl_cmake-extras.cmake
[1.418s] -- Up-to-date: /home/lattapol/microros_ws/install/micro_ros_msgs/share/micro_ros_msgs/cmake/ament_cmake_export_include_directories-extras.cmake
[1.418s] -- Up-to-date: /home/lattapol/microros_ws/install/micro_ros_msgs/share/micro_ros_msgs/cmake/ament_cmake_export_libraries-extras.cmake
[1.418s] -- Up-to-date: /home/lattapol/microros_ws/install/micro_ros_msgs/share/micro_ros_msgs/cmake/ament_cmake_export_targets-extras.cmake
[1.418s] -- Up-to-date: /home/lattapol/microros_ws/install/micro_ros_msgs/share/micro_ros_msgs/cmake/rosidl_cmake_export_typesupport_targets-extras.cmake
[1.418s] -- Up-to-date: /home/lattapol/microros_ws/install/micro_ros_msgs/share/micro_ros_msgs/cmake/ament_cmake_export_dependencies-extras.cmake
[1.418s] -- Up-to-date: /home/lattapol/microros_ws/install/micro_ros_msgs/share/micro_ros_msgs/cmake/rosidl_cmake_export_typesupport_libraries-extras.cmake
[1.418s] -- Up-to-date: /home/lattapol/microros_ws/install/micro_ros_msgs/share/micro_ros_msgs/cmake/micro_ros_msgsConfig.cmake
[1.418s] -- Up-to-date: /home/lattapol/microros_ws/install/micro_ros_msgs/share/micro_ros_msgs/cmake/micro_ros_msgsConfig-version.cmake
[1.419s] -- Up-to-date: /home/lattapol/microros_ws/install/micro_ros_msgs/share/micro_ros_msgs/package.xml
[1.421s] Invoked command in '/home/lattapol/microros_ws/build/micro_ros_msgs' returned '0': CMAKE_PREFIX_PATH=${CMAKE_PREFIX_PATH}:/home/lattapol/bowa_ws/install/usb_cam_bringup:/home/lattapol/bowa_ws/install/sensor_fusion_utils:/home/lattapol/bowa_ws/install/path_odom:/home/lattapol/bowa_ws/install/ndt_speed_estimator:/home/lattapol/bowa_ws/install/motor_adapter:/home/lattapol/bowa_ws/install/lidar_nav:/home/lattapol/bowa_ws/install/lidar_launch:/home/lattapol/bowa_ws/install/lidar_cropper:/home/lattapol/bowa_ws/install/laser_geometry_converter:/home/lattapol/bowa_ws/install/gps_imu_ekf:/home/lattapol/bowa_ws/install/gps_2d_odom:/home/lattapol/bowa_ws/install/esp_sensors_bridge:/home/lattapol/bowa_ws/install/bowa_launch:/opt/ros/humble /usr/bin/cmake --install /home/lattapol/microros_ws/build/micro_ros_msgs
