[0.059s] DEBUG:colcon:Command line arguments: ['/usr/bin/colcon', 'build']
[0.059s] DEBUG:colcon:Parsed command line arguments: Namespace(log_base=None, log_level=None, verb_name='build', build_base='build', install_base='install', merge_install=False, symlink_install=False, test_result_base=None, continue_on_error=False, executor='parallel', parallel_workers=22, event_handlers=None, ignore_user_meta=False, metas=['./colcon.meta'], base_paths=['.'], packages_ignore=None, packages_ignore_regex=None, paths=None, packages_up_to=None, packages_up_to_regex=None, packages_above=None, packages_above_and_dependencies=None, packages_above_depth=None, packages_select_by_dep=None, packages_skip_by_dep=None, packages_skip_up_to=None, packages_select_build_failed=False, packages_skip_build_finished=False, packages_select_test_failures=False, packages_skip_test_passed=False, packages_select=None, packages_skip=None, packages_select_regex=None, packages_skip_regex=None, packages_start=None, packages_end=None, allow_overriding=[], cmake_args=None, cmake_target=None, cmake_target_skip_unavailable=False, cmake_clean_cache=False, cmake_clean_first=False, cmake_force_configure=False, ament_cmake_args=None, catkin_cmake_args=None, catkin_skip_building_tests=False, mixin_files=None, mixin=None, verb_parser=<colcon_mixin.mixin.mixin_argument.MixinArgumentDecorator object at 0x75158e95a830>, verb_extension=<colcon_core.verb.build.BuildVerb object at 0x75158ea87940>, main=<bound method BuildVerb.main of <colcon_core.verb.build.BuildVerb object at 0x75158ea87940>>, mixin_verb=('build',))
[0.178s] Level 1:colcon.colcon_core.package_discovery:discover_packages(colcon_meta) check parameters
[0.178s] Level 1:colcon.colcon_core.package_discovery:discover_packages(recursive) check parameters
[0.178s] Level 1:colcon.colcon_core.package_discovery:discover_packages(ignore) check parameters
[0.178s] Level 1:colcon.colcon_core.package_discovery:discover_packages(path) check parameters
[0.178s] Level 1:colcon.colcon_core.package_discovery:discover_packages(colcon_meta) discover
[0.178s] Level 1:colcon.colcon_core.package_discovery:discover_packages(recursive) discover
[0.178s] INFO:colcon.colcon_core.package_discovery:Crawling recursively for packages in '/home/lattapol/microros_ws'
[0.178s] Level 1:colcon.colcon_core.package_identification:_identify(.) by extensions ['ignore', 'ignore_ament_install']
[0.178s] Level 1:colcon.colcon_core.package_identification:_identify(.) by extension 'ignore'
[0.178s] Level 1:colcon.colcon_core.package_identification:_identify(.) by extension 'ignore_ament_install'
[0.178s] Level 1:colcon.colcon_core.package_identification:_identify(.) by extensions ['colcon_pkg']
[0.178s] Level 1:colcon.colcon_core.package_identification:_identify(.) by extension 'colcon_pkg'
[0.178s] Level 1:colcon.colcon_core.package_identification:_identify(.) by extensions ['colcon_meta']
[0.178s] Level 1:colcon.colcon_core.package_identification:_identify(.) by extension 'colcon_meta'
[0.178s] Level 1:colcon.colcon_core.package_identification:_identify(.) by extensions ['ros']
[0.178s] Level 1:colcon.colcon_core.package_identification:_identify(.) by extension 'ros'
[0.184s] Level 1:colcon.colcon_core.package_identification:_identify(.) by extensions ['cmake', 'python']
[0.184s] Level 1:colcon.colcon_core.package_identification:_identify(.) by extension 'cmake'
[0.184s] Level 1:colcon.colcon_core.package_identification:_identify(.) by extension 'python'
[0.184s] Level 1:colcon.colcon_core.package_identification:_identify(.) by extensions ['python_setup_py']
[0.184s] Level 1:colcon.colcon_core.package_identification:_identify(.) by extension 'python_setup_py'
[0.184s] Level 1:colcon.colcon_core.package_identification:_identify(build) by extensions ['ignore', 'ignore_ament_install']
[0.184s] Level 1:colcon.colcon_core.package_identification:_identify(build) by extension 'ignore'
[0.184s] Level 1:colcon.colcon_core.package_identification:_identify(build) ignored
[0.184s] Level 1:colcon.colcon_core.package_identification:_identify(install) by extensions ['ignore', 'ignore_ament_install']
[0.184s] Level 1:colcon.colcon_core.package_identification:_identify(install) by extension 'ignore'
[0.184s] Level 1:colcon.colcon_core.package_identification:_identify(install) ignored
[0.184s] Level 1:colcon.colcon_core.package_identification:_identify(log) by extensions ['ignore', 'ignore_ament_install']
[0.185s] Level 1:colcon.colcon_core.package_identification:_identify(log) by extension 'ignore'
[0.185s] Level 1:colcon.colcon_core.package_identification:_identify(log) ignored
[0.185s] Level 1:colcon.colcon_core.package_identification:_identify(src) by extensions ['ignore', 'ignore_ament_install']
[0.185s] Level 1:colcon.colcon_core.package_identification:_identify(src) by extension 'ignore'
[0.185s] Level 1:colcon.colcon_core.package_identification:_identify(src) by extension 'ignore_ament_install'
[0.185s] Level 1:colcon.colcon_core.package_identification:_identify(src) by extensions ['colcon_pkg']
[0.185s] Level 1:colcon.colcon_core.package_identification:_identify(src) by extension 'colcon_pkg'
[0.185s] Level 1:colcon.colcon_core.package_identification:_identify(src) by extensions ['colcon_meta']
[0.185s] Level 1:colcon.colcon_core.package_identification:_identify(src) by extension 'colcon_meta'
[0.185s] Level 1:colcon.colcon_core.package_identification:_identify(src) by extensions ['ros']
[0.185s] Level 1:colcon.colcon_core.package_identification:_identify(src) by extension 'ros'
[0.185s] Level 1:colcon.colcon_core.package_identification:_identify(src) by extensions ['cmake', 'python']
[0.185s] Level 1:colcon.colcon_core.package_identification:_identify(src) by extension 'cmake'
[0.185s] Level 1:colcon.colcon_core.package_identification:_identify(src) by extension 'python'
[0.185s] Level 1:colcon.colcon_core.package_identification:_identify(src) by extensions ['python_setup_py']
[0.185s] Level 1:colcon.colcon_core.package_identification:_identify(src) by extension 'python_setup_py'
[0.185s] Level 1:colcon.colcon_core.package_identification:_identify(src/micro_ros_setup) by extensions ['ignore', 'ignore_ament_install']
[0.185s] Level 1:colcon.colcon_core.package_identification:_identify(src/micro_ros_setup) by extension 'ignore'
[0.185s] Level 1:colcon.colcon_core.package_identification:_identify(src/micro_ros_setup) by extension 'ignore_ament_install'
[0.185s] Level 1:colcon.colcon_core.package_identification:_identify(src/micro_ros_setup) by extensions ['colcon_pkg']
[0.185s] Level 1:colcon.colcon_core.package_identification:_identify(src/micro_ros_setup) by extension 'colcon_pkg'
[0.185s] Level 1:colcon.colcon_core.package_identification:_identify(src/micro_ros_setup) by extensions ['colcon_meta']
[0.185s] Level 1:colcon.colcon_core.package_identification:_identify(src/micro_ros_setup) by extension 'colcon_meta'
[0.185s] Level 1:colcon.colcon_core.package_identification:_identify(src/micro_ros_setup) by extensions ['ros']
[0.185s] Level 1:colcon.colcon_core.package_identification:_identify(src/micro_ros_setup) by extension 'ros'
[0.186s] DEBUG:colcon.colcon_core.package_identification:Package 'src/micro_ros_setup' with type 'ros.ament_cmake' and name 'micro_ros_setup'
[0.186s] Level 1:colcon.colcon_core.package_identification:_identify(src/rmw-microxrcedds) by extensions ['ignore', 'ignore_ament_install']
[0.186s] Level 1:colcon.colcon_core.package_identification:_identify(src/rmw-microxrcedds) by extension 'ignore'
[0.186s] Level 1:colcon.colcon_core.package_identification:_identify(src/rmw-microxrcedds) by extension 'ignore_ament_install'
[0.187s] Level 1:colcon.colcon_core.package_identification:_identify(src/rmw-microxrcedds) by extensions ['colcon_pkg']
[0.187s] Level 1:colcon.colcon_core.package_identification:_identify(src/rmw-microxrcedds) by extension 'colcon_pkg'
[0.187s] Level 1:colcon.colcon_core.package_identification:_identify(src/rmw-microxrcedds) by extensions ['colcon_meta']
[0.187s] Level 1:colcon.colcon_core.package_identification:_identify(src/rmw-microxrcedds) by extension 'colcon_meta'
[0.187s] Level 1:colcon.colcon_core.package_identification:_identify(src/rmw-microxrcedds) by extensions ['ros']
[0.187s] Level 1:colcon.colcon_core.package_identification:_identify(src/rmw-microxrcedds) by extension 'ros'
[0.187s] Level 1:colcon.colcon_core.package_identification:_identify(src/rmw-microxrcedds) by extensions ['cmake', 'python']
[0.187s] Level 1:colcon.colcon_core.package_identification:_identify(src/rmw-microxrcedds) by extension 'cmake'
[0.187s] Level 1:colcon.colcon_core.package_identification:_identify(src/rmw-microxrcedds) by extension 'python'
[0.187s] Level 1:colcon.colcon_core.package_identification:_identify(src/rmw-microxrcedds) by extensions ['python_setup_py']
[0.187s] Level 1:colcon.colcon_core.package_identification:_identify(src/rmw-microxrcedds) by extension 'python_setup_py'
[0.187s] Level 1:colcon.colcon_core.package_identification:_identify(src/rmw-microxrcedds/rmw_microxrcedds_c) by extensions ['ignore', 'ignore_ament_install']
[0.187s] Level 1:colcon.colcon_core.package_identification:_identify(src/rmw-microxrcedds/rmw_microxrcedds_c) by extension 'ignore'
[0.187s] Level 1:colcon.colcon_core.package_identification:_identify(src/rmw-microxrcedds/rmw_microxrcedds_c) by extension 'ignore_ament_install'
[0.187s] Level 1:colcon.colcon_core.package_identification:_identify(src/rmw-microxrcedds/rmw_microxrcedds_c) by extensions ['colcon_pkg']
[0.187s] Level 1:colcon.colcon_core.package_identification:_identify(src/rmw-microxrcedds/rmw_microxrcedds_c) by extension 'colcon_pkg'
[0.187s] Level 1:colcon.colcon_core.package_identification:_identify(src/rmw-microxrcedds/rmw_microxrcedds_c) by extensions ['colcon_meta']
[0.187s] Level 1:colcon.colcon_core.package_identification:_identify(src/rmw-microxrcedds/rmw_microxrcedds_c) by extension 'colcon_meta'
[0.187s] Level 1:colcon.colcon_core.package_identification:_identify(src/rmw-microxrcedds/rmw_microxrcedds_c) by extensions ['ros']
[0.187s] Level 1:colcon.colcon_core.package_identification:_identify(src/rmw-microxrcedds/rmw_microxrcedds_c) by extension 'ros'
[0.188s] DEBUG:colcon.colcon_core.package_identification:Package 'src/rmw-microxrcedds/rmw_microxrcedds_c' with type 'ros.ament_cmake' and name 'rmw_microxrcedds'
[0.188s] Level 1:colcon.colcon_core.package_identification:_identify(src/uros) by extensions ['ignore', 'ignore_ament_install']
[0.188s] Level 1:colcon.colcon_core.package_identification:_identify(src/uros) by extension 'ignore'
[0.188s] Level 1:colcon.colcon_core.package_identification:_identify(src/uros) by extension 'ignore_ament_install'
[0.188s] Level 1:colcon.colcon_core.package_identification:_identify(src/uros) by extensions ['colcon_pkg']
[0.188s] Level 1:colcon.colcon_core.package_identification:_identify(src/uros) by extension 'colcon_pkg'
[0.188s] Level 1:colcon.colcon_core.package_identification:_identify(src/uros) by extensions ['colcon_meta']
[0.188s] Level 1:colcon.colcon_core.package_identification:_identify(src/uros) by extension 'colcon_meta'
[0.188s] Level 1:colcon.colcon_core.package_identification:_identify(src/uros) by extensions ['ros']
[0.188s] Level 1:colcon.colcon_core.package_identification:_identify(src/uros) by extension 'ros'
[0.188s] Level 1:colcon.colcon_core.package_identification:_identify(src/uros) by extensions ['cmake', 'python']
[0.188s] Level 1:colcon.colcon_core.package_identification:_identify(src/uros) by extension 'cmake'
[0.188s] Level 1:colcon.colcon_core.package_identification:_identify(src/uros) by extension 'python'
[0.188s] Level 1:colcon.colcon_core.package_identification:_identify(src/uros) by extensions ['python_setup_py']
[0.188s] Level 1:colcon.colcon_core.package_identification:_identify(src/uros) by extension 'python_setup_py'
[0.188s] Level 1:colcon.colcon_core.package_identification:_identify(src/uros/micro-ROS-Agent) by extensions ['ignore', 'ignore_ament_install']
[0.188s] Level 1:colcon.colcon_core.package_identification:_identify(src/uros/micro-ROS-Agent) by extension 'ignore'
[0.188s] Level 1:colcon.colcon_core.package_identification:_identify(src/uros/micro-ROS-Agent) by extension 'ignore_ament_install'
[0.188s] Level 1:colcon.colcon_core.package_identification:_identify(src/uros/micro-ROS-Agent) by extensions ['colcon_pkg']
[0.188s] Level 1:colcon.colcon_core.package_identification:_identify(src/uros/micro-ROS-Agent) by extension 'colcon_pkg'
[0.188s] Level 1:colcon.colcon_core.package_identification:_identify(src/uros/micro-ROS-Agent) by extensions ['colcon_meta']
[0.188s] Level 1:colcon.colcon_core.package_identification:_identify(src/uros/micro-ROS-Agent) by extension 'colcon_meta'
[0.188s] Level 1:colcon.colcon_core.package_identification:_identify(src/uros/micro-ROS-Agent) by extensions ['ros']
[0.188s] Level 1:colcon.colcon_core.package_identification:_identify(src/uros/micro-ROS-Agent) by extension 'ros'
[0.188s] Level 1:colcon.colcon_core.package_identification:_identify(src/uros/micro-ROS-Agent) by extensions ['cmake', 'python']
[0.188s] Level 1:colcon.colcon_core.package_identification:_identify(src/uros/micro-ROS-Agent) by extension 'cmake'
[0.188s] Level 1:colcon.colcon_core.package_identification:_identify(src/uros/micro-ROS-Agent) by extension 'python'
[0.188s] Level 1:colcon.colcon_core.package_identification:_identify(src/uros/micro-ROS-Agent) by extensions ['python_setup_py']
[0.188s] Level 1:colcon.colcon_core.package_identification:_identify(src/uros/micro-ROS-Agent) by extension 'python_setup_py'
[0.188s] Level 1:colcon.colcon_core.package_identification:_identify(src/uros/micro-ROS-Agent/micro_ros_agent) by extensions ['ignore', 'ignore_ament_install']
[0.188s] Level 1:colcon.colcon_core.package_identification:_identify(src/uros/micro-ROS-Agent/micro_ros_agent) by extension 'ignore'
[0.188s] Level 1:colcon.colcon_core.package_identification:_identify(src/uros/micro-ROS-Agent/micro_ros_agent) by extension 'ignore_ament_install'
[0.188s] Level 1:colcon.colcon_core.package_identification:_identify(src/uros/micro-ROS-Agent/micro_ros_agent) by extensions ['colcon_pkg']
[0.188s] Level 1:colcon.colcon_core.package_identification:_identify(src/uros/micro-ROS-Agent/micro_ros_agent) by extension 'colcon_pkg'
[0.188s] Level 1:colcon.colcon_core.package_identification:_identify(src/uros/micro-ROS-Agent/micro_ros_agent) by extensions ['colcon_meta']
[0.188s] Level 1:colcon.colcon_core.package_identification:_identify(src/uros/micro-ROS-Agent/micro_ros_agent) by extension 'colcon_meta'
[0.188s] Level 1:colcon.colcon_core.package_identification:_identify(src/uros/micro-ROS-Agent/micro_ros_agent) by extensions ['ros']
[0.188s] Level 1:colcon.colcon_core.package_identification:_identify(src/uros/micro-ROS-Agent/micro_ros_agent) by extension 'ros'
[0.189s] DEBUG:colcon.colcon_core.package_identification:Package 'src/uros/micro-ROS-Agent/micro_ros_agent' with type 'ros.ament_cmake' and name 'micro_ros_agent'
[0.189s] Level 1:colcon.colcon_core.package_identification:_identify(src/uros/micro-ROS-Agent/snap) by extensions ['ignore', 'ignore_ament_install']
[0.189s] Level 1:colcon.colcon_core.package_identification:_identify(src/uros/micro-ROS-Agent/snap) by extension 'ignore'
[0.189s] Level 1:colcon.colcon_core.package_identification:_identify(src/uros/micro-ROS-Agent/snap) by extension 'ignore_ament_install'
[0.189s] Level 1:colcon.colcon_core.package_identification:_identify(src/uros/micro-ROS-Agent/snap) by extensions ['colcon_pkg']
[0.189s] Level 1:colcon.colcon_core.package_identification:_identify(src/uros/micro-ROS-Agent/snap) by extension 'colcon_pkg'
[0.189s] Level 1:colcon.colcon_core.package_identification:_identify(src/uros/micro-ROS-Agent/snap) by extensions ['colcon_meta']
[0.189s] Level 1:colcon.colcon_core.package_identification:_identify(src/uros/micro-ROS-Agent/snap) by extension 'colcon_meta'
[0.189s] Level 1:colcon.colcon_core.package_identification:_identify(src/uros/micro-ROS-Agent/snap) by extensions ['ros']
[0.189s] Level 1:colcon.colcon_core.package_identification:_identify(src/uros/micro-ROS-Agent/snap) by extension 'ros'
[0.189s] Level 1:colcon.colcon_core.package_identification:_identify(src/uros/micro-ROS-Agent/snap) by extensions ['cmake', 'python']
[0.189s] Level 1:colcon.colcon_core.package_identification:_identify(src/uros/micro-ROS-Agent/snap) by extension 'cmake'
[0.189s] Level 1:colcon.colcon_core.package_identification:_identify(src/uros/micro-ROS-Agent/snap) by extension 'python'
[0.189s] Level 1:colcon.colcon_core.package_identification:_identify(src/uros/micro-ROS-Agent/snap) by extensions ['python_setup_py']
[0.189s] Level 1:colcon.colcon_core.package_identification:_identify(src/uros/micro-ROS-Agent/snap) by extension 'python_setup_py'
[0.189s] Level 1:colcon.colcon_core.package_identification:_identify(src/uros/micro-ROS-Agent/snap/hooks) by extensions ['ignore', 'ignore_ament_install']
[0.189s] Level 1:colcon.colcon_core.package_identification:_identify(src/uros/micro-ROS-Agent/snap/hooks) by extension 'ignore'
[0.189s] Level 1:colcon.colcon_core.package_identification:_identify(src/uros/micro-ROS-Agent/snap/hooks) by extension 'ignore_ament_install'
[0.189s] Level 1:colcon.colcon_core.package_identification:_identify(src/uros/micro-ROS-Agent/snap/hooks) by extensions ['colcon_pkg']
[0.189s] Level 1:colcon.colcon_core.package_identification:_identify(src/uros/micro-ROS-Agent/snap/hooks) by extension 'colcon_pkg'
[0.189s] Level 1:colcon.colcon_core.package_identification:_identify(src/uros/micro-ROS-Agent/snap/hooks) by extensions ['colcon_meta']
[0.189s] Level 1:colcon.colcon_core.package_identification:_identify(src/uros/micro-ROS-Agent/snap/hooks) by extension 'colcon_meta'
[0.189s] Level 1:colcon.colcon_core.package_identification:_identify(src/uros/micro-ROS-Agent/snap/hooks) by extensions ['ros']
[0.189s] Level 1:colcon.colcon_core.package_identification:_identify(src/uros/micro-ROS-Agent/snap/hooks) by extension 'ros'
[0.189s] Level 1:colcon.colcon_core.package_identification:_identify(src/uros/micro-ROS-Agent/snap/hooks) by extensions ['cmake', 'python']
[0.189s] Level 1:colcon.colcon_core.package_identification:_identify(src/uros/micro-ROS-Agent/snap/hooks) by extension 'cmake'
[0.189s] Level 1:colcon.colcon_core.package_identification:_identify(src/uros/micro-ROS-Agent/snap/hooks) by extension 'python'
[0.189s] Level 1:colcon.colcon_core.package_identification:_identify(src/uros/micro-ROS-Agent/snap/hooks) by extensions ['python_setup_py']
[0.189s] Level 1:colcon.colcon_core.package_identification:_identify(src/uros/micro-ROS-Agent/snap/hooks) by extension 'python_setup_py'
[0.190s] Level 1:colcon.colcon_core.package_identification:_identify(src/uros/micro-ROS-Agent/snap/local) by extensions ['ignore', 'ignore_ament_install']
[0.190s] Level 1:colcon.colcon_core.package_identification:_identify(src/uros/micro-ROS-Agent/snap/local) by extension 'ignore'
[0.190s] Level 1:colcon.colcon_core.package_identification:_identify(src/uros/micro-ROS-Agent/snap/local) by extension 'ignore_ament_install'
[0.190s] Level 1:colcon.colcon_core.package_identification:_identify(src/uros/micro-ROS-Agent/snap/local) by extensions ['colcon_pkg']
[0.190s] Level 1:colcon.colcon_core.package_identification:_identify(src/uros/micro-ROS-Agent/snap/local) by extension 'colcon_pkg'
[0.190s] Level 1:colcon.colcon_core.package_identification:_identify(src/uros/micro-ROS-Agent/snap/local) by extensions ['colcon_meta']
[0.190s] Level 1:colcon.colcon_core.package_identification:_identify(src/uros/micro-ROS-Agent/snap/local) by extension 'colcon_meta'
[0.190s] Level 1:colcon.colcon_core.package_identification:_identify(src/uros/micro-ROS-Agent/snap/local) by extensions ['ros']
[0.190s] Level 1:colcon.colcon_core.package_identification:_identify(src/uros/micro-ROS-Agent/snap/local) by extension 'ros'
[0.190s] Level 1:colcon.colcon_core.package_identification:_identify(src/uros/micro-ROS-Agent/snap/local) by extensions ['cmake', 'python']
[0.190s] Level 1:colcon.colcon_core.package_identification:_identify(src/uros/micro-ROS-Agent/snap/local) by extension 'cmake'
[0.190s] Level 1:colcon.colcon_core.package_identification:_identify(src/uros/micro-ROS-Agent/snap/local) by extension 'python'
[0.190s] Level 1:colcon.colcon_core.package_identification:_identify(src/uros/micro-ROS-Agent/snap/local) by extensions ['python_setup_py']
[0.190s] Level 1:colcon.colcon_core.package_identification:_identify(src/uros/micro-ROS-Agent/snap/local) by extension 'python_setup_py'
[0.190s] Level 1:colcon.colcon_core.package_identification:_identify(src/uros/micro_ros_msgs) by extensions ['ignore', 'ignore_ament_install']
[0.190s] Level 1:colcon.colcon_core.package_identification:_identify(src/uros/micro_ros_msgs) by extension 'ignore'
[0.190s] Level 1:colcon.colcon_core.package_identification:_identify(src/uros/micro_ros_msgs) by extension 'ignore_ament_install'
[0.190s] Level 1:colcon.colcon_core.package_identification:_identify(src/uros/micro_ros_msgs) by extensions ['colcon_pkg']
[0.190s] Level 1:colcon.colcon_core.package_identification:_identify(src/uros/micro_ros_msgs) by extension 'colcon_pkg'
[0.190s] Level 1:colcon.colcon_core.package_identification:_identify(src/uros/micro_ros_msgs) by extensions ['colcon_meta']
[0.190s] Level 1:colcon.colcon_core.package_identification:_identify(src/uros/micro_ros_msgs) by extension 'colcon_meta'
[0.190s] Level 1:colcon.colcon_core.package_identification:_identify(src/uros/micro_ros_msgs) by extensions ['ros']
[0.190s] Level 1:colcon.colcon_core.package_identification:_identify(src/uros/micro_ros_msgs) by extension 'ros'
[0.190s] DEBUG:colcon.colcon_core.package_identification:Package 'src/uros/micro_ros_msgs' with type 'ros.ament_cmake' and name 'micro_ros_msgs'
[0.190s] Level 1:colcon.colcon_core.package_discovery:discover_packages(recursive) using defaults
[0.190s] Level 1:colcon.colcon_core.package_discovery:discover_packages(ignore) discover
[0.190s] Level 1:colcon.colcon_core.package_discovery:discover_packages(ignore) using defaults
[0.190s] Level 1:colcon.colcon_core.package_discovery:discover_packages(path) discover
[0.190s] Level 1:colcon.colcon_core.package_discovery:discover_packages(path) using defaults
[0.206s] Level 1:colcon.colcon_core.package_discovery:discover_packages(prefix_path) check parameters
[0.206s] Level 1:colcon.colcon_core.package_discovery:discover_packages(prefix_path) discover
[0.207s] DEBUG:colcon.colcon_installed_package_information.package_discovery:Found 4 installed packages in /home/lattapol/microros_ws/install
[0.207s] DEBUG:colcon.colcon_installed_package_information.package_discovery:Found 296 installed packages in /opt/ros/humble
[0.208s] Level 1:colcon.colcon_core.package_discovery:discover_packages(prefix_path) using defaults
[0.230s] Level 5:colcon.colcon_core.verb:set package 'micro_ros_msgs' build argument 'cmake_args' from command line to 'None'
[0.230s] Level 5:colcon.colcon_core.verb:set package 'micro_ros_msgs' build argument 'cmake_target' from command line to 'None'
[0.230s] Level 5:colcon.colcon_core.verb:set package 'micro_ros_msgs' build argument 'cmake_target_skip_unavailable' from command line to 'False'
[0.230s] Level 5:colcon.colcon_core.verb:set package 'micro_ros_msgs' build argument 'cmake_clean_cache' from command line to 'False'
[0.230s] Level 5:colcon.colcon_core.verb:set package 'micro_ros_msgs' build argument 'cmake_clean_first' from command line to 'False'
[0.230s] Level 5:colcon.colcon_core.verb:set package 'micro_ros_msgs' build argument 'cmake_force_configure' from command line to 'False'
[0.230s] Level 5:colcon.colcon_core.verb:set package 'micro_ros_msgs' build argument 'ament_cmake_args' from command line to 'None'
[0.230s] Level 5:colcon.colcon_core.verb:set package 'micro_ros_msgs' build argument 'catkin_cmake_args' from command line to 'None'
[0.230s] Level 5:colcon.colcon_core.verb:set package 'micro_ros_msgs' build argument 'catkin_skip_building_tests' from command line to 'False'
[0.230s] DEBUG:colcon.colcon_core.verb:Building package 'micro_ros_msgs' with the following arguments: {'ament_cmake_args': None, 'build_base': '/home/lattapol/microros_ws/build/micro_ros_msgs', 'catkin_cmake_args': None, 'catkin_skip_building_tests': False, 'cmake_args': None, 'cmake_clean_cache': False, 'cmake_clean_first': False, 'cmake_force_configure': False, 'cmake_target': None, 'cmake_target_skip_unavailable': False, 'install_base': '/home/lattapol/microros_ws/install/micro_ros_msgs', 'merge_install': False, 'path': '/home/lattapol/microros_ws/src/uros/micro_ros_msgs', 'symlink_install': False, 'test_result_base': None}
[0.231s] Level 5:colcon.colcon_core.verb:set package 'micro_ros_setup' build argument 'cmake_args' from command line to 'None'
[0.231s] Level 5:colcon.colcon_core.verb:set package 'micro_ros_setup' build argument 'cmake_target' from command line to 'None'
[0.231s] Level 5:colcon.colcon_core.verb:set package 'micro_ros_setup' build argument 'cmake_target_skip_unavailable' from command line to 'False'
[0.231s] Level 5:colcon.colcon_core.verb:set package 'micro_ros_setup' build argument 'cmake_clean_cache' from command line to 'False'
[0.231s] Level 5:colcon.colcon_core.verb:set package 'micro_ros_setup' build argument 'cmake_clean_first' from command line to 'False'
[0.231s] Level 5:colcon.colcon_core.verb:set package 'micro_ros_setup' build argument 'cmake_force_configure' from command line to 'False'
[0.231s] Level 5:colcon.colcon_core.verb:set package 'micro_ros_setup' build argument 'ament_cmake_args' from command line to 'None'
[0.231s] Level 5:colcon.colcon_core.verb:set package 'micro_ros_setup' build argument 'catkin_cmake_args' from command line to 'None'
[0.231s] Level 5:colcon.colcon_core.verb:set package 'micro_ros_setup' build argument 'catkin_skip_building_tests' from command line to 'False'
[0.231s] DEBUG:colcon.colcon_core.verb:Building package 'micro_ros_setup' with the following arguments: {'ament_cmake_args': None, 'build_base': '/home/lattapol/microros_ws/build/micro_ros_setup', 'catkin_cmake_args': None, 'catkin_skip_building_tests': False, 'cmake_args': None, 'cmake_clean_cache': False, 'cmake_clean_first': False, 'cmake_force_configure': False, 'cmake_target': None, 'cmake_target_skip_unavailable': False, 'install_base': '/home/lattapol/microros_ws/install/micro_ros_setup', 'merge_install': False, 'path': '/home/lattapol/microros_ws/src/micro_ros_setup', 'symlink_install': False, 'test_result_base': None}
[0.231s] Level 5:colcon.colcon_core.verb:set package 'micro_ros_agent' build argument 'cmake_args' from command line to 'None'
[0.231s] Level 5:colcon.colcon_core.verb:set package 'micro_ros_agent' build argument 'cmake_target' from command line to 'None'
[0.231s] Level 5:colcon.colcon_core.verb:set package 'micro_ros_agent' build argument 'cmake_target_skip_unavailable' from command line to 'False'
[0.231s] Level 5:colcon.colcon_core.verb:set package 'micro_ros_agent' build argument 'cmake_clean_cache' from command line to 'False'
[0.231s] Level 5:colcon.colcon_core.verb:set package 'micro_ros_agent' build argument 'cmake_clean_first' from command line to 'False'
[0.231s] Level 5:colcon.colcon_core.verb:set package 'micro_ros_agent' build argument 'cmake_force_configure' from command line to 'False'
[0.231s] Level 5:colcon.colcon_core.verb:set package 'micro_ros_agent' build argument 'ament_cmake_args' from command line to 'None'
[0.231s] Level 5:colcon.colcon_core.verb:set package 'micro_ros_agent' build argument 'catkin_cmake_args' from command line to 'None'
[0.231s] Level 5:colcon.colcon_core.verb:set package 'micro_ros_agent' build argument 'catkin_skip_building_tests' from command line to 'False'
[0.231s] DEBUG:colcon.colcon_core.verb:Building package 'micro_ros_agent' with the following arguments: {'ament_cmake_args': None, 'build_base': '/home/lattapol/microros_ws/build/micro_ros_agent', 'catkin_cmake_args': None, 'catkin_skip_building_tests': False, 'cmake_args': None, 'cmake_clean_cache': False, 'cmake_clean_first': False, 'cmake_force_configure': False, 'cmake_target': None, 'cmake_target_skip_unavailable': False, 'install_base': '/home/lattapol/microros_ws/install/micro_ros_agent', 'merge_install': False, 'path': '/home/lattapol/microros_ws/src/uros/micro-ROS-Agent/micro_ros_agent', 'symlink_install': False, 'test_result_base': None}
[0.231s] Level 5:colcon.colcon_core.verb:set package 'rmw_microxrcedds' build argument 'cmake_args' from command line to 'None'
[0.231s] Level 5:colcon.colcon_core.verb:set package 'rmw_microxrcedds' build argument 'cmake_target' from command line to 'None'
[0.231s] Level 5:colcon.colcon_core.verb:set package 'rmw_microxrcedds' build argument 'cmake_target_skip_unavailable' from command line to 'False'
[0.231s] Level 5:colcon.colcon_core.verb:set package 'rmw_microxrcedds' build argument 'cmake_clean_cache' from command line to 'False'
[0.231s] Level 5:colcon.colcon_core.verb:set package 'rmw_microxrcedds' build argument 'cmake_clean_first' from command line to 'False'
[0.231s] Level 5:colcon.colcon_core.verb:set package 'rmw_microxrcedds' build argument 'cmake_force_configure' from command line to 'False'
[0.231s] Level 5:colcon.colcon_core.verb:set package 'rmw_microxrcedds' build argument 'ament_cmake_args' from command line to 'None'
[0.231s] Level 5:colcon.colcon_core.verb:set package 'rmw_microxrcedds' build argument 'catkin_cmake_args' from command line to 'None'
[0.231s] Level 5:colcon.colcon_core.verb:set package 'rmw_microxrcedds' build argument 'catkin_skip_building_tests' from command line to 'False'
[0.231s] DEBUG:colcon.colcon_core.verb:Building package 'rmw_microxrcedds' with the following arguments: {'ament_cmake_args': None, 'build_base': '/home/lattapol/microros_ws/build/rmw_microxrcedds', 'catkin_cmake_args': None, 'catkin_skip_building_tests': False, 'cmake_args': None, 'cmake_clean_cache': False, 'cmake_clean_first': False, 'cmake_force_configure': False, 'cmake_target': None, 'cmake_target_skip_unavailable': False, 'install_base': '/home/lattapol/microros_ws/install/rmw_microxrcedds', 'merge_install': False, 'path': '/home/lattapol/microros_ws/src/rmw-microxrcedds/rmw_microxrcedds_c', 'symlink_install': False, 'test_result_base': None}
[0.231s] INFO:colcon.colcon_core.executor:Executing jobs using 'parallel' executor
[0.232s] DEBUG:colcon.colcon_parallel_executor.executor.parallel:run_until_complete
[0.232s] INFO:colcon.colcon_ros.task.ament_cmake.build:Building ROS package in '/home/lattapol/microros_ws/src/uros/micro_ros_msgs' with build type 'ament_cmake'
[0.232s] INFO:colcon.colcon_cmake.task.cmake.build:Building CMake package in '/home/lattapol/microros_ws/src/uros/micro_ros_msgs'
[0.234s] INFO:colcon.colcon_core.plugin_system:Skipping extension 'colcon_core.shell.bat': Not used on non-Windows systems
[0.235s] INFO:colcon.colcon_core.shell:Skip shell extension 'powershell' for command environment: Not usable outside of PowerShell
[0.235s] DEBUG:colcon.colcon_core.shell:Skip shell extension 'dsv' for command environment
[0.238s] INFO:colcon.colcon_ros.task.ament_cmake.build:Building ROS package in '/home/lattapol/microros_ws/src/micro_ros_setup' with build type 'ament_cmake'
[0.238s] INFO:colcon.colcon_cmake.task.cmake.build:Building CMake package in '/home/lattapol/microros_ws/src/micro_ros_setup'
[0.238s] INFO:colcon.colcon_core.shell:Skip shell extension 'powershell' for command environment: Not usable outside of PowerShell
[0.238s] DEBUG:colcon.colcon_core.shell:Skip shell extension 'dsv' for command environment
[0.282s] DEBUG:colcon.colcon_core.event_handler.log_command:Invoking command in '/home/lattapol/microros_ws/build/micro_ros_msgs': CMAKE_PREFIX_PATH=${CMAKE_PREFIX_PATH}:/opt/ros/humble /usr/bin/cmake /home/lattapol/microros_ws/src/uros/micro_ros_msgs -DCMAKE_INSTALL_PREFIX=/home/lattapol/microros_ws/install/micro_ros_msgs
[0.284s] DEBUG:colcon.colcon_core.event_handler.log_command:Invoking command in '/home/lattapol/microros_ws/build/micro_ros_setup': CMAKE_PREFIX_PATH=${CMAKE_PREFIX_PATH}:/opt/ros/humble /usr/bin/cmake /home/lattapol/microros_ws/src/micro_ros_setup -DCMAKE_INSTALL_PREFIX=/home/lattapol/microros_ws/install/micro_ros_setup
[0.422s] DEBUG:colcon.colcon_core.event_handler.log_command:Invoked command in '/home/lattapol/microros_ws/build/micro_ros_setup' returned '0': CMAKE_PREFIX_PATH=${CMAKE_PREFIX_PATH}:/opt/ros/humble /usr/bin/cmake /home/lattapol/microros_ws/src/micro_ros_setup -DCMAKE_INSTALL_PREFIX=/home/lattapol/microros_ws/install/micro_ros_setup
[0.424s] DEBUG:colcon.colcon_core.event_handler.log_command:Invoking command in '/home/lattapol/microros_ws/build/micro_ros_setup': CMAKE_PREFIX_PATH=${CMAKE_PREFIX_PATH}:/opt/ros/humble /usr/bin/cmake --build /home/lattapol/microros_ws/build/micro_ros_setup -- -j22 -l22
[0.454s] DEBUG:colcon.colcon_core.event_handler.log_command:Invoked command in '/home/lattapol/microros_ws/build/micro_ros_setup' returned '0': CMAKE_PREFIX_PATH=${CMAKE_PREFIX_PATH}:/opt/ros/humble /usr/bin/cmake --build /home/lattapol/microros_ws/build/micro_ros_setup -- -j22 -l22
[0.461s] DEBUG:colcon.colcon_core.event_handler.log_command:Invoking command in '/home/lattapol/microros_ws/build/micro_ros_setup': CMAKE_PREFIX_PATH=${CMAKE_PREFIX_PATH}:/opt/ros/humble /usr/bin/cmake --install /home/lattapol/microros_ws/build/micro_ros_setup
[0.474s] Level 1:colcon.colcon_core.environment:create_environment_scripts_only(micro_ros_setup)
[0.475s] DEBUG:colcon.colcon_core.event_handler.log_command:Invoked command in '/home/lattapol/microros_ws/build/micro_ros_setup' returned '0': CMAKE_PREFIX_PATH=${CMAKE_PREFIX_PATH}:/opt/ros/humble /usr/bin/cmake --install /home/lattapol/microros_ws/build/micro_ros_setup
[0.477s] Level 1:colcon.colcon_core.environment:checking '/home/lattapol/microros_ws/install/micro_ros_setup' for CMake module files
[0.478s] Level 1:colcon.colcon_core.environment:checking '/home/lattapol/microros_ws/install/micro_ros_setup' for CMake config files
[0.478s] Level 1:colcon.colcon_core.shell:create_environment_hook('micro_ros_setup', 'cmake_prefix_path')
[0.479s] INFO:colcon.colcon_core.shell:Creating environment hook '/home/lattapol/microros_ws/install/micro_ros_setup/share/micro_ros_setup/hook/cmake_prefix_path.ps1'
[0.480s] INFO:colcon.colcon_core.shell:Creating environment descriptor '/home/lattapol/microros_ws/install/micro_ros_setup/share/micro_ros_setup/hook/cmake_prefix_path.dsv'
[0.480s] INFO:colcon.colcon_core.shell:Creating environment hook '/home/lattapol/microros_ws/install/micro_ros_setup/share/micro_ros_setup/hook/cmake_prefix_path.sh'
[0.481s] Level 1:colcon.colcon_core.environment:checking '/home/lattapol/microros_ws/install/micro_ros_setup/lib'
[0.481s] Level 1:colcon.colcon_core.environment:checking '/home/lattapol/microros_ws/install/micro_ros_setup/bin'
[0.481s] Level 1:colcon.colcon_core.environment:checking '/home/lattapol/microros_ws/install/micro_ros_setup/lib/pkgconfig/micro_ros_setup.pc'
[0.482s] Level 1:colcon.colcon_core.environment:checking '/home/lattapol/microros_ws/install/micro_ros_setup/lib/python3.10/site-packages'
[0.482s] Level 1:colcon.colcon_core.environment:checking '/home/lattapol/microros_ws/install/micro_ros_setup/bin'
[0.482s] INFO:colcon.colcon_core.shell:Creating package script '/home/lattapol/microros_ws/install/micro_ros_setup/share/micro_ros_setup/package.ps1'
[0.482s] INFO:colcon.colcon_core.shell:Creating package descriptor '/home/lattapol/microros_ws/install/micro_ros_setup/share/micro_ros_setup/package.dsv'
[0.483s] INFO:colcon.colcon_core.shell:Creating package script '/home/lattapol/microros_ws/install/micro_ros_setup/share/micro_ros_setup/package.sh'
[0.483s] INFO:colcon.colcon_core.shell:Creating package script '/home/lattapol/microros_ws/install/micro_ros_setup/share/micro_ros_setup/package.bash'
[0.484s] INFO:colcon.colcon_core.shell:Creating package script '/home/lattapol/microros_ws/install/micro_ros_setup/share/micro_ros_setup/package.zsh'
[0.484s] Level 1:colcon.colcon_core.environment:create_file_with_runtime_dependencies(/home/lattapol/microros_ws/install/micro_ros_setup/share/colcon-core/packages/micro_ros_setup)
[0.484s] Level 1:colcon.colcon_core.environment:create_environment_scripts_only(micro_ros_setup)
[0.484s] Level 1:colcon.colcon_core.environment:checking '/home/lattapol/microros_ws/install/micro_ros_setup' for CMake module files
[0.485s] Level 1:colcon.colcon_core.environment:checking '/home/lattapol/microros_ws/install/micro_ros_setup' for CMake config files
[0.485s] Level 1:colcon.colcon_core.shell:create_environment_hook('micro_ros_setup', 'cmake_prefix_path')
[0.485s] INFO:colcon.colcon_core.shell:Creating environment hook '/home/lattapol/microros_ws/install/micro_ros_setup/share/micro_ros_setup/hook/cmake_prefix_path.ps1'
[0.485s] INFO:colcon.colcon_core.shell:Creating environment descriptor '/home/lattapol/microros_ws/install/micro_ros_setup/share/micro_ros_setup/hook/cmake_prefix_path.dsv'
[0.485s] INFO:colcon.colcon_core.shell:Creating environment hook '/home/lattapol/microros_ws/install/micro_ros_setup/share/micro_ros_setup/hook/cmake_prefix_path.sh'
[0.486s] Level 1:colcon.colcon_core.environment:checking '/home/lattapol/microros_ws/install/micro_ros_setup/lib'
[0.486s] Level 1:colcon.colcon_core.environment:checking '/home/lattapol/microros_ws/install/micro_ros_setup/bin'
[0.486s] Level 1:colcon.colcon_core.environment:checking '/home/lattapol/microros_ws/install/micro_ros_setup/lib/pkgconfig/micro_ros_setup.pc'
[0.486s] Level 1:colcon.colcon_core.environment:checking '/home/lattapol/microros_ws/install/micro_ros_setup/lib/python3.10/site-packages'
[0.486s] Level 1:colcon.colcon_core.environment:checking '/home/lattapol/microros_ws/install/micro_ros_setup/bin'
[0.486s] INFO:colcon.colcon_core.shell:Creating package script '/home/lattapol/microros_ws/install/micro_ros_setup/share/micro_ros_setup/package.ps1'
[0.486s] INFO:colcon.colcon_core.shell:Creating package descriptor '/home/lattapol/microros_ws/install/micro_ros_setup/share/micro_ros_setup/package.dsv'
[0.487s] INFO:colcon.colcon_core.shell:Creating package script '/home/lattapol/microros_ws/install/micro_ros_setup/share/micro_ros_setup/package.sh'
[0.487s] INFO:colcon.colcon_core.shell:Creating package script '/home/lattapol/microros_ws/install/micro_ros_setup/share/micro_ros_setup/package.bash'
[0.487s] INFO:colcon.colcon_core.shell:Creating package script '/home/lattapol/microros_ws/install/micro_ros_setup/share/micro_ros_setup/package.zsh'
[0.487s] Level 1:colcon.colcon_core.environment:create_file_with_runtime_dependencies(/home/lattapol/microros_ws/install/micro_ros_setup/share/colcon-core/packages/micro_ros_setup)
[0.921s] DEBUG:colcon.colcon_core.event_handler.log_command:Invoked command in '/home/lattapol/microros_ws/build/micro_ros_msgs' returned '0': CMAKE_PREFIX_PATH=${CMAKE_PREFIX_PATH}:/opt/ros/humble /usr/bin/cmake /home/lattapol/microros_ws/src/uros/micro_ros_msgs -DCMAKE_INSTALL_PREFIX=/home/lattapol/microros_ws/install/micro_ros_msgs
[0.922s] DEBUG:colcon.colcon_core.event_handler.log_command:Invoking command in '/home/lattapol/microros_ws/build/micro_ros_msgs': CMAKE_PREFIX_PATH=${CMAKE_PREFIX_PATH}:/opt/ros/humble /usr/bin/cmake --build /home/lattapol/microros_ws/build/micro_ros_msgs -- -j22 -l22
[2.272s] DEBUG:colcon.colcon_core.event_handler.log_command:Invoked command in '/home/lattapol/microros_ws/build/micro_ros_msgs' returned '0': CMAKE_PREFIX_PATH=${CMAKE_PREFIX_PATH}:/opt/ros/humble /usr/bin/cmake --build /home/lattapol/microros_ws/build/micro_ros_msgs -- -j22 -l22
[2.274s] DEBUG:colcon.colcon_core.event_handler.log_command:Invoking command in '/home/lattapol/microros_ws/build/micro_ros_msgs': CMAKE_PREFIX_PATH=${CMAKE_PREFIX_PATH}:/opt/ros/humble /usr/bin/cmake --install /home/lattapol/microros_ws/build/micro_ros_msgs
[2.375s] Level 1:colcon.colcon_core.environment:create_environment_scripts_only(micro_ros_msgs)
[2.376s] Level 1:colcon.colcon_core.environment:checking '/home/lattapol/microros_ws/install/micro_ros_msgs' for CMake module files
[2.376s] DEBUG:colcon.colcon_core.event_handler.log_command:Invoked command in '/home/lattapol/microros_ws/build/micro_ros_msgs' returned '0': CMAKE_PREFIX_PATH=${CMAKE_PREFIX_PATH}:/opt/ros/humble /usr/bin/cmake --install /home/lattapol/microros_ws/build/micro_ros_msgs
[2.377s] Level 1:colcon.colcon_core.environment:checking '/home/lattapol/microros_ws/install/micro_ros_msgs' for CMake config files
[2.378s] Level 1:colcon.colcon_core.shell:create_environment_hook('micro_ros_msgs', 'cmake_prefix_path')
[2.378s] INFO:colcon.colcon_core.shell:Creating environment hook '/home/lattapol/microros_ws/install/micro_ros_msgs/share/micro_ros_msgs/hook/cmake_prefix_path.ps1'
[2.379s] INFO:colcon.colcon_core.shell:Creating environment descriptor '/home/lattapol/microros_ws/install/micro_ros_msgs/share/micro_ros_msgs/hook/cmake_prefix_path.dsv'
[2.379s] INFO:colcon.colcon_core.shell:Creating environment hook '/home/lattapol/microros_ws/install/micro_ros_msgs/share/micro_ros_msgs/hook/cmake_prefix_path.sh'
[2.379s] Level 1:colcon.colcon_core.environment:checking '/home/lattapol/microros_ws/install/micro_ros_msgs/lib'
[2.379s] Level 1:colcon.colcon_core.shell:create_environment_hook('micro_ros_msgs', 'ld_library_path_lib')
[2.380s] INFO:colcon.colcon_core.shell:Creating environment hook '/home/lattapol/microros_ws/install/micro_ros_msgs/share/micro_ros_msgs/hook/ld_library_path_lib.ps1'
[2.380s] INFO:colcon.colcon_core.shell:Creating environment descriptor '/home/lattapol/microros_ws/install/micro_ros_msgs/share/micro_ros_msgs/hook/ld_library_path_lib.dsv'
[2.381s] INFO:colcon.colcon_core.shell:Creating environment hook '/home/lattapol/microros_ws/install/micro_ros_msgs/share/micro_ros_msgs/hook/ld_library_path_lib.sh'
[2.381s] Level 1:colcon.colcon_core.environment:checking '/home/lattapol/microros_ws/install/micro_ros_msgs/bin'
[2.381s] Level 1:colcon.colcon_core.environment:checking '/home/lattapol/microros_ws/install/micro_ros_msgs/lib/pkgconfig/micro_ros_msgs.pc'
[2.382s] Level 1:colcon.colcon_core.environment:checking '/home/lattapol/microros_ws/install/micro_ros_msgs/lib/python3.10/site-packages'
[2.382s] Level 1:colcon.colcon_core.environment:checking '/home/lattapol/microros_ws/install/micro_ros_msgs/bin'
[2.382s] INFO:colcon.colcon_core.shell:Creating package script '/home/lattapol/microros_ws/install/micro_ros_msgs/share/micro_ros_msgs/package.ps1'
[2.382s] INFO:colcon.colcon_core.shell:Creating package descriptor '/home/lattapol/microros_ws/install/micro_ros_msgs/share/micro_ros_msgs/package.dsv'
[2.382s] INFO:colcon.colcon_core.shell:Creating package script '/home/lattapol/microros_ws/install/micro_ros_msgs/share/micro_ros_msgs/package.sh'
[2.383s] INFO:colcon.colcon_core.shell:Creating package script '/home/lattapol/microros_ws/install/micro_ros_msgs/share/micro_ros_msgs/package.bash'
[2.383s] INFO:colcon.colcon_core.shell:Creating package script '/home/lattapol/microros_ws/install/micro_ros_msgs/share/micro_ros_msgs/package.zsh'
[2.383s] Level 1:colcon.colcon_core.environment:create_file_with_runtime_dependencies(/home/lattapol/microros_ws/install/micro_ros_msgs/share/colcon-core/packages/micro_ros_msgs)
[2.383s] Level 1:colcon.colcon_core.environment:create_environment_scripts_only(micro_ros_msgs)
[2.383s] Level 1:colcon.colcon_core.environment:checking '/home/lattapol/microros_ws/install/micro_ros_msgs' for CMake module files
[2.383s] Level 1:colcon.colcon_core.environment:checking '/home/lattapol/microros_ws/install/micro_ros_msgs' for CMake config files
[2.384s] Level 1:colcon.colcon_core.shell:create_environment_hook('micro_ros_msgs', 'cmake_prefix_path')
[2.384s] INFO:colcon.colcon_core.shell:Creating environment hook '/home/lattapol/microros_ws/install/micro_ros_msgs/share/micro_ros_msgs/hook/cmake_prefix_path.ps1'
[2.384s] INFO:colcon.colcon_core.shell:Creating environment descriptor '/home/lattapol/microros_ws/install/micro_ros_msgs/share/micro_ros_msgs/hook/cmake_prefix_path.dsv'
[2.384s] INFO:colcon.colcon_core.shell:Creating environment hook '/home/lattapol/microros_ws/install/micro_ros_msgs/share/micro_ros_msgs/hook/cmake_prefix_path.sh'
[2.384s] Level 1:colcon.colcon_core.environment:checking '/home/lattapol/microros_ws/install/micro_ros_msgs/lib'
[2.384s] Level 1:colcon.colcon_core.shell:create_environment_hook('micro_ros_msgs', 'ld_library_path_lib')
[2.385s] INFO:colcon.colcon_core.shell:Creating environment hook '/home/lattapol/microros_ws/install/micro_ros_msgs/share/micro_ros_msgs/hook/ld_library_path_lib.ps1'
[2.385s] INFO:colcon.colcon_core.shell:Creating environment descriptor '/home/lattapol/microros_ws/install/micro_ros_msgs/share/micro_ros_msgs/hook/ld_library_path_lib.dsv'
[2.385s] INFO:colcon.colcon_core.shell:Creating environment hook '/home/lattapol/microros_ws/install/micro_ros_msgs/share/micro_ros_msgs/hook/ld_library_path_lib.sh'
[2.385s] Level 1:colcon.colcon_core.environment:checking '/home/lattapol/microros_ws/install/micro_ros_msgs/bin'
[2.385s] Level 1:colcon.colcon_core.environment:checking '/home/lattapol/microros_ws/install/micro_ros_msgs/lib/pkgconfig/micro_ros_msgs.pc'
[2.385s] Level 1:colcon.colcon_core.environment:checking '/home/lattapol/microros_ws/install/micro_ros_msgs/lib/python3.10/site-packages'
[2.385s] Level 1:colcon.colcon_core.environment:checking '/home/lattapol/microros_ws/install/micro_ros_msgs/bin'
[2.385s] INFO:colcon.colcon_core.shell:Creating package script '/home/lattapol/microros_ws/install/micro_ros_msgs/share/micro_ros_msgs/package.ps1'
[2.386s] INFO:colcon.colcon_core.shell:Creating package descriptor '/home/lattapol/microros_ws/install/micro_ros_msgs/share/micro_ros_msgs/package.dsv'
[2.386s] INFO:colcon.colcon_core.shell:Creating package script '/home/lattapol/microros_ws/install/micro_ros_msgs/share/micro_ros_msgs/package.sh'
[2.386s] INFO:colcon.colcon_core.shell:Creating package script '/home/lattapol/microros_ws/install/micro_ros_msgs/share/micro_ros_msgs/package.bash'
[2.386s] INFO:colcon.colcon_core.shell:Creating package script '/home/lattapol/microros_ws/install/micro_ros_msgs/share/micro_ros_msgs/package.zsh'
[2.386s] Level 1:colcon.colcon_core.environment:create_file_with_runtime_dependencies(/home/lattapol/microros_ws/install/micro_ros_msgs/share/colcon-core/packages/micro_ros_msgs)
[2.387s] INFO:colcon.colcon_ros.task.ament_cmake.build:Building ROS package in '/home/lattapol/microros_ws/src/uros/micro-ROS-Agent/micro_ros_agent' with build type 'ament_cmake'
[2.387s] INFO:colcon.colcon_cmake.task.cmake.build:Building CMake package in '/home/lattapol/microros_ws/src/uros/micro-ROS-Agent/micro_ros_agent'
[2.387s] INFO:colcon.colcon_core.shell:Skip shell extension 'powershell' for command environment: Not usable outside of PowerShell
[2.387s] DEBUG:colcon.colcon_core.shell:Skip shell extension 'dsv' for command environment
[2.389s] INFO:colcon.colcon_ros.task.ament_cmake.build:Building ROS package in '/home/lattapol/microros_ws/src/rmw-microxrcedds/rmw_microxrcedds_c' with build type 'ament_cmake'
[2.389s] INFO:colcon.colcon_cmake.task.cmake.build:Building CMake package in '/home/lattapol/microros_ws/src/rmw-microxrcedds/rmw_microxrcedds_c'
[2.389s] INFO:colcon.colcon_core.shell:Skip shell extension 'powershell' for command environment: Not usable outside of PowerShell
[2.389s] DEBUG:colcon.colcon_core.shell:Skip shell extension 'dsv' for command environment
[2.396s] DEBUG:colcon.colcon_core.event_handler.log_command:Invoking command in '/home/lattapol/microros_ws/build/micro_ros_agent': CMAKE_PREFIX_PATH=/home/lattapol/microros_ws/install/micro_ros_msgs:/home/lattapol/microros_ws/install/micro_ros_setup:/home/lattapol/microros_ws/install/micro_ros_agent:/opt/ros/humble LD_LIBRARY_PATH=/home/lattapol/microros_ws/install/micro_ros_msgs/lib:/home/lattapol/microros_ws/install/micro_ros_agent/lib:/opt/ros/humble/opt/rviz_ogre_vendor/lib:/opt/ros/humble/lib/x86_64-linux-gnu:/opt/ros/humble/lib /usr/bin/cmake /home/lattapol/microros_ws/src/uros/micro-ROS-Agent/micro_ros_agent -DCMAKE_INSTALL_PREFIX=/home/lattapol/microros_ws/install/micro_ros_agent
[2.398s] DEBUG:colcon.colcon_core.event_handler.log_command:Invoking command in '/home/lattapol/microros_ws/build/rmw_microxrcedds': CMAKE_PREFIX_PATH=/home/lattapol/microros_ws/install/micro_ros_msgs:/home/lattapol/microros_ws/install/micro_ros_setup:/home/lattapol/microros_ws/install/micro_ros_agent:/opt/ros/humble LD_LIBRARY_PATH=/home/lattapol/microros_ws/install/micro_ros_msgs/lib:/home/lattapol/microros_ws/install/micro_ros_agent/lib:/opt/ros/humble/opt/rviz_ogre_vendor/lib:/opt/ros/humble/lib/x86_64-linux-gnu:/opt/ros/humble/lib /usr/bin/cmake /home/lattapol/microros_ws/src/rmw-microxrcedds/rmw_microxrcedds_c -DCMAKE_INSTALL_PREFIX=/home/lattapol/microros_ws/install/rmw_microxrcedds
[2.503s] DEBUG:colcon.colcon_core.event_handler.log_command:Invoked command in '/home/lattapol/microros_ws/build/rmw_microxrcedds' returned '1': CMAKE_PREFIX_PATH=/home/lattapol/microros_ws/install/micro_ros_msgs:/home/lattapol/microros_ws/install/micro_ros_setup:/home/lattapol/microros_ws/install/micro_ros_agent:/opt/ros/humble LD_LIBRARY_PATH=/home/lattapol/microros_ws/install/micro_ros_msgs/lib:/home/lattapol/microros_ws/install/micro_ros_agent/lib:/opt/ros/humble/opt/rviz_ogre_vendor/lib:/opt/ros/humble/lib/x86_64-linux-gnu:/opt/ros/humble/lib /usr/bin/cmake /home/lattapol/microros_ws/src/rmw-microxrcedds/rmw_microxrcedds_c -DCMAKE_INSTALL_PREFIX=/home/lattapol/microros_ws/install/rmw_microxrcedds
[2.514s] Level 1:colcon.colcon_core.environment:create_environment_scripts_only(rmw_microxrcedds)
[2.514s] Level 1:colcon.colcon_core.environment:checking '/home/lattapol/microros_ws/install/rmw_microxrcedds' for CMake module files
[2.514s] Level 1:colcon.colcon_core.environment:checking '/home/lattapol/microros_ws/install/rmw_microxrcedds' for CMake config files
[2.515s] Level 1:colcon.colcon_core.environment:checking '/home/lattapol/microros_ws/install/rmw_microxrcedds/bin'
[2.515s] Level 1:colcon.colcon_core.environment:checking '/home/lattapol/microros_ws/install/rmw_microxrcedds/lib/pkgconfig/rmw_microxrcedds.pc'
[2.515s] Level 1:colcon.colcon_core.environment:checking '/home/lattapol/microros_ws/install/rmw_microxrcedds/lib/python3.10/site-packages'
[2.515s] Level 1:colcon.colcon_core.environment:checking '/home/lattapol/microros_ws/install/rmw_microxrcedds/bin'
[2.516s] INFO:colcon.colcon_core.shell:Creating package script '/home/lattapol/microros_ws/install/rmw_microxrcedds/share/rmw_microxrcedds/package.ps1'
[2.516s] INFO:colcon.colcon_core.shell:Creating package descriptor '/home/lattapol/microros_ws/install/rmw_microxrcedds/share/rmw_microxrcedds/package.dsv'
[2.517s] INFO:colcon.colcon_core.shell:Creating package script '/home/lattapol/microros_ws/install/rmw_microxrcedds/share/rmw_microxrcedds/package.sh'
[2.517s] INFO:colcon.colcon_core.shell:Creating package script '/home/lattapol/microros_ws/install/rmw_microxrcedds/share/rmw_microxrcedds/package.bash'
[2.517s] INFO:colcon.colcon_core.shell:Creating package script '/home/lattapol/microros_ws/install/rmw_microxrcedds/share/rmw_microxrcedds/package.zsh'
[2.517s] Level 1:colcon.colcon_core.environment:create_file_with_runtime_dependencies(/home/lattapol/microros_ws/install/rmw_microxrcedds/share/colcon-core/packages/rmw_microxrcedds)
[2.658s] DEBUG:colcon.colcon_parallel_executor.executor.parallel:closing loop
[2.658s] DEBUG:colcon.colcon_parallel_executor.executor.parallel:loop closed
[2.658s] DEBUG:colcon.colcon_parallel_executor.executor.parallel:run_until_complete finished with '1'
[2.658s] DEBUG:colcon.colcon_core.event_reactor:joining thread
[2.663s] INFO:colcon.colcon_core.plugin_system:Skipping extension 'colcon_notification.desktop_notification.terminal_notifier': Not used on non-Darwin systems
[2.663s] INFO:colcon.colcon_core.plugin_system:Skipping extension 'colcon_notification.desktop_notification.win32': Not used on non-Windows systems
[2.663s] INFO:colcon.colcon_notification.desktop_notification:Sending desktop notification using 'notify2'
[2.677s] DEBUG:colcon.colcon_core.event_reactor:joined thread
[2.677s] INFO:colcon.colcon_core.shell:Creating prefix script '/home/lattapol/microros_ws/install/local_setup.ps1'
[2.678s] INFO:colcon.colcon_core.shell:Creating prefix util module '/home/lattapol/microros_ws/install/_local_setup_util_ps1.py'
[2.680s] INFO:colcon.colcon_core.shell:Creating prefix chain script '/home/lattapol/microros_ws/install/setup.ps1'
[2.680s] INFO:colcon.colcon_core.shell:Creating prefix script '/home/lattapol/microros_ws/install/local_setup.sh'
[2.681s] INFO:colcon.colcon_core.shell:Creating prefix util module '/home/lattapol/microros_ws/install/_local_setup_util_sh.py'
[2.681s] INFO:colcon.colcon_core.shell:Creating prefix chain script '/home/lattapol/microros_ws/install/setup.sh'
[2.682s] INFO:colcon.colcon_core.shell:Creating prefix script '/home/lattapol/microros_ws/install/local_setup.bash'
[2.682s] INFO:colcon.colcon_core.shell:Creating prefix chain script '/home/lattapol/microros_ws/install/setup.bash'
[2.682s] INFO:colcon.colcon_core.shell:Creating prefix script '/home/lattapol/microros_ws/install/local_setup.zsh'
[2.683s] INFO:colcon.colcon_core.shell:Creating prefix chain script '/home/lattapol/microros_ws/install/setup.zsh'
