running egg_info
creating ../../build/microros_launch/microros_launch.egg-info
writing ../../build/microros_launch/microros_launch.egg-info/PKG-INFO
writing dependency_links to ../../build/microros_launch/microros_launch.egg-info/dependency_links.txt
writing entry points to ../../build/microros_launch/microros_launch.egg-info/entry_points.txt
writing requirements to ../../build/microros_launch/microros_launch.egg-info/requires.txt
writing top-level names to ../../build/microros_launch/microros_launch.egg-info/top_level.txt
writing manifest file '../../build/microros_launch/microros_launch.egg-info/SOURCES.txt'
reading manifest file '../../build/microros_launch/microros_launch.egg-info/SOURCES.txt'
writing manifest file '../../build/microros_launch/microros_launch.egg-info/SOURCES.txt'
running build
running build_py
creating /home/lattapol/microros_ws/build/microros_launch/build
creating /home/lattapol/microros_ws/build/microros_launch/build/lib
creating /home/lattapol/microros_ws/build/microros_launch/build/lib/microros_launch
copying microros_launch/__init__.py -> /home/lattapol/microros_ws/build/microros_launch/build/lib/microros_launch
running install
running install_lib
creating /home/lattapol/microros_ws/install/microros_launch/lib/python3.10/site-packages/microros_launch
copying /home/lattapol/microros_ws/build/microros_launch/build/lib/microros_launch/__init__.py -> /home/lattapol/microros_ws/install/microros_launch/lib/python3.10/site-packages/microros_launch
byte-compiling /home/lattapol/microros_ws/install/microros_launch/lib/python3.10/site-packages/microros_launch/__init__.py to __init__.cpython-310.pyc
running install_data
creating /home/lattapol/microros_ws/install/microros_launch/share/ament_index
creating /home/lattapol/microros_ws/install/microros_launch/share/ament_index/resource_index
creating /home/lattapol/microros_ws/install/microros_launch/share/ament_index/resource_index/packages
copying resource/microros_launch -> /home/lattapol/microros_ws/install/microros_launch/share/ament_index/resource_index/packages
copying package.xml -> /home/lattapol/microros_ws/install/microros_launch/share/microros_launch
running install_egg_info
Copying ../../build/microros_launch/microros_launch.egg-info to /home/lattapol/microros_ws/install/microros_launch/lib/python3.10/site-packages/microros_launch-0.0.0-py3.10.egg-info
running install_scripts
writing list of installed files to '/home/lattapol/microros_ws/build/microros_launch/install.log'
