[0.408s] Invoking command in '/home/lattapol/microros_ws/src/microros_launch': PYTHONPATH=/home/lattapol/microros_ws/build/microros_launch/prefix_override:/usr/lib/python3/dist-packages/colcon_core/task/python/colcon_distutils_commands:/home/lattapol/microros_ws/install/microros_launch/lib/python3.10/site-packages:${PYTHONPATH} /usr/bin/python3 -W ignore:setup.py install is deprecated -W ignore:easy_install command is deprecated setup.py egg_info --egg-base ../../build/microros_launch build --build-base /home/lattapol/microros_ws/build/microros_launch/build install --record /home/lattapol/microros_ws/build/microros_launch/install.log --single-version-externally-managed install_data
[0.548s] running egg_info
[0.548s] writing ../../build/microros_launch/microros_launch.egg-info/PKG-INFO
[0.548s] writing dependency_links to ../../build/microros_launch/microros_launch.egg-info/dependency_links.txt
[0.548s] writing entry points to ../../build/microros_launch/microros_launch.egg-info/entry_points.txt
[0.548s] writing requirements to ../../build/microros_launch/microros_launch.egg-info/requires.txt
[0.548s] writing top-level names to ../../build/microros_launch/microros_launch.egg-info/top_level.txt
[0.549s] reading manifest file '../../build/microros_launch/microros_launch.egg-info/SOURCES.txt'
[0.549s] writing manifest file '../../build/microros_launch/microros_launch.egg-info/SOURCES.txt'
[0.549s] running build
[0.550s] running build_py
[0.550s] running install
[0.550s] running install_lib
[0.550s] running install_data
[0.550s] running install_egg_info
[0.551s] removing '/home/lattapol/microros_ws/install/microros_launch/lib/python3.10/site-packages/microros_launch-0.0.0-py3.10.egg-info' (and everything under it)
[0.551s] Copying ../../build/microros_launch/microros_launch.egg-info to /home/lattapol/microros_ws/install/microros_launch/lib/python3.10/site-packages/microros_launch-0.0.0-py3.10.egg-info
[0.551s] running install_scripts
[0.563s] writing list of installed files to '/home/lattapol/microros_ws/build/microros_launch/install.log'
[0.577s] Invoked command in '/home/lattapol/microros_ws/src/microros_launch' returned '0': PYTHONPATH=/home/lattapol/microros_ws/build/microros_launch/prefix_override:/usr/lib/python3/dist-packages/colcon_core/task/python/colcon_distutils_commands:/home/lattapol/microros_ws/install/microros_launch/lib/python3.10/site-packages:${PYTHONPATH} /usr/bin/python3 -W ignore:setup.py install is deprecated -W ignore:easy_install command is deprecated setup.py egg_info --egg-base ../../build/microros_launch build --build-base /home/lattapol/microros_ws/build/microros_launch/build install --record /home/lattapol/microros_ws/build/microros_launch/install.log --single-version-externally-managed install_data
