-- The C compiler identification is GNU 11.4.0
-- Detecting C compiler ABI info
-- Detecting C compiler ABI info - done
-- Check for working C compiler: /usr/bin/cc - skipped
-- Detecting C compile features
-- Detecting C compile features - done
-- Found ament_cmake_ros: 0.10.0 (/opt/ros/humble/share/ament_cmake_ros/cmake)
-- Found Python3: /usr/bin/python3 (found version "3.10.12") found components: Interpreter 
-- Found rcutils: 5.1.6 (/opt/ros/humble/share/rcutils/cmake)
-- Found rosidl_runtime_c: 3.1.6 (/opt/ros/humble/share/rosidl_runtime_c/cmake)
-- Configuring incomplete, errors occurred!
See also "/home/lattapol/microros_ws/build/rmw_microxrcedds/CMakeFiles/CMakeOutput.log".
[31mCMake Error at CMakeLists.txt:30 (find_package):
  By not providing "Findmicroxrcedds_client.cmake" in CMAKE_MODULE_PATH this
  project has asked CMake to find a package configuration file provided by
  "microxrcedds_client", but CMake did not find one.

  Could not find a package configuration file provided by
  "microxrcedds_client" with any of the following names:

    microxrcedds_clientConfig.cmake
    microxrcedds_client-config.cmake

  Add the installation prefix of "microxrcedds_client" to CMAKE_PREFIX_PATH
  or set "microxrcedds_client_DIR" to a directory containing one of the above
  files.  If "microxrcedds_client" provides a separate development package or
  SDK, be sure it has been installed.

[0m
