[0.059s] DEBUG:colcon:Command line arguments: ['/usr/bin/colcon', 'build']
[0.059s] DEBUG:colcon:Parsed command line arguments: Namespace(log_base=None, log_level=None, verb_name='build', build_base='build', install_base='install', merge_install=False, symlink_install=False, test_result_base=None, continue_on_error=False, executor='parallel', parallel_workers=22, event_handlers=None, ignore_user_meta=False, metas=['./colcon.meta'], base_paths=['.'], packages_ignore=None, packages_ignore_regex=None, paths=None, packages_up_to=None, packages_up_to_regex=None, packages_above=None, packages_above_and_dependencies=None, packages_above_depth=None, packages_select_by_dep=None, packages_skip_by_dep=None, packages_skip_up_to=None, packages_select_build_failed=False, packages_skip_build_finished=False, packages_select_test_failures=False, packages_skip_test_passed=False, packages_select=None, packages_skip=None, packages_select_regex=None, packages_skip_regex=None, packages_start=None, packages_end=None, allow_overriding=[], cmake_args=None, cmake_target=None, cmake_target_skip_unavailable=False, cmake_clean_cache=False, cmake_clean_first=False, cmake_force_configure=False, ament_cmake_args=None, catkin_cmake_args=None, catkin_skip_building_tests=False, mixin_files=None, mixin=None, verb_parser=<colcon_mixin.mixin.mixin_argument.MixinArgumentDecorator object at 0x74f5f3c7dcc0>, verb_extension=<colcon_core.verb.build.BuildVerb object at 0x74f5f3d96dd0>, main=<bound method BuildVerb.main of <colcon_core.verb.build.BuildVerb object at 0x74f5f3d96dd0>>, mixin_verb=('build',))
[0.148s] Level 1:colcon.colcon_core.package_discovery:discover_packages(colcon_meta) check parameters
[0.148s] Level 1:colcon.colcon_core.package_discovery:discover_packages(recursive) check parameters
[0.148s] Level 1:colcon.colcon_core.package_discovery:discover_packages(ignore) check parameters
[0.148s] Level 1:colcon.colcon_core.package_discovery:discover_packages(path) check parameters
[0.148s] Level 1:colcon.colcon_core.package_discovery:discover_packages(colcon_meta) discover
[0.148s] Level 1:colcon.colcon_core.package_discovery:discover_packages(recursive) discover
[0.148s] INFO:colcon.colcon_core.package_discovery:Crawling recursively for packages in '/home/lattapol/microros_ws'
[0.148s] Level 1:colcon.colcon_core.package_identification:_identify(.) by extensions ['ignore', 'ignore_ament_install']
[0.148s] Level 1:colcon.colcon_core.package_identification:_identify(.) by extension 'ignore'
[0.148s] Level 1:colcon.colcon_core.package_identification:_identify(.) by extension 'ignore_ament_install'
[0.148s] Level 1:colcon.colcon_core.package_identification:_identify(.) by extensions ['colcon_pkg']
[0.148s] Level 1:colcon.colcon_core.package_identification:_identify(.) by extension 'colcon_pkg'
[0.148s] Level 1:colcon.colcon_core.package_identification:_identify(.) by extensions ['colcon_meta']
[0.148s] Level 1:colcon.colcon_core.package_identification:_identify(.) by extension 'colcon_meta'
[0.148s] Level 1:colcon.colcon_core.package_identification:_identify(.) by extensions ['ros']
[0.148s] Level 1:colcon.colcon_core.package_identification:_identify(.) by extension 'ros'
[0.154s] Level 1:colcon.colcon_core.package_identification:_identify(.) by extensions ['cmake', 'python']
[0.154s] Level 1:colcon.colcon_core.package_identification:_identify(.) by extension 'cmake'
[0.154s] Level 1:colcon.colcon_core.package_identification:_identify(.) by extension 'python'
[0.154s] Level 1:colcon.colcon_core.package_identification:_identify(.) by extensions ['python_setup_py']
[0.154s] Level 1:colcon.colcon_core.package_identification:_identify(.) by extension 'python_setup_py'
[0.154s] Level 1:colcon.colcon_core.package_identification:_identify(build) by extensions ['ignore', 'ignore_ament_install']
[0.154s] Level 1:colcon.colcon_core.package_identification:_identify(build) by extension 'ignore'
[0.154s] Level 1:colcon.colcon_core.package_identification:_identify(build) ignored
[0.154s] Level 1:colcon.colcon_core.package_identification:_identify(install) by extensions ['ignore', 'ignore_ament_install']
[0.154s] Level 1:colcon.colcon_core.package_identification:_identify(install) by extension 'ignore'
[0.154s] Level 1:colcon.colcon_core.package_identification:_identify(install) ignored
[0.154s] Level 1:colcon.colcon_core.package_identification:_identify(log) by extensions ['ignore', 'ignore_ament_install']
[0.154s] Level 1:colcon.colcon_core.package_identification:_identify(log) by extension 'ignore'
[0.154s] Level 1:colcon.colcon_core.package_identification:_identify(log) ignored
[0.154s] Level 1:colcon.colcon_core.package_identification:_identify(src) by extensions ['ignore', 'ignore_ament_install']
[0.154s] Level 1:colcon.colcon_core.package_identification:_identify(src) by extension 'ignore'
[0.154s] Level 1:colcon.colcon_core.package_identification:_identify(src) by extension 'ignore_ament_install'
[0.154s] Level 1:colcon.colcon_core.package_identification:_identify(src) by extensions ['colcon_pkg']
[0.154s] Level 1:colcon.colcon_core.package_identification:_identify(src) by extension 'colcon_pkg'
[0.154s] Level 1:colcon.colcon_core.package_identification:_identify(src) by extensions ['colcon_meta']
[0.154s] Level 1:colcon.colcon_core.package_identification:_identify(src) by extension 'colcon_meta'
[0.154s] Level 1:colcon.colcon_core.package_identification:_identify(src) by extensions ['ros']
[0.154s] Level 1:colcon.colcon_core.package_identification:_identify(src) by extension 'ros'
[0.154s] Level 1:colcon.colcon_core.package_identification:_identify(src) by extensions ['cmake', 'python']
[0.154s] Level 1:colcon.colcon_core.package_identification:_identify(src) by extension 'cmake'
[0.154s] Level 1:colcon.colcon_core.package_identification:_identify(src) by extension 'python'
[0.154s] Level 1:colcon.colcon_core.package_identification:_identify(src) by extensions ['python_setup_py']
[0.154s] Level 1:colcon.colcon_core.package_identification:_identify(src) by extension 'python_setup_py'
[0.154s] Level 1:colcon.colcon_core.package_identification:_identify(src/micro_ros_setup) by extensions ['ignore', 'ignore_ament_install']
[0.154s] Level 1:colcon.colcon_core.package_identification:_identify(src/micro_ros_setup) by extension 'ignore'
[0.155s] Level 1:colcon.colcon_core.package_identification:_identify(src/micro_ros_setup) by extension 'ignore_ament_install'
[0.155s] Level 1:colcon.colcon_core.package_identification:_identify(src/micro_ros_setup) by extensions ['colcon_pkg']
[0.155s] Level 1:colcon.colcon_core.package_identification:_identify(src/micro_ros_setup) by extension 'colcon_pkg'
[0.155s] Level 1:colcon.colcon_core.package_identification:_identify(src/micro_ros_setup) by extensions ['colcon_meta']
[0.155s] Level 1:colcon.colcon_core.package_identification:_identify(src/micro_ros_setup) by extension 'colcon_meta'
[0.155s] Level 1:colcon.colcon_core.package_identification:_identify(src/micro_ros_setup) by extensions ['ros']
[0.155s] Level 1:colcon.colcon_core.package_identification:_identify(src/micro_ros_setup) by extension 'ros'
[0.156s] DEBUG:colcon.colcon_core.package_identification:Package 'src/micro_ros_setup' with type 'ros.ament_cmake' and name 'micro_ros_setup'
[0.156s] Level 1:colcon.colcon_core.package_identification:_identify(src/microros_launch) by extensions ['ignore', 'ignore_ament_install']
[0.156s] Level 1:colcon.colcon_core.package_identification:_identify(src/microros_launch) by extension 'ignore'
[0.156s] Level 1:colcon.colcon_core.package_identification:_identify(src/microros_launch) by extension 'ignore_ament_install'
[0.156s] Level 1:colcon.colcon_core.package_identification:_identify(src/microros_launch) by extensions ['colcon_pkg']
[0.156s] Level 1:colcon.colcon_core.package_identification:_identify(src/microros_launch) by extension 'colcon_pkg'
[0.156s] Level 1:colcon.colcon_core.package_identification:_identify(src/microros_launch) by extensions ['colcon_meta']
[0.156s] Level 1:colcon.colcon_core.package_identification:_identify(src/microros_launch) by extension 'colcon_meta'
[0.156s] Level 1:colcon.colcon_core.package_identification:_identify(src/microros_launch) by extensions ['ros']
[0.156s] Level 1:colcon.colcon_core.package_identification:_identify(src/microros_launch) by extension 'ros'
[0.156s] Level 1:colcon.colcon_core.package_identification:_identify(src/microros_launch) by extensions ['cmake', 'python']
[0.156s] Level 1:colcon.colcon_core.package_identification:_identify(src/microros_launch) by extension 'cmake'
[0.156s] Level 1:colcon.colcon_core.package_identification:_identify(src/microros_launch) by extension 'python'
[0.156s] Level 1:colcon.colcon_core.package_identification:_identify(src/microros_launch) by extensions ['python_setup_py']
[0.156s] Level 1:colcon.colcon_core.package_identification:_identify(src/microros_launch) by extension 'python_setup_py'
[0.156s] Level 1:colcon.colcon_core.package_identification:_identify(src/microros_launch/launch) by extensions ['ignore', 'ignore_ament_install']
[0.156s] Level 1:colcon.colcon_core.package_identification:_identify(src/microros_launch/launch) by extension 'ignore'
[0.156s] Level 1:colcon.colcon_core.package_identification:_identify(src/microros_launch/launch) by extension 'ignore_ament_install'
[0.156s] Level 1:colcon.colcon_core.package_identification:_identify(src/microros_launch/launch) by extensions ['colcon_pkg']
[0.156s] Level 1:colcon.colcon_core.package_identification:_identify(src/microros_launch/launch) by extension 'colcon_pkg'
[0.156s] Level 1:colcon.colcon_core.package_identification:_identify(src/microros_launch/launch) by extensions ['colcon_meta']
[0.156s] Level 1:colcon.colcon_core.package_identification:_identify(src/microros_launch/launch) by extension 'colcon_meta'
[0.156s] Level 1:colcon.colcon_core.package_identification:_identify(src/microros_launch/launch) by extensions ['ros']
[0.157s] Level 1:colcon.colcon_core.package_identification:_identify(src/microros_launch/launch) by extension 'ros'
[0.157s] Level 1:colcon.colcon_core.package_identification:_identify(src/microros_launch/launch) by extensions ['cmake', 'python']
[0.157s] Level 1:colcon.colcon_core.package_identification:_identify(src/microros_launch/launch) by extension 'cmake'
[0.157s] Level 1:colcon.colcon_core.package_identification:_identify(src/microros_launch/launch) by extension 'python'
[0.157s] Level 1:colcon.colcon_core.package_identification:_identify(src/microros_launch/launch) by extensions ['python_setup_py']
[0.157s] Level 1:colcon.colcon_core.package_identification:_identify(src/microros_launch/launch) by extension 'python_setup_py'
[0.157s] Level 1:colcon.colcon_core.package_identification:_identify(src/uros) by extensions ['ignore', 'ignore_ament_install']
[0.157s] Level 1:colcon.colcon_core.package_identification:_identify(src/uros) by extension 'ignore'
[0.157s] Level 1:colcon.colcon_core.package_identification:_identify(src/uros) by extension 'ignore_ament_install'
[0.157s] Level 1:colcon.colcon_core.package_identification:_identify(src/uros) by extensions ['colcon_pkg']
[0.157s] Level 1:colcon.colcon_core.package_identification:_identify(src/uros) by extension 'colcon_pkg'
[0.157s] Level 1:colcon.colcon_core.package_identification:_identify(src/uros) by extensions ['colcon_meta']
[0.157s] Level 1:colcon.colcon_core.package_identification:_identify(src/uros) by extension 'colcon_meta'
[0.157s] Level 1:colcon.colcon_core.package_identification:_identify(src/uros) by extensions ['ros']
[0.157s] Level 1:colcon.colcon_core.package_identification:_identify(src/uros) by extension 'ros'
[0.157s] Level 1:colcon.colcon_core.package_identification:_identify(src/uros) by extensions ['cmake', 'python']
[0.157s] Level 1:colcon.colcon_core.package_identification:_identify(src/uros) by extension 'cmake'
[0.157s] Level 1:colcon.colcon_core.package_identification:_identify(src/uros) by extension 'python'
[0.157s] Level 1:colcon.colcon_core.package_identification:_identify(src/uros) by extensions ['python_setup_py']
[0.157s] Level 1:colcon.colcon_core.package_identification:_identify(src/uros) by extension 'python_setup_py'
[0.157s] Level 1:colcon.colcon_core.package_identification:_identify(src/uros/micro-ROS-Agent) by extensions ['ignore', 'ignore_ament_install']
[0.157s] Level 1:colcon.colcon_core.package_identification:_identify(src/uros/micro-ROS-Agent) by extension 'ignore'
[0.157s] Level 1:colcon.colcon_core.package_identification:_identify(src/uros/micro-ROS-Agent) by extension 'ignore_ament_install'
[0.157s] Level 1:colcon.colcon_core.package_identification:_identify(src/uros/micro-ROS-Agent) by extensions ['colcon_pkg']
[0.157s] Level 1:colcon.colcon_core.package_identification:_identify(src/uros/micro-ROS-Agent) by extension 'colcon_pkg'
[0.157s] Level 1:colcon.colcon_core.package_identification:_identify(src/uros/micro-ROS-Agent) by extensions ['colcon_meta']
[0.157s] Level 1:colcon.colcon_core.package_identification:_identify(src/uros/micro-ROS-Agent) by extension 'colcon_meta'
[0.157s] Level 1:colcon.colcon_core.package_identification:_identify(src/uros/micro-ROS-Agent) by extensions ['ros']
[0.157s] Level 1:colcon.colcon_core.package_identification:_identify(src/uros/micro-ROS-Agent) by extension 'ros'
[0.157s] Level 1:colcon.colcon_core.package_identification:_identify(src/uros/micro-ROS-Agent) by extensions ['cmake', 'python']
[0.157s] Level 1:colcon.colcon_core.package_identification:_identify(src/uros/micro-ROS-Agent) by extension 'cmake'
[0.157s] Level 1:colcon.colcon_core.package_identification:_identify(src/uros/micro-ROS-Agent) by extension 'python'
[0.157s] Level 1:colcon.colcon_core.package_identification:_identify(src/uros/micro-ROS-Agent) by extensions ['python_setup_py']
[0.157s] Level 1:colcon.colcon_core.package_identification:_identify(src/uros/micro-ROS-Agent) by extension 'python_setup_py'
[0.157s] Level 1:colcon.colcon_core.package_identification:_identify(src/uros/micro-ROS-Agent/micro_ros_agent) by extensions ['ignore', 'ignore_ament_install']
[0.157s] Level 1:colcon.colcon_core.package_identification:_identify(src/uros/micro-ROS-Agent/micro_ros_agent) by extension 'ignore'
[0.157s] Level 1:colcon.colcon_core.package_identification:_identify(src/uros/micro-ROS-Agent/micro_ros_agent) by extension 'ignore_ament_install'
[0.157s] Level 1:colcon.colcon_core.package_identification:_identify(src/uros/micro-ROS-Agent/micro_ros_agent) by extensions ['colcon_pkg']
[0.157s] Level 1:colcon.colcon_core.package_identification:_identify(src/uros/micro-ROS-Agent/micro_ros_agent) by extension 'colcon_pkg'
[0.157s] Level 1:colcon.colcon_core.package_identification:_identify(src/uros/micro-ROS-Agent/micro_ros_agent) by extensions ['colcon_meta']
[0.157s] Level 1:colcon.colcon_core.package_identification:_identify(src/uros/micro-ROS-Agent/micro_ros_agent) by extension 'colcon_meta'
[0.157s] Level 1:colcon.colcon_core.package_identification:_identify(src/uros/micro-ROS-Agent/micro_ros_agent) by extensions ['ros']
[0.157s] Level 1:colcon.colcon_core.package_identification:_identify(src/uros/micro-ROS-Agent/micro_ros_agent) by extension 'ros'
[0.158s] DEBUG:colcon.colcon_core.package_identification:Package 'src/uros/micro-ROS-Agent/micro_ros_agent' with type 'ros.ament_cmake' and name 'micro_ros_agent'
[0.158s] Level 1:colcon.colcon_core.package_identification:_identify(src/uros/micro-ROS-Agent/snap) by extensions ['ignore', 'ignore_ament_install']
[0.158s] Level 1:colcon.colcon_core.package_identification:_identify(src/uros/micro-ROS-Agent/snap) by extension 'ignore'
[0.158s] Level 1:colcon.colcon_core.package_identification:_identify(src/uros/micro-ROS-Agent/snap) by extension 'ignore_ament_install'
[0.158s] Level 1:colcon.colcon_core.package_identification:_identify(src/uros/micro-ROS-Agent/snap) by extensions ['colcon_pkg']
[0.158s] Level 1:colcon.colcon_core.package_identification:_identify(src/uros/micro-ROS-Agent/snap) by extension 'colcon_pkg'
[0.158s] Level 1:colcon.colcon_core.package_identification:_identify(src/uros/micro-ROS-Agent/snap) by extensions ['colcon_meta']
[0.158s] Level 1:colcon.colcon_core.package_identification:_identify(src/uros/micro-ROS-Agent/snap) by extension 'colcon_meta'
[0.158s] Level 1:colcon.colcon_core.package_identification:_identify(src/uros/micro-ROS-Agent/snap) by extensions ['ros']
[0.158s] Level 1:colcon.colcon_core.package_identification:_identify(src/uros/micro-ROS-Agent/snap) by extension 'ros'
[0.158s] Level 1:colcon.colcon_core.package_identification:_identify(src/uros/micro-ROS-Agent/snap) by extensions ['cmake', 'python']
[0.158s] Level 1:colcon.colcon_core.package_identification:_identify(src/uros/micro-ROS-Agent/snap) by extension 'cmake'
[0.158s] Level 1:colcon.colcon_core.package_identification:_identify(src/uros/micro-ROS-Agent/snap) by extension 'python'
[0.158s] Level 1:colcon.colcon_core.package_identification:_identify(src/uros/micro-ROS-Agent/snap) by extensions ['python_setup_py']
[0.158s] Level 1:colcon.colcon_core.package_identification:_identify(src/uros/micro-ROS-Agent/snap) by extension 'python_setup_py'
[0.158s] Level 1:colcon.colcon_core.package_identification:_identify(src/uros/micro-ROS-Agent/snap/hooks) by extensions ['ignore', 'ignore_ament_install']
[0.158s] Level 1:colcon.colcon_core.package_identification:_identify(src/uros/micro-ROS-Agent/snap/hooks) by extension 'ignore'
[0.158s] Level 1:colcon.colcon_core.package_identification:_identify(src/uros/micro-ROS-Agent/snap/hooks) by extension 'ignore_ament_install'
[0.158s] Level 1:colcon.colcon_core.package_identification:_identify(src/uros/micro-ROS-Agent/snap/hooks) by extensions ['colcon_pkg']
[0.158s] Level 1:colcon.colcon_core.package_identification:_identify(src/uros/micro-ROS-Agent/snap/hooks) by extension 'colcon_pkg'
[0.158s] Level 1:colcon.colcon_core.package_identification:_identify(src/uros/micro-ROS-Agent/snap/hooks) by extensions ['colcon_meta']
[0.158s] Level 1:colcon.colcon_core.package_identification:_identify(src/uros/micro-ROS-Agent/snap/hooks) by extension 'colcon_meta'
[0.158s] Level 1:colcon.colcon_core.package_identification:_identify(src/uros/micro-ROS-Agent/snap/hooks) by extensions ['ros']
[0.158s] Level 1:colcon.colcon_core.package_identification:_identify(src/uros/micro-ROS-Agent/snap/hooks) by extension 'ros'
[0.158s] Level 1:colcon.colcon_core.package_identification:_identify(src/uros/micro-ROS-Agent/snap/hooks) by extensions ['cmake', 'python']
[0.158s] Level 1:colcon.colcon_core.package_identification:_identify(src/uros/micro-ROS-Agent/snap/hooks) by extension 'cmake'
[0.158s] Level 1:colcon.colcon_core.package_identification:_identify(src/uros/micro-ROS-Agent/snap/hooks) by extension 'python'
[0.158s] Level 1:colcon.colcon_core.package_identification:_identify(src/uros/micro-ROS-Agent/snap/hooks) by extensions ['python_setup_py']
[0.158s] Level 1:colcon.colcon_core.package_identification:_identify(src/uros/micro-ROS-Agent/snap/hooks) by extension 'python_setup_py'
[0.158s] Level 1:colcon.colcon_core.package_identification:_identify(src/uros/micro-ROS-Agent/snap/local) by extensions ['ignore', 'ignore_ament_install']
[0.158s] Level 1:colcon.colcon_core.package_identification:_identify(src/uros/micro-ROS-Agent/snap/local) by extension 'ignore'
[0.159s] Level 1:colcon.colcon_core.package_identification:_identify(src/uros/micro-ROS-Agent/snap/local) by extension 'ignore_ament_install'
[0.159s] Level 1:colcon.colcon_core.package_identification:_identify(src/uros/micro-ROS-Agent/snap/local) by extensions ['colcon_pkg']
[0.159s] Level 1:colcon.colcon_core.package_identification:_identify(src/uros/micro-ROS-Agent/snap/local) by extension 'colcon_pkg'
[0.159s] Level 1:colcon.colcon_core.package_identification:_identify(src/uros/micro-ROS-Agent/snap/local) by extensions ['colcon_meta']
[0.159s] Level 1:colcon.colcon_core.package_identification:_identify(src/uros/micro-ROS-Agent/snap/local) by extension 'colcon_meta'
[0.159s] Level 1:colcon.colcon_core.package_identification:_identify(src/uros/micro-ROS-Agent/snap/local) by extensions ['ros']
[0.159s] Level 1:colcon.colcon_core.package_identification:_identify(src/uros/micro-ROS-Agent/snap/local) by extension 'ros'
[0.159s] Level 1:colcon.colcon_core.package_identification:_identify(src/uros/micro-ROS-Agent/snap/local) by extensions ['cmake', 'python']
[0.159s] Level 1:colcon.colcon_core.package_identification:_identify(src/uros/micro-ROS-Agent/snap/local) by extension 'cmake'
[0.159s] Level 1:colcon.colcon_core.package_identification:_identify(src/uros/micro-ROS-Agent/snap/local) by extension 'python'
[0.159s] Level 1:colcon.colcon_core.package_identification:_identify(src/uros/micro-ROS-Agent/snap/local) by extensions ['python_setup_py']
[0.159s] Level 1:colcon.colcon_core.package_identification:_identify(src/uros/micro-ROS-Agent/snap/local) by extension 'python_setup_py'
[0.159s] Level 1:colcon.colcon_core.package_identification:_identify(src/uros/micro_ros_msgs) by extensions ['ignore', 'ignore_ament_install']
[0.159s] Level 1:colcon.colcon_core.package_identification:_identify(src/uros/micro_ros_msgs) by extension 'ignore'
[0.159s] Level 1:colcon.colcon_core.package_identification:_identify(src/uros/micro_ros_msgs) by extension 'ignore_ament_install'
[0.159s] Level 1:colcon.colcon_core.package_identification:_identify(src/uros/micro_ros_msgs) by extensions ['colcon_pkg']
[0.159s] Level 1:colcon.colcon_core.package_identification:_identify(src/uros/micro_ros_msgs) by extension 'colcon_pkg'
[0.159s] Level 1:colcon.colcon_core.package_identification:_identify(src/uros/micro_ros_msgs) by extensions ['colcon_meta']
[0.159s] Level 1:colcon.colcon_core.package_identification:_identify(src/uros/micro_ros_msgs) by extension 'colcon_meta'
[0.159s] Level 1:colcon.colcon_core.package_identification:_identify(src/uros/micro_ros_msgs) by extensions ['ros']
[0.159s] Level 1:colcon.colcon_core.package_identification:_identify(src/uros/micro_ros_msgs) by extension 'ros'
[0.160s] DEBUG:colcon.colcon_core.package_identification:Package 'src/uros/micro_ros_msgs' with type 'ros.ament_cmake' and name 'micro_ros_msgs'
[0.160s] Level 1:colcon.colcon_core.package_discovery:discover_packages(recursive) using defaults
[0.160s] Level 1:colcon.colcon_core.package_discovery:discover_packages(ignore) discover
[0.160s] Level 1:colcon.colcon_core.package_discovery:discover_packages(ignore) using defaults
[0.160s] Level 1:colcon.colcon_core.package_discovery:discover_packages(path) discover
[0.160s] Level 1:colcon.colcon_core.package_discovery:discover_packages(path) using defaults
[0.175s] Level 1:colcon.colcon_core.package_discovery:discover_packages(prefix_path) check parameters
[0.176s] Level 1:colcon.colcon_core.package_discovery:discover_packages(prefix_path) discover
[0.177s] DEBUG:colcon.colcon_installed_package_information.package_discovery:Found 26 installed packages in /home/lattapol/bowa_ws/install
[0.177s] DEBUG:colcon.colcon_installed_package_information.package_discovery:Found 4 installed packages in /home/lattapol/microros_ws/install
[0.178s] DEBUG:colcon.colcon_installed_package_information.package_discovery:Found 296 installed packages in /opt/ros/humble
[0.179s] Level 1:colcon.colcon_core.package_discovery:discover_packages(prefix_path) using defaults
[0.199s] WARNING:colcon.colcon_core.package_selection:Some selected packages are already built in one or more underlay workspaces:
	'micro_ros_msgs' is in: /home/lattapol/bowa_ws/install/micro_ros_msgs, /home/lattapol/microros_ws/install/micro_ros_msgs
If a package in a merged underlay workspace is overridden and it installs headers, then all packages in the overlay must sort their include directories by workspace order. Failure to do so may result in build failures or undefined behavior at run time.
If the overridden package is used by another package in any underlay, then the overriding package in the overlay must be API and ABI compatible or undefined behavior at run time may occur.

If you understand the risks and want to override a package anyways, add the following to the command line:
	--allow-overriding micro_ros_msgs

This may be promoted to an error in a future release of colcon-override-check.
[0.199s] Level 5:colcon.colcon_core.verb:set package 'micro_ros_msgs' build argument 'cmake_args' from command line to 'None'
[0.199s] Level 5:colcon.colcon_core.verb:set package 'micro_ros_msgs' build argument 'cmake_target' from command line to 'None'
[0.199s] Level 5:colcon.colcon_core.verb:set package 'micro_ros_msgs' build argument 'cmake_target_skip_unavailable' from command line to 'False'
[0.199s] Level 5:colcon.colcon_core.verb:set package 'micro_ros_msgs' build argument 'cmake_clean_cache' from command line to 'False'
[0.199s] Level 5:colcon.colcon_core.verb:set package 'micro_ros_msgs' build argument 'cmake_clean_first' from command line to 'False'
[0.199s] Level 5:colcon.colcon_core.verb:set package 'micro_ros_msgs' build argument 'cmake_force_configure' from command line to 'False'
[0.199s] Level 5:colcon.colcon_core.verb:set package 'micro_ros_msgs' build argument 'ament_cmake_args' from command line to 'None'
[0.199s] Level 5:colcon.colcon_core.verb:set package 'micro_ros_msgs' build argument 'catkin_cmake_args' from command line to 'None'
[0.199s] Level 5:colcon.colcon_core.verb:set package 'micro_ros_msgs' build argument 'catkin_skip_building_tests' from command line to 'False'
[0.199s] DEBUG:colcon.colcon_core.verb:Building package 'micro_ros_msgs' with the following arguments: {'ament_cmake_args': None, 'build_base': '/home/lattapol/microros_ws/build/micro_ros_msgs', 'catkin_cmake_args': None, 'catkin_skip_building_tests': False, 'cmake_args': None, 'cmake_clean_cache': False, 'cmake_clean_first': False, 'cmake_force_configure': False, 'cmake_target': None, 'cmake_target_skip_unavailable': False, 'install_base': '/home/lattapol/microros_ws/install/micro_ros_msgs', 'merge_install': False, 'path': '/home/lattapol/microros_ws/src/uros/micro_ros_msgs', 'symlink_install': False, 'test_result_base': None}
[0.199s] Level 5:colcon.colcon_core.verb:set package 'micro_ros_setup' build argument 'cmake_args' from command line to 'None'
[0.199s] Level 5:colcon.colcon_core.verb:set package 'micro_ros_setup' build argument 'cmake_target' from command line to 'None'
[0.199s] Level 5:colcon.colcon_core.verb:set package 'micro_ros_setup' build argument 'cmake_target_skip_unavailable' from command line to 'False'
[0.199s] Level 5:colcon.colcon_core.verb:set package 'micro_ros_setup' build argument 'cmake_clean_cache' from command line to 'False'
[0.199s] Level 5:colcon.colcon_core.verb:set package 'micro_ros_setup' build argument 'cmake_clean_first' from command line to 'False'
[0.199s] Level 5:colcon.colcon_core.verb:set package 'micro_ros_setup' build argument 'cmake_force_configure' from command line to 'False'
[0.199s] Level 5:colcon.colcon_core.verb:set package 'micro_ros_setup' build argument 'ament_cmake_args' from command line to 'None'
[0.199s] Level 5:colcon.colcon_core.verb:set package 'micro_ros_setup' build argument 'catkin_cmake_args' from command line to 'None'
[0.199s] Level 5:colcon.colcon_core.verb:set package 'micro_ros_setup' build argument 'catkin_skip_building_tests' from command line to 'False'
[0.199s] DEBUG:colcon.colcon_core.verb:Building package 'micro_ros_setup' with the following arguments: {'ament_cmake_args': None, 'build_base': '/home/lattapol/microros_ws/build/micro_ros_setup', 'catkin_cmake_args': None, 'catkin_skip_building_tests': False, 'cmake_args': None, 'cmake_clean_cache': False, 'cmake_clean_first': False, 'cmake_force_configure': False, 'cmake_target': None, 'cmake_target_skip_unavailable': False, 'install_base': '/home/lattapol/microros_ws/install/micro_ros_setup', 'merge_install': False, 'path': '/home/lattapol/microros_ws/src/micro_ros_setup', 'symlink_install': False, 'test_result_base': None}
[0.199s] Level 5:colcon.colcon_core.verb:set package 'micro_ros_agent' build argument 'cmake_args' from command line to 'None'
[0.200s] Level 5:colcon.colcon_core.verb:set package 'micro_ros_agent' build argument 'cmake_target' from command line to 'None'
[0.200s] Level 5:colcon.colcon_core.verb:set package 'micro_ros_agent' build argument 'cmake_target_skip_unavailable' from command line to 'False'
[0.200s] Level 5:colcon.colcon_core.verb:set package 'micro_ros_agent' build argument 'cmake_clean_cache' from command line to 'False'
[0.200s] Level 5:colcon.colcon_core.verb:set package 'micro_ros_agent' build argument 'cmake_clean_first' from command line to 'False'
[0.200s] Level 5:colcon.colcon_core.verb:set package 'micro_ros_agent' build argument 'cmake_force_configure' from command line to 'False'
[0.200s] Level 5:colcon.colcon_core.verb:set package 'micro_ros_agent' build argument 'ament_cmake_args' from command line to 'None'
[0.200s] Level 5:colcon.colcon_core.verb:set package 'micro_ros_agent' build argument 'catkin_cmake_args' from command line to 'None'
[0.200s] Level 5:colcon.colcon_core.verb:set package 'micro_ros_agent' build argument 'catkin_skip_building_tests' from command line to 'False'
[0.200s] DEBUG:colcon.colcon_core.verb:Building package 'micro_ros_agent' with the following arguments: {'ament_cmake_args': None, 'build_base': '/home/lattapol/microros_ws/build/micro_ros_agent', 'catkin_cmake_args': None, 'catkin_skip_building_tests': False, 'cmake_args': None, 'cmake_clean_cache': False, 'cmake_clean_first': False, 'cmake_force_configure': False, 'cmake_target': None, 'cmake_target_skip_unavailable': False, 'install_base': '/home/lattapol/microros_ws/install/micro_ros_agent', 'merge_install': False, 'path': '/home/lattapol/microros_ws/src/uros/micro-ROS-Agent/micro_ros_agent', 'symlink_install': False, 'test_result_base': None}
[0.200s] INFO:colcon.colcon_core.executor:Executing jobs using 'parallel' executor
[0.200s] DEBUG:colcon.colcon_parallel_executor.executor.parallel:run_until_complete
[0.200s] INFO:colcon.colcon_ros.task.ament_cmake.build:Building ROS package in '/home/lattapol/microros_ws/src/uros/micro_ros_msgs' with build type 'ament_cmake'
[0.200s] INFO:colcon.colcon_cmake.task.cmake.build:Building CMake package in '/home/lattapol/microros_ws/src/uros/micro_ros_msgs'
[0.202s] INFO:colcon.colcon_core.plugin_system:Skipping extension 'colcon_core.shell.bat': Not used on non-Windows systems
[0.202s] INFO:colcon.colcon_core.shell:Skip shell extension 'powershell' for command environment: Not usable outside of PowerShell
[0.202s] DEBUG:colcon.colcon_core.shell:Skip shell extension 'dsv' for command environment
[0.205s] INFO:colcon.colcon_ros.task.ament_cmake.build:Building ROS package in '/home/lattapol/microros_ws/src/micro_ros_setup' with build type 'ament_cmake'
[0.205s] INFO:colcon.colcon_cmake.task.cmake.build:Building CMake package in '/home/lattapol/microros_ws/src/micro_ros_setup'
[0.205s] INFO:colcon.colcon_core.shell:Skip shell extension 'powershell' for command environment: Not usable outside of PowerShell
[0.205s] DEBUG:colcon.colcon_core.shell:Skip shell extension 'dsv' for command environment
[0.212s] DEBUG:colcon.colcon_core.event_handler.log_command:Invoking command in '/home/lattapol/microros_ws/build/micro_ros_msgs': CMAKE_PREFIX_PATH=${CMAKE_PREFIX_PATH}:/home/lattapol/bowa_ws/install/usb_cam_bringup:/home/lattapol/bowa_ws/install/sensor_fusion_utils:/home/lattapol/bowa_ws/install/path_odom:/home/lattapol/bowa_ws/install/ndt_speed_estimator:/home/lattapol/bowa_ws/install/motor_adapter:/home/lattapol/bowa_ws/install/lidar_nav:/home/lattapol/bowa_ws/install/lidar_launch:/home/lattapol/bowa_ws/install/lidar_cropper:/home/lattapol/bowa_ws/install/laser_geometry_converter:/home/lattapol/bowa_ws/install/gps_imu_ekf:/home/lattapol/bowa_ws/install/gps_2d_odom:/home/lattapol/bowa_ws/install/esp_sensors_bridge:/home/lattapol/bowa_ws/install/bowa_launch:/opt/ros/humble /usr/bin/cmake --build /home/lattapol/microros_ws/build/micro_ros_msgs -- -j22 -l22
[0.213s] DEBUG:colcon.colcon_core.event_handler.log_command:Invoking command in '/home/lattapol/microros_ws/build/micro_ros_setup': CMAKE_PREFIX_PATH=${CMAKE_PREFIX_PATH}:/home/lattapol/bowa_ws/install/usb_cam_bringup:/home/lattapol/bowa_ws/install/sensor_fusion_utils:/home/lattapol/bowa_ws/install/path_odom:/home/lattapol/bowa_ws/install/ndt_speed_estimator:/home/lattapol/bowa_ws/install/motor_adapter:/home/lattapol/bowa_ws/install/lidar_nav:/home/lattapol/bowa_ws/install/lidar_launch:/home/lattapol/bowa_ws/install/lidar_cropper:/home/lattapol/bowa_ws/install/laser_geometry_converter:/home/lattapol/bowa_ws/install/gps_imu_ekf:/home/lattapol/bowa_ws/install/gps_2d_odom:/home/lattapol/bowa_ws/install/esp_sensors_bridge:/home/lattapol/bowa_ws/install/bowa_launch:/opt/ros/humble /usr/bin/cmake --build /home/lattapol/microros_ws/build/micro_ros_setup -- -j22 -l22
[0.244s] DEBUG:colcon.colcon_core.event_handler.log_command:Invoked command in '/home/lattapol/microros_ws/build/micro_ros_setup' returned '0': CMAKE_PREFIX_PATH=${CMAKE_PREFIX_PATH}:/home/lattapol/bowa_ws/install/usb_cam_bringup:/home/lattapol/bowa_ws/install/sensor_fusion_utils:/home/lattapol/bowa_ws/install/path_odom:/home/lattapol/bowa_ws/install/ndt_speed_estimator:/home/lattapol/bowa_ws/install/motor_adapter:/home/lattapol/bowa_ws/install/lidar_nav:/home/lattapol/bowa_ws/install/lidar_launch:/home/lattapol/bowa_ws/install/lidar_cropper:/home/lattapol/bowa_ws/install/laser_geometry_converter:/home/lattapol/bowa_ws/install/gps_imu_ekf:/home/lattapol/bowa_ws/install/gps_2d_odom:/home/lattapol/bowa_ws/install/esp_sensors_bridge:/home/lattapol/bowa_ws/install/bowa_launch:/opt/ros/humble /usr/bin/cmake --build /home/lattapol/microros_ws/build/micro_ros_setup -- -j22 -l22
[0.253s] DEBUG:colcon.colcon_core.event_handler.log_command:Invoking command in '/home/lattapol/microros_ws/build/micro_ros_setup': CMAKE_PREFIX_PATH=${CMAKE_PREFIX_PATH}:/home/lattapol/bowa_ws/install/usb_cam_bringup:/home/lattapol/bowa_ws/install/sensor_fusion_utils:/home/lattapol/bowa_ws/install/path_odom:/home/lattapol/bowa_ws/install/ndt_speed_estimator:/home/lattapol/bowa_ws/install/motor_adapter:/home/lattapol/bowa_ws/install/lidar_nav:/home/lattapol/bowa_ws/install/lidar_launch:/home/lattapol/bowa_ws/install/lidar_cropper:/home/lattapol/bowa_ws/install/laser_geometry_converter:/home/lattapol/bowa_ws/install/gps_imu_ekf:/home/lattapol/bowa_ws/install/gps_2d_odom:/home/lattapol/bowa_ws/install/esp_sensors_bridge:/home/lattapol/bowa_ws/install/bowa_launch:/opt/ros/humble /usr/bin/cmake --install /home/lattapol/microros_ws/build/micro_ros_setup
[0.301s] Level 1:colcon.colcon_core.environment:create_environment_scripts_only(micro_ros_setup)
[0.301s] DEBUG:colcon.colcon_core.event_handler.log_command:Invoked command in '/home/lattapol/microros_ws/build/micro_ros_setup' returned '0': CMAKE_PREFIX_PATH=${CMAKE_PREFIX_PATH}:/home/lattapol/bowa_ws/install/usb_cam_bringup:/home/lattapol/bowa_ws/install/sensor_fusion_utils:/home/lattapol/bowa_ws/install/path_odom:/home/lattapol/bowa_ws/install/ndt_speed_estimator:/home/lattapol/bowa_ws/install/motor_adapter:/home/lattapol/bowa_ws/install/lidar_nav:/home/lattapol/bowa_ws/install/lidar_launch:/home/lattapol/bowa_ws/install/lidar_cropper:/home/lattapol/bowa_ws/install/laser_geometry_converter:/home/lattapol/bowa_ws/install/gps_imu_ekf:/home/lattapol/bowa_ws/install/gps_2d_odom:/home/lattapol/bowa_ws/install/esp_sensors_bridge:/home/lattapol/bowa_ws/install/bowa_launch:/opt/ros/humble /usr/bin/cmake --install /home/lattapol/microros_ws/build/micro_ros_setup
[0.303s] Level 1:colcon.colcon_core.environment:checking '/home/lattapol/microros_ws/install/micro_ros_setup' for CMake module files
[0.303s] Level 1:colcon.colcon_core.environment:checking '/home/lattapol/microros_ws/install/micro_ros_setup' for CMake config files
[0.304s] Level 1:colcon.colcon_core.shell:create_environment_hook('micro_ros_setup', 'cmake_prefix_path')
[0.304s] INFO:colcon.colcon_core.shell:Creating environment hook '/home/lattapol/microros_ws/install/micro_ros_setup/share/micro_ros_setup/hook/cmake_prefix_path.ps1'
[0.304s] INFO:colcon.colcon_core.shell:Creating environment descriptor '/home/lattapol/microros_ws/install/micro_ros_setup/share/micro_ros_setup/hook/cmake_prefix_path.dsv'
[0.304s] INFO:colcon.colcon_core.shell:Creating environment hook '/home/lattapol/microros_ws/install/micro_ros_setup/share/micro_ros_setup/hook/cmake_prefix_path.sh'
[0.305s] Level 1:colcon.colcon_core.environment:checking '/home/lattapol/microros_ws/install/micro_ros_setup/lib'
[0.305s] Level 1:colcon.colcon_core.environment:checking '/home/lattapol/microros_ws/install/micro_ros_setup/bin'
[0.305s] Level 1:colcon.colcon_core.environment:checking '/home/lattapol/microros_ws/install/micro_ros_setup/lib/pkgconfig/micro_ros_setup.pc'
[0.305s] Level 1:colcon.colcon_core.environment:checking '/home/lattapol/microros_ws/install/micro_ros_setup/lib/python3.10/site-packages'
[0.305s] Level 1:colcon.colcon_core.environment:checking '/home/lattapol/microros_ws/install/micro_ros_setup/bin'
[0.305s] INFO:colcon.colcon_core.shell:Creating package script '/home/lattapol/microros_ws/install/micro_ros_setup/share/micro_ros_setup/package.ps1'
[0.306s] INFO:colcon.colcon_core.shell:Creating package descriptor '/home/lattapol/microros_ws/install/micro_ros_setup/share/micro_ros_setup/package.dsv'
[0.306s] INFO:colcon.colcon_core.shell:Creating package script '/home/lattapol/microros_ws/install/micro_ros_setup/share/micro_ros_setup/package.sh'
[0.306s] INFO:colcon.colcon_core.shell:Creating package script '/home/lattapol/microros_ws/install/micro_ros_setup/share/micro_ros_setup/package.bash'
[0.307s] INFO:colcon.colcon_core.shell:Creating package script '/home/lattapol/microros_ws/install/micro_ros_setup/share/micro_ros_setup/package.zsh'
[0.307s] Level 1:colcon.colcon_core.environment:create_file_with_runtime_dependencies(/home/lattapol/microros_ws/install/micro_ros_setup/share/colcon-core/packages/micro_ros_setup)
[0.307s] Level 1:colcon.colcon_core.environment:create_environment_scripts_only(micro_ros_setup)
[0.308s] Level 1:colcon.colcon_core.environment:checking '/home/lattapol/microros_ws/install/micro_ros_setup' for CMake module files
[0.308s] Level 1:colcon.colcon_core.environment:checking '/home/lattapol/microros_ws/install/micro_ros_setup' for CMake config files
[0.308s] Level 1:colcon.colcon_core.shell:create_environment_hook('micro_ros_setup', 'cmake_prefix_path')
[0.308s] INFO:colcon.colcon_core.shell:Creating environment hook '/home/lattapol/microros_ws/install/micro_ros_setup/share/micro_ros_setup/hook/cmake_prefix_path.ps1'
[0.308s] INFO:colcon.colcon_core.shell:Creating environment descriptor '/home/lattapol/microros_ws/install/micro_ros_setup/share/micro_ros_setup/hook/cmake_prefix_path.dsv'
[0.309s] INFO:colcon.colcon_core.shell:Creating environment hook '/home/lattapol/microros_ws/install/micro_ros_setup/share/micro_ros_setup/hook/cmake_prefix_path.sh'
[0.309s] Level 1:colcon.colcon_core.environment:checking '/home/lattapol/microros_ws/install/micro_ros_setup/lib'
[0.309s] Level 1:colcon.colcon_core.environment:checking '/home/lattapol/microros_ws/install/micro_ros_setup/bin'
[0.309s] Level 1:colcon.colcon_core.environment:checking '/home/lattapol/microros_ws/install/micro_ros_setup/lib/pkgconfig/micro_ros_setup.pc'
[0.309s] Level 1:colcon.colcon_core.environment:checking '/home/lattapol/microros_ws/install/micro_ros_setup/lib/python3.10/site-packages'
[0.309s] Level 1:colcon.colcon_core.environment:checking '/home/lattapol/microros_ws/install/micro_ros_setup/bin'
[0.309s] INFO:colcon.colcon_core.shell:Creating package script '/home/lattapol/microros_ws/install/micro_ros_setup/share/micro_ros_setup/package.ps1'
[0.310s] INFO:colcon.colcon_core.shell:Creating package descriptor '/home/lattapol/microros_ws/install/micro_ros_setup/share/micro_ros_setup/package.dsv'
[0.310s] INFO:colcon.colcon_core.shell:Creating package script '/home/lattapol/microros_ws/install/micro_ros_setup/share/micro_ros_setup/package.sh'
[0.310s] INFO:colcon.colcon_core.shell:Creating package script '/home/lattapol/microros_ws/install/micro_ros_setup/share/micro_ros_setup/package.bash'
[0.310s] INFO:colcon.colcon_core.shell:Creating package script '/home/lattapol/microros_ws/install/micro_ros_setup/share/micro_ros_setup/package.zsh'
[0.310s] Level 1:colcon.colcon_core.environment:create_file_with_runtime_dependencies(/home/lattapol/microros_ws/install/micro_ros_setup/share/colcon-core/packages/micro_ros_setup)
[0.440s] DEBUG:colcon.colcon_core.event_handler.log_command:Invoked command in '/home/lattapol/microros_ws/build/micro_ros_msgs' returned '0': CMAKE_PREFIX_PATH=${CMAKE_PREFIX_PATH}:/home/lattapol/bowa_ws/install/usb_cam_bringup:/home/lattapol/bowa_ws/install/sensor_fusion_utils:/home/lattapol/bowa_ws/install/path_odom:/home/lattapol/bowa_ws/install/ndt_speed_estimator:/home/lattapol/bowa_ws/install/motor_adapter:/home/lattapol/bowa_ws/install/lidar_nav:/home/lattapol/bowa_ws/install/lidar_launch:/home/lattapol/bowa_ws/install/lidar_cropper:/home/lattapol/bowa_ws/install/laser_geometry_converter:/home/lattapol/bowa_ws/install/gps_imu_ekf:/home/lattapol/bowa_ws/install/gps_2d_odom:/home/lattapol/bowa_ws/install/esp_sensors_bridge:/home/lattapol/bowa_ws/install/bowa_launch:/opt/ros/humble /usr/bin/cmake --build /home/lattapol/microros_ws/build/micro_ros_msgs -- -j22 -l22
[0.441s] DEBUG:colcon.colcon_core.event_handler.log_command:Invoking command in '/home/lattapol/microros_ws/build/micro_ros_msgs': CMAKE_PREFIX_PATH=${CMAKE_PREFIX_PATH}:/home/lattapol/bowa_ws/install/usb_cam_bringup:/home/lattapol/bowa_ws/install/sensor_fusion_utils:/home/lattapol/bowa_ws/install/path_odom:/home/lattapol/bowa_ws/install/ndt_speed_estimator:/home/lattapol/bowa_ws/install/motor_adapter:/home/lattapol/bowa_ws/install/lidar_nav:/home/lattapol/bowa_ws/install/lidar_launch:/home/lattapol/bowa_ws/install/lidar_cropper:/home/lattapol/bowa_ws/install/laser_geometry_converter:/home/lattapol/bowa_ws/install/gps_imu_ekf:/home/lattapol/bowa_ws/install/gps_2d_odom:/home/lattapol/bowa_ws/install/esp_sensors_bridge:/home/lattapol/bowa_ws/install/bowa_launch:/opt/ros/humble /usr/bin/cmake --install /home/lattapol/microros_ws/build/micro_ros_msgs
[0.480s] Level 1:colcon.colcon_core.environment:create_environment_scripts_only(micro_ros_msgs)
[0.480s] DEBUG:colcon.colcon_core.event_handler.log_command:Invoked command in '/home/lattapol/microros_ws/build/micro_ros_msgs' returned '0': CMAKE_PREFIX_PATH=${CMAKE_PREFIX_PATH}:/home/lattapol/bowa_ws/install/usb_cam_bringup:/home/lattapol/bowa_ws/install/sensor_fusion_utils:/home/lattapol/bowa_ws/install/path_odom:/home/lattapol/bowa_ws/install/ndt_speed_estimator:/home/lattapol/bowa_ws/install/motor_adapter:/home/lattapol/bowa_ws/install/lidar_nav:/home/lattapol/bowa_ws/install/lidar_launch:/home/lattapol/bowa_ws/install/lidar_cropper:/home/lattapol/bowa_ws/install/laser_geometry_converter:/home/lattapol/bowa_ws/install/gps_imu_ekf:/home/lattapol/bowa_ws/install/gps_2d_odom:/home/lattapol/bowa_ws/install/esp_sensors_bridge:/home/lattapol/bowa_ws/install/bowa_launch:/opt/ros/humble /usr/bin/cmake --install /home/lattapol/microros_ws/build/micro_ros_msgs
[0.480s] Level 1:colcon.colcon_core.environment:checking '/home/lattapol/microros_ws/install/micro_ros_msgs' for CMake module files
[0.481s] Level 1:colcon.colcon_core.environment:checking '/home/lattapol/microros_ws/install/micro_ros_msgs' for CMake config files
[0.481s] Level 1:colcon.colcon_core.shell:create_environment_hook('micro_ros_msgs', 'cmake_prefix_path')
[0.482s] INFO:colcon.colcon_core.shell:Creating environment hook '/home/lattapol/microros_ws/install/micro_ros_msgs/share/micro_ros_msgs/hook/cmake_prefix_path.ps1'
[0.482s] INFO:colcon.colcon_core.shell:Creating environment descriptor '/home/lattapol/microros_ws/install/micro_ros_msgs/share/micro_ros_msgs/hook/cmake_prefix_path.dsv'
[0.482s] INFO:colcon.colcon_core.shell:Creating environment hook '/home/lattapol/microros_ws/install/micro_ros_msgs/share/micro_ros_msgs/hook/cmake_prefix_path.sh'
[0.483s] Level 1:colcon.colcon_core.environment:checking '/home/lattapol/microros_ws/install/micro_ros_msgs/lib'
[0.483s] Level 1:colcon.colcon_core.shell:create_environment_hook('micro_ros_msgs', 'ld_library_path_lib')
[0.483s] INFO:colcon.colcon_core.shell:Creating environment hook '/home/lattapol/microros_ws/install/micro_ros_msgs/share/micro_ros_msgs/hook/ld_library_path_lib.ps1'
[0.483s] INFO:colcon.colcon_core.shell:Creating environment descriptor '/home/lattapol/microros_ws/install/micro_ros_msgs/share/micro_ros_msgs/hook/ld_library_path_lib.dsv'
[0.483s] INFO:colcon.colcon_core.shell:Creating environment hook '/home/lattapol/microros_ws/install/micro_ros_msgs/share/micro_ros_msgs/hook/ld_library_path_lib.sh'
[0.483s] Level 1:colcon.colcon_core.environment:checking '/home/lattapol/microros_ws/install/micro_ros_msgs/bin'
[0.483s] Level 1:colcon.colcon_core.environment:checking '/home/lattapol/microros_ws/install/micro_ros_msgs/lib/pkgconfig/micro_ros_msgs.pc'
[0.484s] Level 1:colcon.colcon_core.environment:checking '/home/lattapol/microros_ws/install/micro_ros_msgs/lib/python3.10/site-packages'
[0.484s] Level 1:colcon.colcon_core.environment:checking '/home/lattapol/microros_ws/install/micro_ros_msgs/bin'
[0.484s] INFO:colcon.colcon_core.shell:Creating package script '/home/lattapol/microros_ws/install/micro_ros_msgs/share/micro_ros_msgs/package.ps1'
[0.484s] INFO:colcon.colcon_core.shell:Creating package descriptor '/home/lattapol/microros_ws/install/micro_ros_msgs/share/micro_ros_msgs/package.dsv'
[0.484s] INFO:colcon.colcon_core.shell:Creating package script '/home/lattapol/microros_ws/install/micro_ros_msgs/share/micro_ros_msgs/package.sh'
[0.484s] INFO:colcon.colcon_core.shell:Creating package script '/home/lattapol/microros_ws/install/micro_ros_msgs/share/micro_ros_msgs/package.bash'
[0.485s] INFO:colcon.colcon_core.shell:Creating package script '/home/lattapol/microros_ws/install/micro_ros_msgs/share/micro_ros_msgs/package.zsh'
[0.485s] Level 1:colcon.colcon_core.environment:create_file_with_runtime_dependencies(/home/lattapol/microros_ws/install/micro_ros_msgs/share/colcon-core/packages/micro_ros_msgs)
[0.485s] Level 1:colcon.colcon_core.environment:create_environment_scripts_only(micro_ros_msgs)
[0.485s] Level 1:colcon.colcon_core.environment:checking '/home/lattapol/microros_ws/install/micro_ros_msgs' for CMake module files
[0.485s] Level 1:colcon.colcon_core.environment:checking '/home/lattapol/microros_ws/install/micro_ros_msgs' for CMake config files
[0.486s] Level 1:colcon.colcon_core.shell:create_environment_hook('micro_ros_msgs', 'cmake_prefix_path')
[0.486s] INFO:colcon.colcon_core.shell:Creating environment hook '/home/lattapol/microros_ws/install/micro_ros_msgs/share/micro_ros_msgs/hook/cmake_prefix_path.ps1'
[0.486s] INFO:colcon.colcon_core.shell:Creating environment descriptor '/home/lattapol/microros_ws/install/micro_ros_msgs/share/micro_ros_msgs/hook/cmake_prefix_path.dsv'
[0.486s] INFO:colcon.colcon_core.shell:Creating environment hook '/home/lattapol/microros_ws/install/micro_ros_msgs/share/micro_ros_msgs/hook/cmake_prefix_path.sh'
[0.486s] Level 1:colcon.colcon_core.environment:checking '/home/lattapol/microros_ws/install/micro_ros_msgs/lib'
[0.486s] Level 1:colcon.colcon_core.shell:create_environment_hook('micro_ros_msgs', 'ld_library_path_lib')
[0.486s] INFO:colcon.colcon_core.shell:Creating environment hook '/home/lattapol/microros_ws/install/micro_ros_msgs/share/micro_ros_msgs/hook/ld_library_path_lib.ps1'
[0.487s] INFO:colcon.colcon_core.shell:Creating environment descriptor '/home/lattapol/microros_ws/install/micro_ros_msgs/share/micro_ros_msgs/hook/ld_library_path_lib.dsv'
[0.487s] INFO:colcon.colcon_core.shell:Creating environment hook '/home/lattapol/microros_ws/install/micro_ros_msgs/share/micro_ros_msgs/hook/ld_library_path_lib.sh'
[0.487s] Level 1:colcon.colcon_core.environment:checking '/home/lattapol/microros_ws/install/micro_ros_msgs/bin'
[0.487s] Level 1:colcon.colcon_core.environment:checking '/home/lattapol/microros_ws/install/micro_ros_msgs/lib/pkgconfig/micro_ros_msgs.pc'
[0.487s] Level 1:colcon.colcon_core.environment:checking '/home/lattapol/microros_ws/install/micro_ros_msgs/lib/python3.10/site-packages'
[0.487s] Level 1:colcon.colcon_core.environment:checking '/home/lattapol/microros_ws/install/micro_ros_msgs/bin'
[0.487s] INFO:colcon.colcon_core.shell:Creating package script '/home/lattapol/microros_ws/install/micro_ros_msgs/share/micro_ros_msgs/package.ps1'
[0.487s] INFO:colcon.colcon_core.shell:Creating package descriptor '/home/lattapol/microros_ws/install/micro_ros_msgs/share/micro_ros_msgs/package.dsv'
[0.488s] INFO:colcon.colcon_core.shell:Creating package script '/home/lattapol/microros_ws/install/micro_ros_msgs/share/micro_ros_msgs/package.sh'
[0.488s] INFO:colcon.colcon_core.shell:Creating package script '/home/lattapol/microros_ws/install/micro_ros_msgs/share/micro_ros_msgs/package.bash'
[0.488s] INFO:colcon.colcon_core.shell:Creating package script '/home/lattapol/microros_ws/install/micro_ros_msgs/share/micro_ros_msgs/package.zsh'
[0.488s] Level 1:colcon.colcon_core.environment:create_file_with_runtime_dependencies(/home/lattapol/microros_ws/install/micro_ros_msgs/share/colcon-core/packages/micro_ros_msgs)
[0.488s] INFO:colcon.colcon_ros.task.ament_cmake.build:Building ROS package in '/home/lattapol/microros_ws/src/uros/micro-ROS-Agent/micro_ros_agent' with build type 'ament_cmake'
[0.488s] INFO:colcon.colcon_cmake.task.cmake.build:Building CMake package in '/home/lattapol/microros_ws/src/uros/micro-ROS-Agent/micro_ros_agent'
[0.489s] INFO:colcon.colcon_core.shell:Skip shell extension 'powershell' for command environment: Not usable outside of PowerShell
[0.489s] DEBUG:colcon.colcon_core.shell:Skip shell extension 'dsv' for command environment
[0.500s] DEBUG:colcon.colcon_core.event_handler.log_command:Invoking command in '/home/lattapol/microros_ws/build/micro_ros_agent': CMAKE_PREFIX_PATH=/home/lattapol/microros_ws/install/micro_ros_msgs:/home/lattapol/bowa_ws/install/v4l2_camera:/home/lattapol/bowa_ws/install/rviz_speed_panel:/home/lattapol/bowa_ws/install/ekf_localization_pkg:/home/lattapol/bowa_ws/install/robot_localization:/home/lattapol/bowa_ws/install/rf2o_laser_odometry:/home/lattapol/bowa_ws/install/micro_ros_setup:/home/lattapol/bowa_ws/install/micro_ros_agent:/home/lattapol/bowa_ws/install/micro_ros_msgs:/home/lattapol/bowa_ws/install/ldlidar:/home/lattapol/bowa_ws/install/laser_geometry:/home/lattapol/bowa_ws/install/camera_node:/home/lattapol/microros_ws/install/micro_ros_setup:/home/lattapol/microros_ws/install/micro_ros_agent:/home/lattapol/bowa_ws/install/usb_cam_bringup:/home/lattapol/bowa_ws/install/sensor_fusion_utils:/home/lattapol/bowa_ws/install/path_odom:/home/lattapol/bowa_ws/install/ndt_speed_estimator:/home/lattapol/bowa_ws/install/motor_adapter:/home/lattapol/bowa_ws/install/lidar_nav:/home/lattapol/bowa_ws/install/lidar_launch:/home/lattapol/bowa_ws/install/lidar_cropper:/home/lattapol/bowa_ws/install/laser_geometry_converter:/home/lattapol/bowa_ws/install/gps_imu_ekf:/home/lattapol/bowa_ws/install/gps_2d_odom:/home/lattapol/bowa_ws/install/esp_sensors_bridge:/home/lattapol/bowa_ws/install/bowa_launch:/opt/ros/humble LD_LIBRARY_PATH=/home/lattapol/microros_ws/install/micro_ros_msgs/lib:/home/lattapol/bowa_ws/install/v4l2_camera/lib:/home/lattapol/bowa_ws/install/rviz_speed_panel/lib:/home/lattapol/bowa_ws/install/robot_localization/lib:/home/lattapol/bowa_ws/install/micro_ros_agent/lib:/home/lattapol/bowa_ws/install/micro_ros_msgs/lib:/home/lattapol/bowa_ws/install/laser_geometry/lib:/home/lattapol/bowa_ws/install/camera_node/lib:/home/lattapol/microros_ws/install/micro_ros_agent/lib:/opt/ros/humble/opt/rviz_ogre_vendor/lib:/opt/ros/humble/lib/x86_64-linux-gnu:/opt/ros/humble/lib /usr/bin/cmake --build /home/lattapol/microros_ws/build/micro_ros_agent -- -j22 -l22
[0.548s] DEBUG:colcon.colcon_core.event_handler.log_command:Invoked command in '/home/lattapol/microros_ws/build/micro_ros_agent' returned '0': CMAKE_PREFIX_PATH=/home/lattapol/microros_ws/install/micro_ros_msgs:/home/lattapol/bowa_ws/install/v4l2_camera:/home/lattapol/bowa_ws/install/rviz_speed_panel:/home/lattapol/bowa_ws/install/ekf_localization_pkg:/home/lattapol/bowa_ws/install/robot_localization:/home/lattapol/bowa_ws/install/rf2o_laser_odometry:/home/lattapol/bowa_ws/install/micro_ros_setup:/home/lattapol/bowa_ws/install/micro_ros_agent:/home/lattapol/bowa_ws/install/micro_ros_msgs:/home/lattapol/bowa_ws/install/ldlidar:/home/lattapol/bowa_ws/install/laser_geometry:/home/lattapol/bowa_ws/install/camera_node:/home/lattapol/microros_ws/install/micro_ros_setup:/home/lattapol/microros_ws/install/micro_ros_agent:/home/lattapol/bowa_ws/install/usb_cam_bringup:/home/lattapol/bowa_ws/install/sensor_fusion_utils:/home/lattapol/bowa_ws/install/path_odom:/home/lattapol/bowa_ws/install/ndt_speed_estimator:/home/lattapol/bowa_ws/install/motor_adapter:/home/lattapol/bowa_ws/install/lidar_nav:/home/lattapol/bowa_ws/install/lidar_launch:/home/lattapol/bowa_ws/install/lidar_cropper:/home/lattapol/bowa_ws/install/laser_geometry_converter:/home/lattapol/bowa_ws/install/gps_imu_ekf:/home/lattapol/bowa_ws/install/gps_2d_odom:/home/lattapol/bowa_ws/install/esp_sensors_bridge:/home/lattapol/bowa_ws/install/bowa_launch:/opt/ros/humble LD_LIBRARY_PATH=/home/lattapol/microros_ws/install/micro_ros_msgs/lib:/home/lattapol/bowa_ws/install/v4l2_camera/lib:/home/lattapol/bowa_ws/install/rviz_speed_panel/lib:/home/lattapol/bowa_ws/install/robot_localization/lib:/home/lattapol/bowa_ws/install/micro_ros_agent/lib:/home/lattapol/bowa_ws/install/micro_ros_msgs/lib:/home/lattapol/bowa_ws/install/laser_geometry/lib:/home/lattapol/bowa_ws/install/camera_node/lib:/home/lattapol/microros_ws/install/micro_ros_agent/lib:/opt/ros/humble/opt/rviz_ogre_vendor/lib:/opt/ros/humble/lib/x86_64-linux-gnu:/opt/ros/humble/lib /usr/bin/cmake --build /home/lattapol/microros_ws/build/micro_ros_agent -- -j22 -l22
[0.549s] DEBUG:colcon.colcon_core.event_handler.log_command:Invoking command in '/home/lattapol/microros_ws/build/micro_ros_agent': CMAKE_PREFIX_PATH=/home/lattapol/microros_ws/install/micro_ros_msgs:/home/lattapol/bowa_ws/install/v4l2_camera:/home/lattapol/bowa_ws/install/rviz_speed_panel:/home/lattapol/bowa_ws/install/ekf_localization_pkg:/home/lattapol/bowa_ws/install/robot_localization:/home/lattapol/bowa_ws/install/rf2o_laser_odometry:/home/lattapol/bowa_ws/install/micro_ros_setup:/home/lattapol/bowa_ws/install/micro_ros_agent:/home/lattapol/bowa_ws/install/micro_ros_msgs:/home/lattapol/bowa_ws/install/ldlidar:/home/lattapol/bowa_ws/install/laser_geometry:/home/lattapol/bowa_ws/install/camera_node:/home/lattapol/microros_ws/install/micro_ros_setup:/home/lattapol/microros_ws/install/micro_ros_agent:/home/lattapol/bowa_ws/install/usb_cam_bringup:/home/lattapol/bowa_ws/install/sensor_fusion_utils:/home/lattapol/bowa_ws/install/path_odom:/home/lattapol/bowa_ws/install/ndt_speed_estimator:/home/lattapol/bowa_ws/install/motor_adapter:/home/lattapol/bowa_ws/install/lidar_nav:/home/lattapol/bowa_ws/install/lidar_launch:/home/lattapol/bowa_ws/install/lidar_cropper:/home/lattapol/bowa_ws/install/laser_geometry_converter:/home/lattapol/bowa_ws/install/gps_imu_ekf:/home/lattapol/bowa_ws/install/gps_2d_odom:/home/lattapol/bowa_ws/install/esp_sensors_bridge:/home/lattapol/bowa_ws/install/bowa_launch:/opt/ros/humble LD_LIBRARY_PATH=/home/lattapol/microros_ws/install/micro_ros_msgs/lib:/home/lattapol/bowa_ws/install/v4l2_camera/lib:/home/lattapol/bowa_ws/install/rviz_speed_panel/lib:/home/lattapol/bowa_ws/install/robot_localization/lib:/home/lattapol/bowa_ws/install/micro_ros_agent/lib:/home/lattapol/bowa_ws/install/micro_ros_msgs/lib:/home/lattapol/bowa_ws/install/laser_geometry/lib:/home/lattapol/bowa_ws/install/camera_node/lib:/home/lattapol/microros_ws/install/micro_ros_agent/lib:/opt/ros/humble/opt/rviz_ogre_vendor/lib:/opt/ros/humble/lib/x86_64-linux-gnu:/opt/ros/humble/lib /usr/bin/cmake --install /home/lattapol/microros_ws/build/micro_ros_agent
[0.556s] Level 1:colcon.colcon_core.environment:create_environment_scripts_only(micro_ros_agent)
[0.556s] Level 1:colcon.colcon_core.environment:checking '/home/lattapol/microros_ws/install/micro_ros_agent' for CMake module files
[0.557s] DEBUG:colcon.colcon_core.event_handler.log_command:Invoked command in '/home/lattapol/microros_ws/build/micro_ros_agent' returned '0': CMAKE_PREFIX_PATH=/home/lattapol/microros_ws/install/micro_ros_msgs:/home/lattapol/bowa_ws/install/v4l2_camera:/home/lattapol/bowa_ws/install/rviz_speed_panel:/home/lattapol/bowa_ws/install/ekf_localization_pkg:/home/lattapol/bowa_ws/install/robot_localization:/home/lattapol/bowa_ws/install/rf2o_laser_odometry:/home/lattapol/bowa_ws/install/micro_ros_setup:/home/lattapol/bowa_ws/install/micro_ros_agent:/home/lattapol/bowa_ws/install/micro_ros_msgs:/home/lattapol/bowa_ws/install/ldlidar:/home/lattapol/bowa_ws/install/laser_geometry:/home/lattapol/bowa_ws/install/camera_node:/home/lattapol/microros_ws/install/micro_ros_setup:/home/lattapol/microros_ws/install/micro_ros_agent:/home/lattapol/bowa_ws/install/usb_cam_bringup:/home/lattapol/bowa_ws/install/sensor_fusion_utils:/home/lattapol/bowa_ws/install/path_odom:/home/lattapol/bowa_ws/install/ndt_speed_estimator:/home/lattapol/bowa_ws/install/motor_adapter:/home/lattapol/bowa_ws/install/lidar_nav:/home/lattapol/bowa_ws/install/lidar_launch:/home/lattapol/bowa_ws/install/lidar_cropper:/home/lattapol/bowa_ws/install/laser_geometry_converter:/home/lattapol/bowa_ws/install/gps_imu_ekf:/home/lattapol/bowa_ws/install/gps_2d_odom:/home/lattapol/bowa_ws/install/esp_sensors_bridge:/home/lattapol/bowa_ws/install/bowa_launch:/opt/ros/humble LD_LIBRARY_PATH=/home/lattapol/microros_ws/install/micro_ros_msgs/lib:/home/lattapol/bowa_ws/install/v4l2_camera/lib:/home/lattapol/bowa_ws/install/rviz_speed_panel/lib:/home/lattapol/bowa_ws/install/robot_localization/lib:/home/lattapol/bowa_ws/install/micro_ros_agent/lib:/home/lattapol/bowa_ws/install/micro_ros_msgs/lib:/home/lattapol/bowa_ws/install/laser_geometry/lib:/home/lattapol/bowa_ws/install/camera_node/lib:/home/lattapol/microros_ws/install/micro_ros_agent/lib:/opt/ros/humble/opt/rviz_ogre_vendor/lib:/opt/ros/humble/lib/x86_64-linux-gnu:/opt/ros/humble/lib /usr/bin/cmake --install /home/lattapol/microros_ws/build/micro_ros_agent
[0.557s] Level 1:colcon.colcon_core.environment:checking '/home/lattapol/microros_ws/install/micro_ros_agent' for CMake config files
[0.557s] Level 1:colcon.colcon_core.shell:create_environment_hook('micro_ros_agent', 'cmake_prefix_path')
[0.558s] INFO:colcon.colcon_core.shell:Creating environment hook '/home/lattapol/microros_ws/install/micro_ros_agent/share/micro_ros_agent/hook/cmake_prefix_path.ps1'
[0.558s] INFO:colcon.colcon_core.shell:Creating environment descriptor '/home/lattapol/microros_ws/install/micro_ros_agent/share/micro_ros_agent/hook/cmake_prefix_path.dsv'
[0.558s] INFO:colcon.colcon_core.shell:Creating environment hook '/home/lattapol/microros_ws/install/micro_ros_agent/share/micro_ros_agent/hook/cmake_prefix_path.sh'
[0.558s] Level 1:colcon.colcon_core.environment:checking '/home/lattapol/microros_ws/install/micro_ros_agent/lib'
[0.558s] Level 1:colcon.colcon_core.shell:create_environment_hook('micro_ros_agent', 'ld_library_path_lib')
[0.559s] INFO:colcon.colcon_core.shell:Creating environment hook '/home/lattapol/microros_ws/install/micro_ros_agent/share/micro_ros_agent/hook/ld_library_path_lib.ps1'
[0.559s] INFO:colcon.colcon_core.shell:Creating environment descriptor '/home/lattapol/microros_ws/install/micro_ros_agent/share/micro_ros_agent/hook/ld_library_path_lib.dsv'
[0.559s] INFO:colcon.colcon_core.shell:Creating environment hook '/home/lattapol/microros_ws/install/micro_ros_agent/share/micro_ros_agent/hook/ld_library_path_lib.sh'
[0.559s] Level 1:colcon.colcon_core.environment:checking '/home/lattapol/microros_ws/install/micro_ros_agent/bin'
[0.559s] Level 1:colcon.colcon_core.environment:checking '/home/lattapol/microros_ws/install/micro_ros_agent/lib/pkgconfig/micro_ros_agent.pc'
[0.559s] Level 1:colcon.colcon_core.environment:checking '/home/lattapol/microros_ws/install/micro_ros_agent/lib/python3.10/site-packages'
[0.559s] Level 1:colcon.colcon_core.environment:checking '/home/lattapol/microros_ws/install/micro_ros_agent/bin'
[0.560s] INFO:colcon.colcon_core.shell:Creating package script '/home/lattapol/microros_ws/install/micro_ros_agent/share/micro_ros_agent/package.ps1'
[0.560s] INFO:colcon.colcon_core.shell:Creating package descriptor '/home/lattapol/microros_ws/install/micro_ros_agent/share/micro_ros_agent/package.dsv'
[0.560s] INFO:colcon.colcon_core.shell:Creating package script '/home/lattapol/microros_ws/install/micro_ros_agent/share/micro_ros_agent/package.sh'
[0.560s] INFO:colcon.colcon_core.shell:Creating package script '/home/lattapol/microros_ws/install/micro_ros_agent/share/micro_ros_agent/package.bash'
[0.560s] INFO:colcon.colcon_core.shell:Creating package script '/home/lattapol/microros_ws/install/micro_ros_agent/share/micro_ros_agent/package.zsh'
[0.561s] Level 1:colcon.colcon_core.environment:create_file_with_runtime_dependencies(/home/lattapol/microros_ws/install/micro_ros_agent/share/colcon-core/packages/micro_ros_agent)
[0.561s] Level 1:colcon.colcon_core.environment:create_environment_scripts_only(micro_ros_agent)
[0.561s] Level 1:colcon.colcon_core.environment:checking '/home/lattapol/microros_ws/install/micro_ros_agent' for CMake module files
[0.561s] Level 1:colcon.colcon_core.environment:checking '/home/lattapol/microros_ws/install/micro_ros_agent' for CMake config files
[0.561s] Level 1:colcon.colcon_core.shell:create_environment_hook('micro_ros_agent', 'cmake_prefix_path')
[0.562s] INFO:colcon.colcon_core.shell:Creating environment hook '/home/lattapol/microros_ws/install/micro_ros_agent/share/micro_ros_agent/hook/cmake_prefix_path.ps1'
[0.630s] INFO:colcon.colcon_core.shell:Creating environment descriptor '/home/lattapol/microros_ws/install/micro_ros_agent/share/micro_ros_agent/hook/cmake_prefix_path.dsv'
[0.630s] INFO:colcon.colcon_core.shell:Creating environment hook '/home/lattapol/microros_ws/install/micro_ros_agent/share/micro_ros_agent/hook/cmake_prefix_path.sh'
[0.631s] Level 1:colcon.colcon_core.environment:checking '/home/lattapol/microros_ws/install/micro_ros_agent/lib'
[0.631s] Level 1:colcon.colcon_core.shell:create_environment_hook('micro_ros_agent', 'ld_library_path_lib')
[0.631s] INFO:colcon.colcon_core.shell:Creating environment hook '/home/lattapol/microros_ws/install/micro_ros_agent/share/micro_ros_agent/hook/ld_library_path_lib.ps1'
[0.632s] INFO:colcon.colcon_core.shell:Creating environment descriptor '/home/lattapol/microros_ws/install/micro_ros_agent/share/micro_ros_agent/hook/ld_library_path_lib.dsv'
[0.632s] INFO:colcon.colcon_core.shell:Creating environment hook '/home/lattapol/microros_ws/install/micro_ros_agent/share/micro_ros_agent/hook/ld_library_path_lib.sh'
[0.632s] Level 1:colcon.colcon_core.environment:checking '/home/lattapol/microros_ws/install/micro_ros_agent/bin'
[0.632s] Level 1:colcon.colcon_core.environment:checking '/home/lattapol/microros_ws/install/micro_ros_agent/lib/pkgconfig/micro_ros_agent.pc'
[0.633s] Level 1:colcon.colcon_core.environment:checking '/home/lattapol/microros_ws/install/micro_ros_agent/lib/python3.10/site-packages'
[0.633s] Level 1:colcon.colcon_core.environment:checking '/home/lattapol/microros_ws/install/micro_ros_agent/bin'
[0.633s] INFO:colcon.colcon_core.shell:Creating package script '/home/lattapol/microros_ws/install/micro_ros_agent/share/micro_ros_agent/package.ps1'
[0.633s] INFO:colcon.colcon_core.shell:Creating package descriptor '/home/lattapol/microros_ws/install/micro_ros_agent/share/micro_ros_agent/package.dsv'
[0.633s] INFO:colcon.colcon_core.shell:Creating package script '/home/lattapol/microros_ws/install/micro_ros_agent/share/micro_ros_agent/package.sh'
[0.634s] INFO:colcon.colcon_core.shell:Creating package script '/home/lattapol/microros_ws/install/micro_ros_agent/share/micro_ros_agent/package.bash'
[0.634s] INFO:colcon.colcon_core.shell:Creating package script '/home/lattapol/microros_ws/install/micro_ros_agent/share/micro_ros_agent/package.zsh'
[0.634s] Level 1:colcon.colcon_core.environment:create_file_with_runtime_dependencies(/home/lattapol/microros_ws/install/micro_ros_agent/share/colcon-core/packages/micro_ros_agent)
[0.634s] DEBUG:colcon.colcon_parallel_executor.executor.parallel:closing loop
[0.634s] DEBUG:colcon.colcon_parallel_executor.executor.parallel:loop closed
[0.634s] DEBUG:colcon.colcon_parallel_executor.executor.parallel:run_until_complete finished with '0'
[0.634s] DEBUG:colcon.colcon_core.event_reactor:joining thread
[0.639s] INFO:colcon.colcon_core.plugin_system:Skipping extension 'colcon_notification.desktop_notification.terminal_notifier': Not used on non-Darwin systems
[0.639s] INFO:colcon.colcon_core.plugin_system:Skipping extension 'colcon_notification.desktop_notification.win32': Not used on non-Windows systems
[0.639s] INFO:colcon.colcon_notification.desktop_notification:Sending desktop notification using 'notify2'
[0.647s] DEBUG:colcon.colcon_core.event_reactor:joined thread
[0.647s] INFO:colcon.colcon_core.shell:Creating prefix script '/home/lattapol/microros_ws/install/local_setup.ps1'
[0.648s] INFO:colcon.colcon_core.shell:Creating prefix util module '/home/lattapol/microros_ws/install/_local_setup_util_ps1.py'
[0.649s] INFO:colcon.colcon_core.shell:Creating prefix chain script '/home/lattapol/microros_ws/install/setup.ps1'
[0.650s] INFO:colcon.colcon_core.shell:Creating prefix script '/home/lattapol/microros_ws/install/local_setup.sh'
[0.651s] INFO:colcon.colcon_core.shell:Creating prefix util module '/home/lattapol/microros_ws/install/_local_setup_util_sh.py'
[0.651s] INFO:colcon.colcon_core.shell:Creating prefix chain script '/home/lattapol/microros_ws/install/setup.sh'
[0.652s] INFO:colcon.colcon_core.shell:Creating prefix script '/home/lattapol/microros_ws/install/local_setup.bash'
[0.653s] INFO:colcon.colcon_core.shell:Creating prefix chain script '/home/lattapol/microros_ws/install/setup.bash'
[0.653s] INFO:colcon.colcon_core.shell:Creating prefix script '/home/lattapol/microros_ws/install/local_setup.zsh'
[0.654s] INFO:colcon.colcon_core.shell:Creating prefix chain script '/home/lattapol/microros_ws/install/setup.zsh'
