[0.094s] DEBUG:colcon:Command line arguments: ['/usr/bin/colcon', 'build']
[0.094s] DEBUG:colcon:Parsed command line arguments: Namespace(log_base=None, log_level=None, verb_name='build', build_base='build', install_base='install', merge_install=False, symlink_install=False, test_result_base=None, continue_on_error=False, executor='parallel', parallel_workers=22, event_handlers=None, ignore_user_meta=False, metas=['./colcon.meta'], base_paths=['.'], packages_ignore=None, packages_ignore_regex=None, paths=None, packages_up_to=None, packages_up_to_regex=None, packages_above=None, packages_above_and_dependencies=None, packages_above_depth=None, packages_select_by_dep=None, packages_skip_by_dep=None, packages_skip_up_to=None, packages_select_build_failed=False, packages_skip_build_finished=False, packages_select_test_failures=False, packages_skip_test_passed=False, packages_select=None, packages_skip=None, packages_select_regex=None, packages_skip_regex=None, packages_start=None, packages_end=None, allow_overriding=[], cmake_args=None, cmake_target=None, cmake_target_skip_unavailable=False, cmake_clean_cache=False, cmake_clean_first=False, cmake_force_configure=False, ament_cmake_args=None, catkin_cmake_args=None, catkin_skip_building_tests=False, mixin_files=None, mixin=None, verb_parser=<colcon_mixin.mixin.mixin_argument.MixinArgumentDecorator object at 0x7d4c7ab25cc0>, verb_extension=<colcon_core.verb.build.BuildVerb object at 0x7d4c7ac9add0>, main=<bound method BuildVerb.main of <colcon_core.verb.build.BuildVerb object at 0x7d4c7ac9add0>>, mixin_verb=('build',))
[0.279s] Level 1:colcon.colcon_core.package_discovery:discover_packages(colcon_meta) check parameters
[0.279s] Level 1:colcon.colcon_core.package_discovery:discover_packages(recursive) check parameters
[0.279s] Level 1:colcon.colcon_core.package_discovery:discover_packages(ignore) check parameters
[0.279s] Level 1:colcon.colcon_core.package_discovery:discover_packages(path) check parameters
[0.279s] Level 1:colcon.colcon_core.package_discovery:discover_packages(colcon_meta) discover
[0.279s] Level 1:colcon.colcon_core.package_discovery:discover_packages(recursive) discover
[0.279s] INFO:colcon.colcon_core.package_discovery:Crawling recursively for packages in '/home/lattapol/microros_ws'
[0.279s] Level 1:colcon.colcon_core.package_identification:_identify(.) by extensions ['ignore', 'ignore_ament_install']
[0.279s] Level 1:colcon.colcon_core.package_identification:_identify(.) by extension 'ignore'
[0.279s] Level 1:colcon.colcon_core.package_identification:_identify(.) by extension 'ignore_ament_install'
[0.279s] Level 1:colcon.colcon_core.package_identification:_identify(.) by extensions ['colcon_pkg']
[0.279s] Level 1:colcon.colcon_core.package_identification:_identify(.) by extension 'colcon_pkg'
[0.279s] Level 1:colcon.colcon_core.package_identification:_identify(.) by extensions ['colcon_meta']
[0.279s] Level 1:colcon.colcon_core.package_identification:_identify(.) by extension 'colcon_meta'
[0.279s] Level 1:colcon.colcon_core.package_identification:_identify(.) by extensions ['ros']
[0.279s] Level 1:colcon.colcon_core.package_identification:_identify(.) by extension 'ros'
[0.288s] Level 1:colcon.colcon_core.package_identification:_identify(.) by extensions ['cmake', 'python']
[0.288s] Level 1:colcon.colcon_core.package_identification:_identify(.) by extension 'cmake'
[0.288s] Level 1:colcon.colcon_core.package_identification:_identify(.) by extension 'python'
[0.288s] Level 1:colcon.colcon_core.package_identification:_identify(.) by extensions ['python_setup_py']
[0.288s] Level 1:colcon.colcon_core.package_identification:_identify(.) by extension 'python_setup_py'
[0.288s] Level 1:colcon.colcon_core.package_identification:_identify(build) by extensions ['ignore', 'ignore_ament_install']
[0.288s] Level 1:colcon.colcon_core.package_identification:_identify(build) by extension 'ignore'
[0.288s] Level 1:colcon.colcon_core.package_identification:_identify(build) ignored
[0.288s] Level 1:colcon.colcon_core.package_identification:_identify(install) by extensions ['ignore', 'ignore_ament_install']
[0.288s] Level 1:colcon.colcon_core.package_identification:_identify(install) by extension 'ignore'
[0.288s] Level 1:colcon.colcon_core.package_identification:_identify(install) ignored
[0.288s] Level 1:colcon.colcon_core.package_identification:_identify(log) by extensions ['ignore', 'ignore_ament_install']
[0.288s] Level 1:colcon.colcon_core.package_identification:_identify(log) by extension 'ignore'
[0.289s] Level 1:colcon.colcon_core.package_identification:_identify(log) ignored
[0.289s] Level 1:colcon.colcon_core.package_identification:_identify(src) by extensions ['ignore', 'ignore_ament_install']
[0.289s] Level 1:colcon.colcon_core.package_identification:_identify(src) by extension 'ignore'
[0.289s] Level 1:colcon.colcon_core.package_identification:_identify(src) by extension 'ignore_ament_install'
[0.289s] Level 1:colcon.colcon_core.package_identification:_identify(src) by extensions ['colcon_pkg']
[0.289s] Level 1:colcon.colcon_core.package_identification:_identify(src) by extension 'colcon_pkg'
[0.289s] Level 1:colcon.colcon_core.package_identification:_identify(src) by extensions ['colcon_meta']
[0.289s] Level 1:colcon.colcon_core.package_identification:_identify(src) by extension 'colcon_meta'
[0.289s] Level 1:colcon.colcon_core.package_identification:_identify(src) by extensions ['ros']
[0.289s] Level 1:colcon.colcon_core.package_identification:_identify(src) by extension 'ros'
[0.289s] Level 1:colcon.colcon_core.package_identification:_identify(src) by extensions ['cmake', 'python']
[0.289s] Level 1:colcon.colcon_core.package_identification:_identify(src) by extension 'cmake'
[0.289s] Level 1:colcon.colcon_core.package_identification:_identify(src) by extension 'python'
[0.289s] Level 1:colcon.colcon_core.package_identification:_identify(src) by extensions ['python_setup_py']
[0.289s] Level 1:colcon.colcon_core.package_identification:_identify(src) by extension 'python_setup_py'
[0.289s] Level 1:colcon.colcon_core.package_identification:_identify(src/micro_ros_setup) by extensions ['ignore', 'ignore_ament_install']
[0.289s] Level 1:colcon.colcon_core.package_identification:_identify(src/micro_ros_setup) by extension 'ignore'
[0.289s] Level 1:colcon.colcon_core.package_identification:_identify(src/micro_ros_setup) by extension 'ignore_ament_install'
[0.289s] Level 1:colcon.colcon_core.package_identification:_identify(src/micro_ros_setup) by extensions ['colcon_pkg']
[0.289s] Level 1:colcon.colcon_core.package_identification:_identify(src/micro_ros_setup) by extension 'colcon_pkg'
[0.289s] Level 1:colcon.colcon_core.package_identification:_identify(src/micro_ros_setup) by extensions ['colcon_meta']
[0.289s] Level 1:colcon.colcon_core.package_identification:_identify(src/micro_ros_setup) by extension 'colcon_meta'
[0.289s] Level 1:colcon.colcon_core.package_identification:_identify(src/micro_ros_setup) by extensions ['ros']
[0.289s] Level 1:colcon.colcon_core.package_identification:_identify(src/micro_ros_setup) by extension 'ros'
[0.291s] DEBUG:colcon.colcon_core.package_identification:Package 'src/micro_ros_setup' with type 'ros.ament_cmake' and name 'micro_ros_setup'
[0.291s] Level 1:colcon.colcon_core.package_identification:_identify(src/microros_launch) by extensions ['ignore', 'ignore_ament_install']
[0.292s] Level 1:colcon.colcon_core.package_identification:_identify(src/microros_launch) by extension 'ignore'
[0.292s] Level 1:colcon.colcon_core.package_identification:_identify(src/microros_launch) by extension 'ignore_ament_install'
[0.292s] Level 1:colcon.colcon_core.package_identification:_identify(src/microros_launch) by extensions ['colcon_pkg']
[0.292s] Level 1:colcon.colcon_core.package_identification:_identify(src/microros_launch) by extension 'colcon_pkg'
[0.292s] Level 1:colcon.colcon_core.package_identification:_identify(src/microros_launch) by extensions ['colcon_meta']
[0.292s] Level 1:colcon.colcon_core.package_identification:_identify(src/microros_launch) by extension 'colcon_meta'
[0.292s] Level 1:colcon.colcon_core.package_identification:_identify(src/microros_launch) by extensions ['ros']
[0.292s] Level 1:colcon.colcon_core.package_identification:_identify(src/microros_launch) by extension 'ros'
[0.292s] Level 1:colcon.colcon_core.package_identification:_identify(src/microros_launch) by extensions ['cmake', 'python']
[0.292s] Level 1:colcon.colcon_core.package_identification:_identify(src/microros_launch) by extension 'cmake'
[0.292s] Level 1:colcon.colcon_core.package_identification:_identify(src/microros_launch) by extension 'python'
[0.292s] Level 1:colcon.colcon_core.package_identification:_identify(src/microros_launch) by extensions ['python_setup_py']
[0.292s] Level 1:colcon.colcon_core.package_identification:_identify(src/microros_launch) by extension 'python_setup_py'
[0.292s] Level 1:colcon.colcon_core.package_identification:_identify(src/microros_launch/launch) by extensions ['ignore', 'ignore_ament_install']
[0.292s] Level 1:colcon.colcon_core.package_identification:_identify(src/microros_launch/launch) by extension 'ignore'
[0.292s] Level 1:colcon.colcon_core.package_identification:_identify(src/microros_launch/launch) by extension 'ignore_ament_install'
[0.292s] Level 1:colcon.colcon_core.package_identification:_identify(src/microros_launch/launch) by extensions ['colcon_pkg']
[0.292s] Level 1:colcon.colcon_core.package_identification:_identify(src/microros_launch/launch) by extension 'colcon_pkg'
[0.292s] Level 1:colcon.colcon_core.package_identification:_identify(src/microros_launch/launch) by extensions ['colcon_meta']
[0.292s] Level 1:colcon.colcon_core.package_identification:_identify(src/microros_launch/launch) by extension 'colcon_meta'
[0.292s] Level 1:colcon.colcon_core.package_identification:_identify(src/microros_launch/launch) by extensions ['ros']
[0.292s] Level 1:colcon.colcon_core.package_identification:_identify(src/microros_launch/launch) by extension 'ros'
[0.292s] Level 1:colcon.colcon_core.package_identification:_identify(src/microros_launch/launch) by extensions ['cmake', 'python']
[0.292s] Level 1:colcon.colcon_core.package_identification:_identify(src/microros_launch/launch) by extension 'cmake'
[0.292s] Level 1:colcon.colcon_core.package_identification:_identify(src/microros_launch/launch) by extension 'python'
[0.292s] Level 1:colcon.colcon_core.package_identification:_identify(src/microros_launch/launch) by extensions ['python_setup_py']
[0.292s] Level 1:colcon.colcon_core.package_identification:_identify(src/microros_launch/launch) by extension 'python_setup_py'
[0.292s] Level 1:colcon.colcon_core.package_identification:_identify(src/uros) by extensions ['ignore', 'ignore_ament_install']
[0.292s] Level 1:colcon.colcon_core.package_identification:_identify(src/uros) by extension 'ignore'
[0.292s] Level 1:colcon.colcon_core.package_identification:_identify(src/uros) by extension 'ignore_ament_install'
[0.292s] Level 1:colcon.colcon_core.package_identification:_identify(src/uros) by extensions ['colcon_pkg']
[0.292s] Level 1:colcon.colcon_core.package_identification:_identify(src/uros) by extension 'colcon_pkg'
[0.292s] Level 1:colcon.colcon_core.package_identification:_identify(src/uros) by extensions ['colcon_meta']
[0.292s] Level 1:colcon.colcon_core.package_identification:_identify(src/uros) by extension 'colcon_meta'
[0.292s] Level 1:colcon.colcon_core.package_identification:_identify(src/uros) by extensions ['ros']
[0.292s] Level 1:colcon.colcon_core.package_identification:_identify(src/uros) by extension 'ros'
[0.292s] Level 1:colcon.colcon_core.package_identification:_identify(src/uros) by extensions ['cmake', 'python']
[0.293s] Level 1:colcon.colcon_core.package_identification:_identify(src/uros) by extension 'cmake'
[0.293s] Level 1:colcon.colcon_core.package_identification:_identify(src/uros) by extension 'python'
[0.293s] Level 1:colcon.colcon_core.package_identification:_identify(src/uros) by extensions ['python_setup_py']
[0.293s] Level 1:colcon.colcon_core.package_identification:_identify(src/uros) by extension 'python_setup_py'
[0.293s] Level 1:colcon.colcon_core.package_identification:_identify(src/uros/micro-ROS-Agent) by extensions ['ignore', 'ignore_ament_install']
[0.293s] Level 1:colcon.colcon_core.package_identification:_identify(src/uros/micro-ROS-Agent) by extension 'ignore'
[0.293s] Level 1:colcon.colcon_core.package_identification:_identify(src/uros/micro-ROS-Agent) by extension 'ignore_ament_install'
[0.293s] Level 1:colcon.colcon_core.package_identification:_identify(src/uros/micro-ROS-Agent) by extensions ['colcon_pkg']
[0.293s] Level 1:colcon.colcon_core.package_identification:_identify(src/uros/micro-ROS-Agent) by extension 'colcon_pkg'
[0.293s] Level 1:colcon.colcon_core.package_identification:_identify(src/uros/micro-ROS-Agent) by extensions ['colcon_meta']
[0.293s] Level 1:colcon.colcon_core.package_identification:_identify(src/uros/micro-ROS-Agent) by extension 'colcon_meta'
[0.293s] Level 1:colcon.colcon_core.package_identification:_identify(src/uros/micro-ROS-Agent) by extensions ['ros']
[0.293s] Level 1:colcon.colcon_core.package_identification:_identify(src/uros/micro-ROS-Agent) by extension 'ros'
[0.293s] Level 1:colcon.colcon_core.package_identification:_identify(src/uros/micro-ROS-Agent) by extensions ['cmake', 'python']
[0.293s] Level 1:colcon.colcon_core.package_identification:_identify(src/uros/micro-ROS-Agent) by extension 'cmake'
[0.293s] Level 1:colcon.colcon_core.package_identification:_identify(src/uros/micro-ROS-Agent) by extension 'python'
[0.293s] Level 1:colcon.colcon_core.package_identification:_identify(src/uros/micro-ROS-Agent) by extensions ['python_setup_py']
[0.293s] Level 1:colcon.colcon_core.package_identification:_identify(src/uros/micro-ROS-Agent) by extension 'python_setup_py'
[0.293s] Level 1:colcon.colcon_core.package_identification:_identify(src/uros/micro-ROS-Agent/micro_ros_agent) by extensions ['ignore', 'ignore_ament_install']
[0.293s] Level 1:colcon.colcon_core.package_identification:_identify(src/uros/micro-ROS-Agent/micro_ros_agent) by extension 'ignore'
[0.293s] Level 1:colcon.colcon_core.package_identification:_identify(src/uros/micro-ROS-Agent/micro_ros_agent) by extension 'ignore_ament_install'
[0.293s] Level 1:colcon.colcon_core.package_identification:_identify(src/uros/micro-ROS-Agent/micro_ros_agent) by extensions ['colcon_pkg']
[0.293s] Level 1:colcon.colcon_core.package_identification:_identify(src/uros/micro-ROS-Agent/micro_ros_agent) by extension 'colcon_pkg'
[0.293s] Level 1:colcon.colcon_core.package_identification:_identify(src/uros/micro-ROS-Agent/micro_ros_agent) by extensions ['colcon_meta']
[0.293s] Level 1:colcon.colcon_core.package_identification:_identify(src/uros/micro-ROS-Agent/micro_ros_agent) by extension 'colcon_meta'
[0.293s] Level 1:colcon.colcon_core.package_identification:_identify(src/uros/micro-ROS-Agent/micro_ros_agent) by extensions ['ros']
[0.293s] Level 1:colcon.colcon_core.package_identification:_identify(src/uros/micro-ROS-Agent/micro_ros_agent) by extension 'ros'
[0.294s] DEBUG:colcon.colcon_core.package_identification:Package 'src/uros/micro-ROS-Agent/micro_ros_agent' with type 'ros.ament_cmake' and name 'micro_ros_agent'
[0.294s] Level 1:colcon.colcon_core.package_identification:_identify(src/uros/micro-ROS-Agent/snap) by extensions ['ignore', 'ignore_ament_install']
[0.294s] Level 1:colcon.colcon_core.package_identification:_identify(src/uros/micro-ROS-Agent/snap) by extension 'ignore'
[0.294s] Level 1:colcon.colcon_core.package_identification:_identify(src/uros/micro-ROS-Agent/snap) by extension 'ignore_ament_install'
[0.294s] Level 1:colcon.colcon_core.package_identification:_identify(src/uros/micro-ROS-Agent/snap) by extensions ['colcon_pkg']
[0.294s] Level 1:colcon.colcon_core.package_identification:_identify(src/uros/micro-ROS-Agent/snap) by extension 'colcon_pkg'
[0.294s] Level 1:colcon.colcon_core.package_identification:_identify(src/uros/micro-ROS-Agent/snap) by extensions ['colcon_meta']
[0.294s] Level 1:colcon.colcon_core.package_identification:_identify(src/uros/micro-ROS-Agent/snap) by extension 'colcon_meta'
[0.294s] Level 1:colcon.colcon_core.package_identification:_identify(src/uros/micro-ROS-Agent/snap) by extensions ['ros']
[0.294s] Level 1:colcon.colcon_core.package_identification:_identify(src/uros/micro-ROS-Agent/snap) by extension 'ros'
[0.294s] Level 1:colcon.colcon_core.package_identification:_identify(src/uros/micro-ROS-Agent/snap) by extensions ['cmake', 'python']
[0.294s] Level 1:colcon.colcon_core.package_identification:_identify(src/uros/micro-ROS-Agent/snap) by extension 'cmake'
[0.294s] Level 1:colcon.colcon_core.package_identification:_identify(src/uros/micro-ROS-Agent/snap) by extension 'python'
[0.294s] Level 1:colcon.colcon_core.package_identification:_identify(src/uros/micro-ROS-Agent/snap) by extensions ['python_setup_py']
[0.294s] Level 1:colcon.colcon_core.package_identification:_identify(src/uros/micro-ROS-Agent/snap) by extension 'python_setup_py'
[0.295s] Level 1:colcon.colcon_core.package_identification:_identify(src/uros/micro-ROS-Agent/snap/hooks) by extensions ['ignore', 'ignore_ament_install']
[0.295s] Level 1:colcon.colcon_core.package_identification:_identify(src/uros/micro-ROS-Agent/snap/hooks) by extension 'ignore'
[0.295s] Level 1:colcon.colcon_core.package_identification:_identify(src/uros/micro-ROS-Agent/snap/hooks) by extension 'ignore_ament_install'
[0.295s] Level 1:colcon.colcon_core.package_identification:_identify(src/uros/micro-ROS-Agent/snap/hooks) by extensions ['colcon_pkg']
[0.295s] Level 1:colcon.colcon_core.package_identification:_identify(src/uros/micro-ROS-Agent/snap/hooks) by extension 'colcon_pkg'
[0.295s] Level 1:colcon.colcon_core.package_identification:_identify(src/uros/micro-ROS-Agent/snap/hooks) by extensions ['colcon_meta']
[0.295s] Level 1:colcon.colcon_core.package_identification:_identify(src/uros/micro-ROS-Agent/snap/hooks) by extension 'colcon_meta'
[0.295s] Level 1:colcon.colcon_core.package_identification:_identify(src/uros/micro-ROS-Agent/snap/hooks) by extensions ['ros']
[0.295s] Level 1:colcon.colcon_core.package_identification:_identify(src/uros/micro-ROS-Agent/snap/hooks) by extension 'ros'
[0.295s] Level 1:colcon.colcon_core.package_identification:_identify(src/uros/micro-ROS-Agent/snap/hooks) by extensions ['cmake', 'python']
[0.295s] Level 1:colcon.colcon_core.package_identification:_identify(src/uros/micro-ROS-Agent/snap/hooks) by extension 'cmake'
[0.295s] Level 1:colcon.colcon_core.package_identification:_identify(src/uros/micro-ROS-Agent/snap/hooks) by extension 'python'
[0.295s] Level 1:colcon.colcon_core.package_identification:_identify(src/uros/micro-ROS-Agent/snap/hooks) by extensions ['python_setup_py']
[0.295s] Level 1:colcon.colcon_core.package_identification:_identify(src/uros/micro-ROS-Agent/snap/hooks) by extension 'python_setup_py'
[0.295s] Level 1:colcon.colcon_core.package_identification:_identify(src/uros/micro-ROS-Agent/snap/local) by extensions ['ignore', 'ignore_ament_install']
[0.295s] Level 1:colcon.colcon_core.package_identification:_identify(src/uros/micro-ROS-Agent/snap/local) by extension 'ignore'
[0.295s] Level 1:colcon.colcon_core.package_identification:_identify(src/uros/micro-ROS-Agent/snap/local) by extension 'ignore_ament_install'
[0.295s] Level 1:colcon.colcon_core.package_identification:_identify(src/uros/micro-ROS-Agent/snap/local) by extensions ['colcon_pkg']
[0.295s] Level 1:colcon.colcon_core.package_identification:_identify(src/uros/micro-ROS-Agent/snap/local) by extension 'colcon_pkg'
[0.295s] Level 1:colcon.colcon_core.package_identification:_identify(src/uros/micro-ROS-Agent/snap/local) by extensions ['colcon_meta']
[0.295s] Level 1:colcon.colcon_core.package_identification:_identify(src/uros/micro-ROS-Agent/snap/local) by extension 'colcon_meta'
[0.295s] Level 1:colcon.colcon_core.package_identification:_identify(src/uros/micro-ROS-Agent/snap/local) by extensions ['ros']
[0.295s] Level 1:colcon.colcon_core.package_identification:_identify(src/uros/micro-ROS-Agent/snap/local) by extension 'ros'
[0.295s] Level 1:colcon.colcon_core.package_identification:_identify(src/uros/micro-ROS-Agent/snap/local) by extensions ['cmake', 'python']
[0.295s] Level 1:colcon.colcon_core.package_identification:_identify(src/uros/micro-ROS-Agent/snap/local) by extension 'cmake'
[0.295s] Level 1:colcon.colcon_core.package_identification:_identify(src/uros/micro-ROS-Agent/snap/local) by extension 'python'
[0.295s] Level 1:colcon.colcon_core.package_identification:_identify(src/uros/micro-ROS-Agent/snap/local) by extensions ['python_setup_py']
[0.295s] Level 1:colcon.colcon_core.package_identification:_identify(src/uros/micro-ROS-Agent/snap/local) by extension 'python_setup_py'
[0.295s] Level 1:colcon.colcon_core.package_identification:_identify(src/uros/micro_ros_msgs) by extensions ['ignore', 'ignore_ament_install']
[0.295s] Level 1:colcon.colcon_core.package_identification:_identify(src/uros/micro_ros_msgs) by extension 'ignore'
[0.295s] Level 1:colcon.colcon_core.package_identification:_identify(src/uros/micro_ros_msgs) by extension 'ignore_ament_install'
[0.295s] Level 1:colcon.colcon_core.package_identification:_identify(src/uros/micro_ros_msgs) by extensions ['colcon_pkg']
[0.295s] Level 1:colcon.colcon_core.package_identification:_identify(src/uros/micro_ros_msgs) by extension 'colcon_pkg'
[0.295s] Level 1:colcon.colcon_core.package_identification:_identify(src/uros/micro_ros_msgs) by extensions ['colcon_meta']
[0.295s] Level 1:colcon.colcon_core.package_identification:_identify(src/uros/micro_ros_msgs) by extension 'colcon_meta'
[0.295s] Level 1:colcon.colcon_core.package_identification:_identify(src/uros/micro_ros_msgs) by extensions ['ros']
[0.295s] Level 1:colcon.colcon_core.package_identification:_identify(src/uros/micro_ros_msgs) by extension 'ros'
[0.296s] DEBUG:colcon.colcon_core.package_identification:Package 'src/uros/micro_ros_msgs' with type 'ros.ament_cmake' and name 'micro_ros_msgs'
[0.296s] Level 1:colcon.colcon_core.package_discovery:discover_packages(recursive) using defaults
[0.296s] Level 1:colcon.colcon_core.package_discovery:discover_packages(ignore) discover
[0.296s] Level 1:colcon.colcon_core.package_discovery:discover_packages(ignore) using defaults
[0.297s] Level 1:colcon.colcon_core.package_discovery:discover_packages(path) discover
[0.297s] Level 1:colcon.colcon_core.package_discovery:discover_packages(path) using defaults
[0.321s] Level 1:colcon.colcon_core.package_discovery:discover_packages(prefix_path) check parameters
[0.321s] Level 1:colcon.colcon_core.package_discovery:discover_packages(prefix_path) discover
[0.324s] DEBUG:colcon.colcon_installed_package_information.package_discovery:Found 26 installed packages in /home/lattapol/bowa_ws/install
[0.324s] DEBUG:colcon.colcon_installed_package_information.package_discovery:Found 4 installed packages in /home/lattapol/microros_ws/install
[0.325s] DEBUG:colcon.colcon_installed_package_information.package_discovery:Found 296 installed packages in /opt/ros/humble
[0.325s] Level 1:colcon.colcon_core.package_discovery:discover_packages(prefix_path) using defaults
[0.351s] WARNING:colcon.colcon_core.package_selection:Some selected packages are already built in one or more underlay workspaces:
	'micro_ros_msgs' is in: /home/lattapol/bowa_ws/install/micro_ros_msgs, /home/lattapol/microros_ws/install/micro_ros_msgs
If a package in a merged underlay workspace is overridden and it installs headers, then all packages in the overlay must sort their include directories by workspace order. Failure to do so may result in build failures or undefined behavior at run time.
If the overridden package is used by another package in any underlay, then the overriding package in the overlay must be API and ABI compatible or undefined behavior at run time may occur.

If you understand the risks and want to override a package anyways, add the following to the command line:
	--allow-overriding micro_ros_msgs

This may be promoted to an error in a future release of colcon-override-check.
[0.352s] Level 5:colcon.colcon_core.verb:set package 'micro_ros_msgs' build argument 'cmake_args' from command line to 'None'
[0.352s] Level 5:colcon.colcon_core.verb:set package 'micro_ros_msgs' build argument 'cmake_target' from command line to 'None'
[0.352s] Level 5:colcon.colcon_core.verb:set package 'micro_ros_msgs' build argument 'cmake_target_skip_unavailable' from command line to 'False'
[0.352s] Level 5:colcon.colcon_core.verb:set package 'micro_ros_msgs' build argument 'cmake_clean_cache' from command line to 'False'
[0.352s] Level 5:colcon.colcon_core.verb:set package 'micro_ros_msgs' build argument 'cmake_clean_first' from command line to 'False'
[0.352s] Level 5:colcon.colcon_core.verb:set package 'micro_ros_msgs' build argument 'cmake_force_configure' from command line to 'False'
[0.352s] Level 5:colcon.colcon_core.verb:set package 'micro_ros_msgs' build argument 'ament_cmake_args' from command line to 'None'
[0.352s] Level 5:colcon.colcon_core.verb:set package 'micro_ros_msgs' build argument 'catkin_cmake_args' from command line to 'None'
[0.352s] Level 5:colcon.colcon_core.verb:set package 'micro_ros_msgs' build argument 'catkin_skip_building_tests' from command line to 'False'
[0.352s] DEBUG:colcon.colcon_core.verb:Building package 'micro_ros_msgs' with the following arguments: {'ament_cmake_args': None, 'build_base': '/home/lattapol/microros_ws/build/micro_ros_msgs', 'catkin_cmake_args': None, 'catkin_skip_building_tests': False, 'cmake_args': None, 'cmake_clean_cache': False, 'cmake_clean_first': False, 'cmake_force_configure': False, 'cmake_target': None, 'cmake_target_skip_unavailable': False, 'install_base': '/home/lattapol/microros_ws/install/micro_ros_msgs', 'merge_install': False, 'path': '/home/lattapol/microros_ws/src/uros/micro_ros_msgs', 'symlink_install': False, 'test_result_base': None}
[0.352s] Level 5:colcon.colcon_core.verb:set package 'micro_ros_setup' build argument 'cmake_args' from command line to 'None'
[0.352s] Level 5:colcon.colcon_core.verb:set package 'micro_ros_setup' build argument 'cmake_target' from command line to 'None'
[0.352s] Level 5:colcon.colcon_core.verb:set package 'micro_ros_setup' build argument 'cmake_target_skip_unavailable' from command line to 'False'
[0.352s] Level 5:colcon.colcon_core.verb:set package 'micro_ros_setup' build argument 'cmake_clean_cache' from command line to 'False'
[0.352s] Level 5:colcon.colcon_core.verb:set package 'micro_ros_setup' build argument 'cmake_clean_first' from command line to 'False'
[0.352s] Level 5:colcon.colcon_core.verb:set package 'micro_ros_setup' build argument 'cmake_force_configure' from command line to 'False'
[0.352s] Level 5:colcon.colcon_core.verb:set package 'micro_ros_setup' build argument 'ament_cmake_args' from command line to 'None'
[0.352s] Level 5:colcon.colcon_core.verb:set package 'micro_ros_setup' build argument 'catkin_cmake_args' from command line to 'None'
[0.352s] Level 5:colcon.colcon_core.verb:set package 'micro_ros_setup' build argument 'catkin_skip_building_tests' from command line to 'False'
[0.352s] DEBUG:colcon.colcon_core.verb:Building package 'micro_ros_setup' with the following arguments: {'ament_cmake_args': None, 'build_base': '/home/lattapol/microros_ws/build/micro_ros_setup', 'catkin_cmake_args': None, 'catkin_skip_building_tests': False, 'cmake_args': None, 'cmake_clean_cache': False, 'cmake_clean_first': False, 'cmake_force_configure': False, 'cmake_target': None, 'cmake_target_skip_unavailable': False, 'install_base': '/home/lattapol/microros_ws/install/micro_ros_setup', 'merge_install': False, 'path': '/home/lattapol/microros_ws/src/micro_ros_setup', 'symlink_install': False, 'test_result_base': None}
[0.352s] Level 5:colcon.colcon_core.verb:set package 'micro_ros_agent' build argument 'cmake_args' from command line to 'None'
[0.352s] Level 5:colcon.colcon_core.verb:set package 'micro_ros_agent' build argument 'cmake_target' from command line to 'None'
[0.352s] Level 5:colcon.colcon_core.verb:set package 'micro_ros_agent' build argument 'cmake_target_skip_unavailable' from command line to 'False'
[0.352s] Level 5:colcon.colcon_core.verb:set package 'micro_ros_agent' build argument 'cmake_clean_cache' from command line to 'False'
[0.352s] Level 5:colcon.colcon_core.verb:set package 'micro_ros_agent' build argument 'cmake_clean_first' from command line to 'False'
[0.352s] Level 5:colcon.colcon_core.verb:set package 'micro_ros_agent' build argument 'cmake_force_configure' from command line to 'False'
[0.352s] Level 5:colcon.colcon_core.verb:set package 'micro_ros_agent' build argument 'ament_cmake_args' from command line to 'None'
[0.352s] Level 5:colcon.colcon_core.verb:set package 'micro_ros_agent' build argument 'catkin_cmake_args' from command line to 'None'
[0.352s] Level 5:colcon.colcon_core.verb:set package 'micro_ros_agent' build argument 'catkin_skip_building_tests' from command line to 'False'
[0.352s] DEBUG:colcon.colcon_core.verb:Building package 'micro_ros_agent' with the following arguments: {'ament_cmake_args': None, 'build_base': '/home/lattapol/microros_ws/build/micro_ros_agent', 'catkin_cmake_args': None, 'catkin_skip_building_tests': False, 'cmake_args': None, 'cmake_clean_cache': False, 'cmake_clean_first': False, 'cmake_force_configure': False, 'cmake_target': None, 'cmake_target_skip_unavailable': False, 'install_base': '/home/lattapol/microros_ws/install/micro_ros_agent', 'merge_install': False, 'path': '/home/lattapol/microros_ws/src/uros/micro-ROS-Agent/micro_ros_agent', 'symlink_install': False, 'test_result_base': None}
[0.352s] INFO:colcon.colcon_core.executor:Executing jobs using 'parallel' executor
[0.353s] DEBUG:colcon.colcon_parallel_executor.executor.parallel:run_until_complete
[0.353s] INFO:colcon.colcon_ros.task.ament_cmake.build:Building ROS package in '/home/lattapol/microros_ws/src/uros/micro_ros_msgs' with build type 'ament_cmake'
[0.353s] INFO:colcon.colcon_cmake.task.cmake.build:Building CMake package in '/home/lattapol/microros_ws/src/uros/micro_ros_msgs'
[0.356s] INFO:colcon.colcon_core.plugin_system:Skipping extension 'colcon_core.shell.bat': Not used on non-Windows systems
[0.356s] INFO:colcon.colcon_core.shell:Skip shell extension 'powershell' for command environment: Not usable outside of PowerShell
[0.356s] DEBUG:colcon.colcon_core.shell:Skip shell extension 'dsv' for command environment
[0.359s] INFO:colcon.colcon_ros.task.ament_cmake.build:Building ROS package in '/home/lattapol/microros_ws/src/micro_ros_setup' with build type 'ament_cmake'
[0.359s] INFO:colcon.colcon_cmake.task.cmake.build:Building CMake package in '/home/lattapol/microros_ws/src/micro_ros_setup'
[0.359s] INFO:colcon.colcon_core.shell:Skip shell extension 'powershell' for command environment: Not usable outside of PowerShell
[0.359s] DEBUG:colcon.colcon_core.shell:Skip shell extension 'dsv' for command environment
[0.365s] DEBUG:colcon.colcon_core.event_handler.log_command:Invoking command in '/home/lattapol/microros_ws/build/micro_ros_msgs': CMAKE_PREFIX_PATH=${CMAKE_PREFIX_PATH}:/home/lattapol/bowa_ws/install/usb_cam_bringup:/home/lattapol/bowa_ws/install/sensor_fusion_utils:/home/lattapol/bowa_ws/install/path_odom:/home/lattapol/bowa_ws/install/ndt_speed_estimator:/home/lattapol/bowa_ws/install/motor_adapter:/home/lattapol/bowa_ws/install/lidar_nav:/home/lattapol/bowa_ws/install/lidar_launch:/home/lattapol/bowa_ws/install/lidar_cropper:/home/lattapol/bowa_ws/install/laser_geometry_converter:/home/lattapol/bowa_ws/install/gps_imu_ekf:/home/lattapol/bowa_ws/install/gps_2d_odom:/home/lattapol/bowa_ws/install/esp_sensors_bridge:/home/lattapol/bowa_ws/install/bowa_launch:/opt/ros/humble /usr/bin/cmake /home/lattapol/microros_ws/src/uros/micro_ros_msgs -DCMAKE_INSTALL_PREFIX=/home/lattapol/microros_ws/install/micro_ros_msgs
[0.371s] DEBUG:colcon.colcon_core.event_handler.log_command:Invoking command in '/home/lattapol/microros_ws/build/micro_ros_setup': CMAKE_PREFIX_PATH=${CMAKE_PREFIX_PATH}:/home/lattapol/bowa_ws/install/usb_cam_bringup:/home/lattapol/bowa_ws/install/sensor_fusion_utils:/home/lattapol/bowa_ws/install/path_odom:/home/lattapol/bowa_ws/install/ndt_speed_estimator:/home/lattapol/bowa_ws/install/motor_adapter:/home/lattapol/bowa_ws/install/lidar_nav:/home/lattapol/bowa_ws/install/lidar_launch:/home/lattapol/bowa_ws/install/lidar_cropper:/home/lattapol/bowa_ws/install/laser_geometry_converter:/home/lattapol/bowa_ws/install/gps_imu_ekf:/home/lattapol/bowa_ws/install/gps_2d_odom:/home/lattapol/bowa_ws/install/esp_sensors_bridge:/home/lattapol/bowa_ws/install/bowa_launch:/opt/ros/humble /usr/bin/cmake --build /home/lattapol/microros_ws/build/micro_ros_setup -- -j22 -l22
[0.417s] DEBUG:colcon.colcon_core.event_handler.log_command:Invoked command in '/home/lattapol/microros_ws/build/micro_ros_setup' returned '0': CMAKE_PREFIX_PATH=${CMAKE_PREFIX_PATH}:/home/lattapol/bowa_ws/install/usb_cam_bringup:/home/lattapol/bowa_ws/install/sensor_fusion_utils:/home/lattapol/bowa_ws/install/path_odom:/home/lattapol/bowa_ws/install/ndt_speed_estimator:/home/lattapol/bowa_ws/install/motor_adapter:/home/lattapol/bowa_ws/install/lidar_nav:/home/lattapol/bowa_ws/install/lidar_launch:/home/lattapol/bowa_ws/install/lidar_cropper:/home/lattapol/bowa_ws/install/laser_geometry_converter:/home/lattapol/bowa_ws/install/gps_imu_ekf:/home/lattapol/bowa_ws/install/gps_2d_odom:/home/lattapol/bowa_ws/install/esp_sensors_bridge:/home/lattapol/bowa_ws/install/bowa_launch:/opt/ros/humble /usr/bin/cmake --build /home/lattapol/microros_ws/build/micro_ros_setup -- -j22 -l22
[0.424s] DEBUG:colcon.colcon_core.event_handler.log_command:Invoking command in '/home/lattapol/microros_ws/build/micro_ros_setup': CMAKE_PREFIX_PATH=${CMAKE_PREFIX_PATH}:/home/lattapol/bowa_ws/install/usb_cam_bringup:/home/lattapol/bowa_ws/install/sensor_fusion_utils:/home/lattapol/bowa_ws/install/path_odom:/home/lattapol/bowa_ws/install/ndt_speed_estimator:/home/lattapol/bowa_ws/install/motor_adapter:/home/lattapol/bowa_ws/install/lidar_nav:/home/lattapol/bowa_ws/install/lidar_launch:/home/lattapol/bowa_ws/install/lidar_cropper:/home/lattapol/bowa_ws/install/laser_geometry_converter:/home/lattapol/bowa_ws/install/gps_imu_ekf:/home/lattapol/bowa_ws/install/gps_2d_odom:/home/lattapol/bowa_ws/install/esp_sensors_bridge:/home/lattapol/bowa_ws/install/bowa_launch:/opt/ros/humble /usr/bin/cmake --install /home/lattapol/microros_ws/build/micro_ros_setup
[0.435s] Level 1:colcon.colcon_core.environment:create_environment_scripts_only(micro_ros_setup)
[0.435s] DEBUG:colcon.colcon_core.event_handler.log_command:Invoked command in '/home/lattapol/microros_ws/build/micro_ros_setup' returned '0': CMAKE_PREFIX_PATH=${CMAKE_PREFIX_PATH}:/home/lattapol/bowa_ws/install/usb_cam_bringup:/home/lattapol/bowa_ws/install/sensor_fusion_utils:/home/lattapol/bowa_ws/install/path_odom:/home/lattapol/bowa_ws/install/ndt_speed_estimator:/home/lattapol/bowa_ws/install/motor_adapter:/home/lattapol/bowa_ws/install/lidar_nav:/home/lattapol/bowa_ws/install/lidar_launch:/home/lattapol/bowa_ws/install/lidar_cropper:/home/lattapol/bowa_ws/install/laser_geometry_converter:/home/lattapol/bowa_ws/install/gps_imu_ekf:/home/lattapol/bowa_ws/install/gps_2d_odom:/home/lattapol/bowa_ws/install/esp_sensors_bridge:/home/lattapol/bowa_ws/install/bowa_launch:/opt/ros/humble /usr/bin/cmake --install /home/lattapol/microros_ws/build/micro_ros_setup
[0.439s] Level 1:colcon.colcon_core.environment:checking '/home/lattapol/microros_ws/install/micro_ros_setup' for CMake module files
[0.439s] Level 1:colcon.colcon_core.environment:checking '/home/lattapol/microros_ws/install/micro_ros_setup' for CMake config files
[0.440s] Level 1:colcon.colcon_core.shell:create_environment_hook('micro_ros_setup', 'cmake_prefix_path')
[0.440s] INFO:colcon.colcon_core.shell:Creating environment hook '/home/lattapol/microros_ws/install/micro_ros_setup/share/micro_ros_setup/hook/cmake_prefix_path.ps1'
[0.440s] INFO:colcon.colcon_core.shell:Creating environment descriptor '/home/lattapol/microros_ws/install/micro_ros_setup/share/micro_ros_setup/hook/cmake_prefix_path.dsv'
[0.441s] INFO:colcon.colcon_core.shell:Creating environment hook '/home/lattapol/microros_ws/install/micro_ros_setup/share/micro_ros_setup/hook/cmake_prefix_path.sh'
[0.441s] Level 1:colcon.colcon_core.environment:checking '/home/lattapol/microros_ws/install/micro_ros_setup/lib'
[0.442s] Level 1:colcon.colcon_core.environment:checking '/home/lattapol/microros_ws/install/micro_ros_setup/bin'
[0.442s] Level 1:colcon.colcon_core.environment:checking '/home/lattapol/microros_ws/install/micro_ros_setup/lib/pkgconfig/micro_ros_setup.pc'
[0.442s] Level 1:colcon.colcon_core.environment:checking '/home/lattapol/microros_ws/install/micro_ros_setup/lib/python3.10/site-packages'
[0.442s] Level 1:colcon.colcon_core.environment:checking '/home/lattapol/microros_ws/install/micro_ros_setup/bin'
[0.442s] INFO:colcon.colcon_core.shell:Creating package script '/home/lattapol/microros_ws/install/micro_ros_setup/share/micro_ros_setup/package.ps1'
[0.442s] INFO:colcon.colcon_core.shell:Creating package descriptor '/home/lattapol/microros_ws/install/micro_ros_setup/share/micro_ros_setup/package.dsv'
[0.443s] INFO:colcon.colcon_core.shell:Creating package script '/home/lattapol/microros_ws/install/micro_ros_setup/share/micro_ros_setup/package.sh'
[0.443s] INFO:colcon.colcon_core.shell:Creating package script '/home/lattapol/microros_ws/install/micro_ros_setup/share/micro_ros_setup/package.bash'
[0.444s] INFO:colcon.colcon_core.shell:Creating package script '/home/lattapol/microros_ws/install/micro_ros_setup/share/micro_ros_setup/package.zsh'
[0.445s] Level 1:colcon.colcon_core.environment:create_file_with_runtime_dependencies(/home/lattapol/microros_ws/install/micro_ros_setup/share/colcon-core/packages/micro_ros_setup)
[0.445s] Level 1:colcon.colcon_core.environment:create_environment_scripts_only(micro_ros_setup)
[0.445s] Level 1:colcon.colcon_core.environment:checking '/home/lattapol/microros_ws/install/micro_ros_setup' for CMake module files
[0.445s] Level 1:colcon.colcon_core.environment:checking '/home/lattapol/microros_ws/install/micro_ros_setup' for CMake config files
[0.446s] Level 1:colcon.colcon_core.shell:create_environment_hook('micro_ros_setup', 'cmake_prefix_path')
[0.446s] INFO:colcon.colcon_core.shell:Creating environment hook '/home/lattapol/microros_ws/install/micro_ros_setup/share/micro_ros_setup/hook/cmake_prefix_path.ps1'
[0.446s] INFO:colcon.colcon_core.shell:Creating environment descriptor '/home/lattapol/microros_ws/install/micro_ros_setup/share/micro_ros_setup/hook/cmake_prefix_path.dsv'
[0.446s] INFO:colcon.colcon_core.shell:Creating environment hook '/home/lattapol/microros_ws/install/micro_ros_setup/share/micro_ros_setup/hook/cmake_prefix_path.sh'
[0.446s] Level 1:colcon.colcon_core.environment:checking '/home/lattapol/microros_ws/install/micro_ros_setup/lib'
[0.446s] Level 1:colcon.colcon_core.environment:checking '/home/lattapol/microros_ws/install/micro_ros_setup/bin'
[0.446s] Level 1:colcon.colcon_core.environment:checking '/home/lattapol/microros_ws/install/micro_ros_setup/lib/pkgconfig/micro_ros_setup.pc'
[0.447s] Level 1:colcon.colcon_core.environment:checking '/home/lattapol/microros_ws/install/micro_ros_setup/lib/python3.10/site-packages'
[0.447s] Level 1:colcon.colcon_core.environment:checking '/home/lattapol/microros_ws/install/micro_ros_setup/bin'
[0.447s] INFO:colcon.colcon_core.shell:Creating package script '/home/lattapol/microros_ws/install/micro_ros_setup/share/micro_ros_setup/package.ps1'
[0.447s] INFO:colcon.colcon_core.shell:Creating package descriptor '/home/lattapol/microros_ws/install/micro_ros_setup/share/micro_ros_setup/package.dsv'
[0.447s] INFO:colcon.colcon_core.shell:Creating package script '/home/lattapol/microros_ws/install/micro_ros_setup/share/micro_ros_setup/package.sh'
[0.447s] INFO:colcon.colcon_core.shell:Creating package script '/home/lattapol/microros_ws/install/micro_ros_setup/share/micro_ros_setup/package.bash'
[0.448s] INFO:colcon.colcon_core.shell:Creating package script '/home/lattapol/microros_ws/install/micro_ros_setup/share/micro_ros_setup/package.zsh'
[0.448s] Level 1:colcon.colcon_core.environment:create_file_with_runtime_dependencies(/home/lattapol/microros_ws/install/micro_ros_setup/share/colcon-core/packages/micro_ros_setup)
[1.272s] DEBUG:colcon.colcon_core.event_handler.log_command:Invoked command in '/home/lattapol/microros_ws/build/micro_ros_msgs' returned '0': CMAKE_PREFIX_PATH=${CMAKE_PREFIX_PATH}:/home/lattapol/bowa_ws/install/usb_cam_bringup:/home/lattapol/bowa_ws/install/sensor_fusion_utils:/home/lattapol/bowa_ws/install/path_odom:/home/lattapol/bowa_ws/install/ndt_speed_estimator:/home/lattapol/bowa_ws/install/motor_adapter:/home/lattapol/bowa_ws/install/lidar_nav:/home/lattapol/bowa_ws/install/lidar_launch:/home/lattapol/bowa_ws/install/lidar_cropper:/home/lattapol/bowa_ws/install/laser_geometry_converter:/home/lattapol/bowa_ws/install/gps_imu_ekf:/home/lattapol/bowa_ws/install/gps_2d_odom:/home/lattapol/bowa_ws/install/esp_sensors_bridge:/home/lattapol/bowa_ws/install/bowa_launch:/opt/ros/humble /usr/bin/cmake /home/lattapol/microros_ws/src/uros/micro_ros_msgs -DCMAKE_INSTALL_PREFIX=/home/lattapol/microros_ws/install/micro_ros_msgs
[1.274s] DEBUG:colcon.colcon_core.event_handler.log_command:Invoking command in '/home/lattapol/microros_ws/build/micro_ros_msgs': CMAKE_PREFIX_PATH=${CMAKE_PREFIX_PATH}:/home/lattapol/bowa_ws/install/usb_cam_bringup:/home/lattapol/bowa_ws/install/sensor_fusion_utils:/home/lattapol/bowa_ws/install/path_odom:/home/lattapol/bowa_ws/install/ndt_speed_estimator:/home/lattapol/bowa_ws/install/motor_adapter:/home/lattapol/bowa_ws/install/lidar_nav:/home/lattapol/bowa_ws/install/lidar_launch:/home/lattapol/bowa_ws/install/lidar_cropper:/home/lattapol/bowa_ws/install/laser_geometry_converter:/home/lattapol/bowa_ws/install/gps_imu_ekf:/home/lattapol/bowa_ws/install/gps_2d_odom:/home/lattapol/bowa_ws/install/esp_sensors_bridge:/home/lattapol/bowa_ws/install/bowa_launch:/opt/ros/humble /usr/bin/cmake --build /home/lattapol/microros_ws/build/micro_ros_msgs -- -j22 -l22
[1.625s] DEBUG:colcon.colcon_core.event_handler.log_command:Invoked command in '/home/lattapol/microros_ws/build/micro_ros_msgs' returned '0': CMAKE_PREFIX_PATH=${CMAKE_PREFIX_PATH}:/home/lattapol/bowa_ws/install/usb_cam_bringup:/home/lattapol/bowa_ws/install/sensor_fusion_utils:/home/lattapol/bowa_ws/install/path_odom:/home/lattapol/bowa_ws/install/ndt_speed_estimator:/home/lattapol/bowa_ws/install/motor_adapter:/home/lattapol/bowa_ws/install/lidar_nav:/home/lattapol/bowa_ws/install/lidar_launch:/home/lattapol/bowa_ws/install/lidar_cropper:/home/lattapol/bowa_ws/install/laser_geometry_converter:/home/lattapol/bowa_ws/install/gps_imu_ekf:/home/lattapol/bowa_ws/install/gps_2d_odom:/home/lattapol/bowa_ws/install/esp_sensors_bridge:/home/lattapol/bowa_ws/install/bowa_launch:/opt/ros/humble /usr/bin/cmake --build /home/lattapol/microros_ws/build/micro_ros_msgs -- -j22 -l22
[1.628s] DEBUG:colcon.colcon_core.event_handler.log_command:Invoking command in '/home/lattapol/microros_ws/build/micro_ros_msgs': CMAKE_PREFIX_PATH=${CMAKE_PREFIX_PATH}:/home/lattapol/bowa_ws/install/usb_cam_bringup:/home/lattapol/bowa_ws/install/sensor_fusion_utils:/home/lattapol/bowa_ws/install/path_odom:/home/lattapol/bowa_ws/install/ndt_speed_estimator:/home/lattapol/bowa_ws/install/motor_adapter:/home/lattapol/bowa_ws/install/lidar_nav:/home/lattapol/bowa_ws/install/lidar_launch:/home/lattapol/bowa_ws/install/lidar_cropper:/home/lattapol/bowa_ws/install/laser_geometry_converter:/home/lattapol/bowa_ws/install/gps_imu_ekf:/home/lattapol/bowa_ws/install/gps_2d_odom:/home/lattapol/bowa_ws/install/esp_sensors_bridge:/home/lattapol/bowa_ws/install/bowa_launch:/opt/ros/humble /usr/bin/cmake --install /home/lattapol/microros_ws/build/micro_ros_msgs
[1.774s] Level 1:colcon.colcon_core.environment:create_environment_scripts_only(micro_ros_msgs)
[1.774s] Level 1:colcon.colcon_core.environment:checking '/home/lattapol/microros_ws/install/micro_ros_msgs' for CMake module files
[1.774s] DEBUG:colcon.colcon_core.event_handler.log_command:Invoked command in '/home/lattapol/microros_ws/build/micro_ros_msgs' returned '0': CMAKE_PREFIX_PATH=${CMAKE_PREFIX_PATH}:/home/lattapol/bowa_ws/install/usb_cam_bringup:/home/lattapol/bowa_ws/install/sensor_fusion_utils:/home/lattapol/bowa_ws/install/path_odom:/home/lattapol/bowa_ws/install/ndt_speed_estimator:/home/lattapol/bowa_ws/install/motor_adapter:/home/lattapol/bowa_ws/install/lidar_nav:/home/lattapol/bowa_ws/install/lidar_launch:/home/lattapol/bowa_ws/install/lidar_cropper:/home/lattapol/bowa_ws/install/laser_geometry_converter:/home/lattapol/bowa_ws/install/gps_imu_ekf:/home/lattapol/bowa_ws/install/gps_2d_odom:/home/lattapol/bowa_ws/install/esp_sensors_bridge:/home/lattapol/bowa_ws/install/bowa_launch:/opt/ros/humble /usr/bin/cmake --install /home/lattapol/microros_ws/build/micro_ros_msgs
[1.775s] Level 1:colcon.colcon_core.environment:checking '/home/lattapol/microros_ws/install/micro_ros_msgs' for CMake config files
[1.775s] Level 1:colcon.colcon_core.shell:create_environment_hook('micro_ros_msgs', 'cmake_prefix_path')
[1.775s] INFO:colcon.colcon_core.shell:Creating environment hook '/home/lattapol/microros_ws/install/micro_ros_msgs/share/micro_ros_msgs/hook/cmake_prefix_path.ps1'
[1.775s] INFO:colcon.colcon_core.shell:Creating environment descriptor '/home/lattapol/microros_ws/install/micro_ros_msgs/share/micro_ros_msgs/hook/cmake_prefix_path.dsv'
[1.775s] INFO:colcon.colcon_core.shell:Creating environment hook '/home/lattapol/microros_ws/install/micro_ros_msgs/share/micro_ros_msgs/hook/cmake_prefix_path.sh'
[1.776s] Level 1:colcon.colcon_core.environment:checking '/home/lattapol/microros_ws/install/micro_ros_msgs/lib'
[1.776s] Level 1:colcon.colcon_core.shell:create_environment_hook('micro_ros_msgs', 'ld_library_path_lib')
[1.776s] INFO:colcon.colcon_core.shell:Creating environment hook '/home/lattapol/microros_ws/install/micro_ros_msgs/share/micro_ros_msgs/hook/ld_library_path_lib.ps1'
[1.776s] INFO:colcon.colcon_core.shell:Creating environment descriptor '/home/lattapol/microros_ws/install/micro_ros_msgs/share/micro_ros_msgs/hook/ld_library_path_lib.dsv'
[1.776s] INFO:colcon.colcon_core.shell:Creating environment hook '/home/lattapol/microros_ws/install/micro_ros_msgs/share/micro_ros_msgs/hook/ld_library_path_lib.sh'
[1.776s] Level 1:colcon.colcon_core.environment:checking '/home/lattapol/microros_ws/install/micro_ros_msgs/bin'
[1.776s] Level 1:colcon.colcon_core.environment:checking '/home/lattapol/microros_ws/install/micro_ros_msgs/lib/pkgconfig/micro_ros_msgs.pc'
[1.777s] Level 1:colcon.colcon_core.environment:checking '/home/lattapol/microros_ws/install/micro_ros_msgs/lib/python3.10/site-packages'
[1.777s] Level 1:colcon.colcon_core.environment:checking '/home/lattapol/microros_ws/install/micro_ros_msgs/bin'
[1.777s] INFO:colcon.colcon_core.shell:Creating package script '/home/lattapol/microros_ws/install/micro_ros_msgs/share/micro_ros_msgs/package.ps1'
[1.777s] INFO:colcon.colcon_core.shell:Creating package descriptor '/home/lattapol/microros_ws/install/micro_ros_msgs/share/micro_ros_msgs/package.dsv'
[1.777s] INFO:colcon.colcon_core.shell:Creating package script '/home/lattapol/microros_ws/install/micro_ros_msgs/share/micro_ros_msgs/package.sh'
[1.777s] INFO:colcon.colcon_core.shell:Creating package script '/home/lattapol/microros_ws/install/micro_ros_msgs/share/micro_ros_msgs/package.bash'
[1.778s] INFO:colcon.colcon_core.shell:Creating package script '/home/lattapol/microros_ws/install/micro_ros_msgs/share/micro_ros_msgs/package.zsh'
[1.778s] Level 1:colcon.colcon_core.environment:create_file_with_runtime_dependencies(/home/lattapol/microros_ws/install/micro_ros_msgs/share/colcon-core/packages/micro_ros_msgs)
[1.778s] Level 1:colcon.colcon_core.environment:create_environment_scripts_only(micro_ros_msgs)
[1.778s] Level 1:colcon.colcon_core.environment:checking '/home/lattapol/microros_ws/install/micro_ros_msgs' for CMake module files
[1.778s] Level 1:colcon.colcon_core.environment:checking '/home/lattapol/microros_ws/install/micro_ros_msgs' for CMake config files
[1.779s] Level 1:colcon.colcon_core.shell:create_environment_hook('micro_ros_msgs', 'cmake_prefix_path')
[1.779s] INFO:colcon.colcon_core.shell:Creating environment hook '/home/lattapol/microros_ws/install/micro_ros_msgs/share/micro_ros_msgs/hook/cmake_prefix_path.ps1'
[1.779s] INFO:colcon.colcon_core.shell:Creating environment descriptor '/home/lattapol/microros_ws/install/micro_ros_msgs/share/micro_ros_msgs/hook/cmake_prefix_path.dsv'
[1.779s] INFO:colcon.colcon_core.shell:Creating environment hook '/home/lattapol/microros_ws/install/micro_ros_msgs/share/micro_ros_msgs/hook/cmake_prefix_path.sh'
[1.779s] Level 1:colcon.colcon_core.environment:checking '/home/lattapol/microros_ws/install/micro_ros_msgs/lib'
[1.779s] Level 1:colcon.colcon_core.shell:create_environment_hook('micro_ros_msgs', 'ld_library_path_lib')
[1.779s] INFO:colcon.colcon_core.shell:Creating environment hook '/home/lattapol/microros_ws/install/micro_ros_msgs/share/micro_ros_msgs/hook/ld_library_path_lib.ps1'
[1.780s] INFO:colcon.colcon_core.shell:Creating environment descriptor '/home/lattapol/microros_ws/install/micro_ros_msgs/share/micro_ros_msgs/hook/ld_library_path_lib.dsv'
[1.780s] INFO:colcon.colcon_core.shell:Creating environment hook '/home/lattapol/microros_ws/install/micro_ros_msgs/share/micro_ros_msgs/hook/ld_library_path_lib.sh'
[1.780s] Level 1:colcon.colcon_core.environment:checking '/home/lattapol/microros_ws/install/micro_ros_msgs/bin'
[1.780s] Level 1:colcon.colcon_core.environment:checking '/home/lattapol/microros_ws/install/micro_ros_msgs/lib/pkgconfig/micro_ros_msgs.pc'
[1.780s] Level 1:colcon.colcon_core.environment:checking '/home/lattapol/microros_ws/install/micro_ros_msgs/lib/python3.10/site-packages'
[1.780s] Level 1:colcon.colcon_core.environment:checking '/home/lattapol/microros_ws/install/micro_ros_msgs/bin'
[1.780s] INFO:colcon.colcon_core.shell:Creating package script '/home/lattapol/microros_ws/install/micro_ros_msgs/share/micro_ros_msgs/package.ps1'
[1.780s] INFO:colcon.colcon_core.shell:Creating package descriptor '/home/lattapol/microros_ws/install/micro_ros_msgs/share/micro_ros_msgs/package.dsv'
[1.781s] INFO:colcon.colcon_core.shell:Creating package script '/home/lattapol/microros_ws/install/micro_ros_msgs/share/micro_ros_msgs/package.sh'
[1.781s] INFO:colcon.colcon_core.shell:Creating package script '/home/lattapol/microros_ws/install/micro_ros_msgs/share/micro_ros_msgs/package.bash'
[1.781s] INFO:colcon.colcon_core.shell:Creating package script '/home/lattapol/microros_ws/install/micro_ros_msgs/share/micro_ros_msgs/package.zsh'
[1.781s] Level 1:colcon.colcon_core.environment:create_file_with_runtime_dependencies(/home/lattapol/microros_ws/install/micro_ros_msgs/share/colcon-core/packages/micro_ros_msgs)
[1.781s] INFO:colcon.colcon_ros.task.ament_cmake.build:Building ROS package in '/home/lattapol/microros_ws/src/uros/micro-ROS-Agent/micro_ros_agent' with build type 'ament_cmake'
[1.781s] INFO:colcon.colcon_cmake.task.cmake.build:Building CMake package in '/home/lattapol/microros_ws/src/uros/micro-ROS-Agent/micro_ros_agent'
[1.782s] INFO:colcon.colcon_core.shell:Skip shell extension 'powershell' for command environment: Not usable outside of PowerShell
[1.782s] DEBUG:colcon.colcon_core.shell:Skip shell extension 'dsv' for command environment
[1.793s] DEBUG:colcon.colcon_core.event_handler.log_command:Invoking command in '/home/lattapol/microros_ws/build/micro_ros_agent': CMAKE_PREFIX_PATH=/home/lattapol/microros_ws/install/micro_ros_msgs:/home/lattapol/bowa_ws/install/v4l2_camera:/home/lattapol/bowa_ws/install/rviz_speed_panel:/home/lattapol/bowa_ws/install/ekf_localization_pkg:/home/lattapol/bowa_ws/install/robot_localization:/home/lattapol/bowa_ws/install/rf2o_laser_odometry:/home/lattapol/bowa_ws/install/micro_ros_setup:/home/lattapol/bowa_ws/install/micro_ros_agent:/home/lattapol/bowa_ws/install/micro_ros_msgs:/home/lattapol/bowa_ws/install/ldlidar:/home/lattapol/bowa_ws/install/laser_geometry:/home/lattapol/bowa_ws/install/camera_node:/home/lattapol/microros_ws/install/micro_ros_setup:/home/lattapol/microros_ws/install/micro_ros_agent:/home/lattapol/bowa_ws/install/usb_cam_bringup:/home/lattapol/bowa_ws/install/sensor_fusion_utils:/home/lattapol/bowa_ws/install/path_odom:/home/lattapol/bowa_ws/install/ndt_speed_estimator:/home/lattapol/bowa_ws/install/motor_adapter:/home/lattapol/bowa_ws/install/lidar_nav:/home/lattapol/bowa_ws/install/lidar_launch:/home/lattapol/bowa_ws/install/lidar_cropper:/home/lattapol/bowa_ws/install/laser_geometry_converter:/home/lattapol/bowa_ws/install/gps_imu_ekf:/home/lattapol/bowa_ws/install/gps_2d_odom:/home/lattapol/bowa_ws/install/esp_sensors_bridge:/home/lattapol/bowa_ws/install/bowa_launch:/opt/ros/humble LD_LIBRARY_PATH=/home/lattapol/microros_ws/install/micro_ros_msgs/lib:/home/lattapol/bowa_ws/install/v4l2_camera/lib:/home/lattapol/bowa_ws/install/rviz_speed_panel/lib:/home/lattapol/bowa_ws/install/robot_localization/lib:/home/lattapol/bowa_ws/install/micro_ros_agent/lib:/home/lattapol/bowa_ws/install/micro_ros_msgs/lib:/home/lattapol/bowa_ws/install/laser_geometry/lib:/home/lattapol/bowa_ws/install/camera_node/lib:/home/lattapol/microros_ws/install/micro_ros_agent/lib:/opt/ros/humble/opt/rviz_ogre_vendor/lib:/opt/ros/humble/lib/x86_64-linux-gnu:/opt/ros/humble/lib /usr/bin/cmake /home/lattapol/microros_ws/src/uros/micro-ROS-Agent/micro_ros_agent -DCMAKE_INSTALL_PREFIX=/home/lattapol/microros_ws/install/micro_ros_agent
[2.094s] DEBUG:colcon.colcon_core.event_handler.log_command:Invoked command in '/home/lattapol/microros_ws/build/micro_ros_agent' returned '0': CMAKE_PREFIX_PATH=/home/lattapol/microros_ws/install/micro_ros_msgs:/home/lattapol/bowa_ws/install/v4l2_camera:/home/lattapol/bowa_ws/install/rviz_speed_panel:/home/lattapol/bowa_ws/install/ekf_localization_pkg:/home/lattapol/bowa_ws/install/robot_localization:/home/lattapol/bowa_ws/install/rf2o_laser_odometry:/home/lattapol/bowa_ws/install/micro_ros_setup:/home/lattapol/bowa_ws/install/micro_ros_agent:/home/lattapol/bowa_ws/install/micro_ros_msgs:/home/lattapol/bowa_ws/install/ldlidar:/home/lattapol/bowa_ws/install/laser_geometry:/home/lattapol/bowa_ws/install/camera_node:/home/lattapol/microros_ws/install/micro_ros_setup:/home/lattapol/microros_ws/install/micro_ros_agent:/home/lattapol/bowa_ws/install/usb_cam_bringup:/home/lattapol/bowa_ws/install/sensor_fusion_utils:/home/lattapol/bowa_ws/install/path_odom:/home/lattapol/bowa_ws/install/ndt_speed_estimator:/home/lattapol/bowa_ws/install/motor_adapter:/home/lattapol/bowa_ws/install/lidar_nav:/home/lattapol/bowa_ws/install/lidar_launch:/home/lattapol/bowa_ws/install/lidar_cropper:/home/lattapol/bowa_ws/install/laser_geometry_converter:/home/lattapol/bowa_ws/install/gps_imu_ekf:/home/lattapol/bowa_ws/install/gps_2d_odom:/home/lattapol/bowa_ws/install/esp_sensors_bridge:/home/lattapol/bowa_ws/install/bowa_launch:/opt/ros/humble LD_LIBRARY_PATH=/home/lattapol/microros_ws/install/micro_ros_msgs/lib:/home/lattapol/bowa_ws/install/v4l2_camera/lib:/home/lattapol/bowa_ws/install/rviz_speed_panel/lib:/home/lattapol/bowa_ws/install/robot_localization/lib:/home/lattapol/bowa_ws/install/micro_ros_agent/lib:/home/lattapol/bowa_ws/install/micro_ros_msgs/lib:/home/lattapol/bowa_ws/install/laser_geometry/lib:/home/lattapol/bowa_ws/install/camera_node/lib:/home/lattapol/microros_ws/install/micro_ros_agent/lib:/opt/ros/humble/opt/rviz_ogre_vendor/lib:/opt/ros/humble/lib/x86_64-linux-gnu:/opt/ros/humble/lib /usr/bin/cmake /home/lattapol/microros_ws/src/uros/micro-ROS-Agent/micro_ros_agent -DCMAKE_INSTALL_PREFIX=/home/lattapol/microros_ws/install/micro_ros_agent
[2.096s] DEBUG:colcon.colcon_core.event_handler.log_command:Invoking command in '/home/lattapol/microros_ws/build/micro_ros_agent': CMAKE_PREFIX_PATH=/home/lattapol/microros_ws/install/micro_ros_msgs:/home/lattapol/bowa_ws/install/v4l2_camera:/home/lattapol/bowa_ws/install/rviz_speed_panel:/home/lattapol/bowa_ws/install/ekf_localization_pkg:/home/lattapol/bowa_ws/install/robot_localization:/home/lattapol/bowa_ws/install/rf2o_laser_odometry:/home/lattapol/bowa_ws/install/micro_ros_setup:/home/lattapol/bowa_ws/install/micro_ros_agent:/home/lattapol/bowa_ws/install/micro_ros_msgs:/home/lattapol/bowa_ws/install/ldlidar:/home/lattapol/bowa_ws/install/laser_geometry:/home/lattapol/bowa_ws/install/camera_node:/home/lattapol/microros_ws/install/micro_ros_setup:/home/lattapol/microros_ws/install/micro_ros_agent:/home/lattapol/bowa_ws/install/usb_cam_bringup:/home/lattapol/bowa_ws/install/sensor_fusion_utils:/home/lattapol/bowa_ws/install/path_odom:/home/lattapol/bowa_ws/install/ndt_speed_estimator:/home/lattapol/bowa_ws/install/motor_adapter:/home/lattapol/bowa_ws/install/lidar_nav:/home/lattapol/bowa_ws/install/lidar_launch:/home/lattapol/bowa_ws/install/lidar_cropper:/home/lattapol/bowa_ws/install/laser_geometry_converter:/home/lattapol/bowa_ws/install/gps_imu_ekf:/home/lattapol/bowa_ws/install/gps_2d_odom:/home/lattapol/bowa_ws/install/esp_sensors_bridge:/home/lattapol/bowa_ws/install/bowa_launch:/opt/ros/humble LD_LIBRARY_PATH=/home/lattapol/microros_ws/install/micro_ros_msgs/lib:/home/lattapol/bowa_ws/install/v4l2_camera/lib:/home/lattapol/bowa_ws/install/rviz_speed_panel/lib:/home/lattapol/bowa_ws/install/robot_localization/lib:/home/lattapol/bowa_ws/install/micro_ros_agent/lib:/home/lattapol/bowa_ws/install/micro_ros_msgs/lib:/home/lattapol/bowa_ws/install/laser_geometry/lib:/home/lattapol/bowa_ws/install/camera_node/lib:/home/lattapol/microros_ws/install/micro_ros_agent/lib:/opt/ros/humble/opt/rviz_ogre_vendor/lib:/opt/ros/humble/lib/x86_64-linux-gnu:/opt/ros/humble/lib /usr/bin/cmake --build /home/lattapol/microros_ws/build/micro_ros_agent -- -j22 -l22
[2.263s] DEBUG:colcon.colcon_core.event_handler.log_command:Invoked command in '/home/lattapol/microros_ws/build/micro_ros_agent' returned '0': CMAKE_PREFIX_PATH=/home/lattapol/microros_ws/install/micro_ros_msgs:/home/lattapol/bowa_ws/install/v4l2_camera:/home/lattapol/bowa_ws/install/rviz_speed_panel:/home/lattapol/bowa_ws/install/ekf_localization_pkg:/home/lattapol/bowa_ws/install/robot_localization:/home/lattapol/bowa_ws/install/rf2o_laser_odometry:/home/lattapol/bowa_ws/install/micro_ros_setup:/home/lattapol/bowa_ws/install/micro_ros_agent:/home/lattapol/bowa_ws/install/micro_ros_msgs:/home/lattapol/bowa_ws/install/ldlidar:/home/lattapol/bowa_ws/install/laser_geometry:/home/lattapol/bowa_ws/install/camera_node:/home/lattapol/microros_ws/install/micro_ros_setup:/home/lattapol/microros_ws/install/micro_ros_agent:/home/lattapol/bowa_ws/install/usb_cam_bringup:/home/lattapol/bowa_ws/install/sensor_fusion_utils:/home/lattapol/bowa_ws/install/path_odom:/home/lattapol/bowa_ws/install/ndt_speed_estimator:/home/lattapol/bowa_ws/install/motor_adapter:/home/lattapol/bowa_ws/install/lidar_nav:/home/lattapol/bowa_ws/install/lidar_launch:/home/lattapol/bowa_ws/install/lidar_cropper:/home/lattapol/bowa_ws/install/laser_geometry_converter:/home/lattapol/bowa_ws/install/gps_imu_ekf:/home/lattapol/bowa_ws/install/gps_2d_odom:/home/lattapol/bowa_ws/install/esp_sensors_bridge:/home/lattapol/bowa_ws/install/bowa_launch:/opt/ros/humble LD_LIBRARY_PATH=/home/lattapol/microros_ws/install/micro_ros_msgs/lib:/home/lattapol/bowa_ws/install/v4l2_camera/lib:/home/lattapol/bowa_ws/install/rviz_speed_panel/lib:/home/lattapol/bowa_ws/install/robot_localization/lib:/home/lattapol/bowa_ws/install/micro_ros_agent/lib:/home/lattapol/bowa_ws/install/micro_ros_msgs/lib:/home/lattapol/bowa_ws/install/laser_geometry/lib:/home/lattapol/bowa_ws/install/camera_node/lib:/home/lattapol/microros_ws/install/micro_ros_agent/lib:/opt/ros/humble/opt/rviz_ogre_vendor/lib:/opt/ros/humble/lib/x86_64-linux-gnu:/opt/ros/humble/lib /usr/bin/cmake --build /home/lattapol/microros_ws/build/micro_ros_agent -- -j22 -l22
[2.265s] DEBUG:colcon.colcon_core.event_handler.log_command:Invoking command in '/home/lattapol/microros_ws/build/micro_ros_agent': CMAKE_PREFIX_PATH=/home/lattapol/microros_ws/install/micro_ros_msgs:/home/lattapol/bowa_ws/install/v4l2_camera:/home/lattapol/bowa_ws/install/rviz_speed_panel:/home/lattapol/bowa_ws/install/ekf_localization_pkg:/home/lattapol/bowa_ws/install/robot_localization:/home/lattapol/bowa_ws/install/rf2o_laser_odometry:/home/lattapol/bowa_ws/install/micro_ros_setup:/home/lattapol/bowa_ws/install/micro_ros_agent:/home/lattapol/bowa_ws/install/micro_ros_msgs:/home/lattapol/bowa_ws/install/ldlidar:/home/lattapol/bowa_ws/install/laser_geometry:/home/lattapol/bowa_ws/install/camera_node:/home/lattapol/microros_ws/install/micro_ros_setup:/home/lattapol/microros_ws/install/micro_ros_agent:/home/lattapol/bowa_ws/install/usb_cam_bringup:/home/lattapol/bowa_ws/install/sensor_fusion_utils:/home/lattapol/bowa_ws/install/path_odom:/home/lattapol/bowa_ws/install/ndt_speed_estimator:/home/lattapol/bowa_ws/install/motor_adapter:/home/lattapol/bowa_ws/install/lidar_nav:/home/lattapol/bowa_ws/install/lidar_launch:/home/lattapol/bowa_ws/install/lidar_cropper:/home/lattapol/bowa_ws/install/laser_geometry_converter:/home/lattapol/bowa_ws/install/gps_imu_ekf:/home/lattapol/bowa_ws/install/gps_2d_odom:/home/lattapol/bowa_ws/install/esp_sensors_bridge:/home/lattapol/bowa_ws/install/bowa_launch:/opt/ros/humble LD_LIBRARY_PATH=/home/lattapol/microros_ws/install/micro_ros_msgs/lib:/home/lattapol/bowa_ws/install/v4l2_camera/lib:/home/lattapol/bowa_ws/install/rviz_speed_panel/lib:/home/lattapol/bowa_ws/install/robot_localization/lib:/home/lattapol/bowa_ws/install/micro_ros_agent/lib:/home/lattapol/bowa_ws/install/micro_ros_msgs/lib:/home/lattapol/bowa_ws/install/laser_geometry/lib:/home/lattapol/bowa_ws/install/camera_node/lib:/home/lattapol/microros_ws/install/micro_ros_agent/lib:/opt/ros/humble/opt/rviz_ogre_vendor/lib:/opt/ros/humble/lib/x86_64-linux-gnu:/opt/ros/humble/lib /usr/bin/cmake --install /home/lattapol/microros_ws/build/micro_ros_agent
[2.273s] Level 1:colcon.colcon_core.environment:create_environment_scripts_only(micro_ros_agent)
[2.273s] DEBUG:colcon.colcon_core.event_handler.log_command:Invoked command in '/home/lattapol/microros_ws/build/micro_ros_agent' returned '0': CMAKE_PREFIX_PATH=/home/lattapol/microros_ws/install/micro_ros_msgs:/home/lattapol/bowa_ws/install/v4l2_camera:/home/lattapol/bowa_ws/install/rviz_speed_panel:/home/lattapol/bowa_ws/install/ekf_localization_pkg:/home/lattapol/bowa_ws/install/robot_localization:/home/lattapol/bowa_ws/install/rf2o_laser_odometry:/home/lattapol/bowa_ws/install/micro_ros_setup:/home/lattapol/bowa_ws/install/micro_ros_agent:/home/lattapol/bowa_ws/install/micro_ros_msgs:/home/lattapol/bowa_ws/install/ldlidar:/home/lattapol/bowa_ws/install/laser_geometry:/home/lattapol/bowa_ws/install/camera_node:/home/lattapol/microros_ws/install/micro_ros_setup:/home/lattapol/microros_ws/install/micro_ros_agent:/home/lattapol/bowa_ws/install/usb_cam_bringup:/home/lattapol/bowa_ws/install/sensor_fusion_utils:/home/lattapol/bowa_ws/install/path_odom:/home/lattapol/bowa_ws/install/ndt_speed_estimator:/home/lattapol/bowa_ws/install/motor_adapter:/home/lattapol/bowa_ws/install/lidar_nav:/home/lattapol/bowa_ws/install/lidar_launch:/home/lattapol/bowa_ws/install/lidar_cropper:/home/lattapol/bowa_ws/install/laser_geometry_converter:/home/lattapol/bowa_ws/install/gps_imu_ekf:/home/lattapol/bowa_ws/install/gps_2d_odom:/home/lattapol/bowa_ws/install/esp_sensors_bridge:/home/lattapol/bowa_ws/install/bowa_launch:/opt/ros/humble LD_LIBRARY_PATH=/home/lattapol/microros_ws/install/micro_ros_msgs/lib:/home/lattapol/bowa_ws/install/v4l2_camera/lib:/home/lattapol/bowa_ws/install/rviz_speed_panel/lib:/home/lattapol/bowa_ws/install/robot_localization/lib:/home/lattapol/bowa_ws/install/micro_ros_agent/lib:/home/lattapol/bowa_ws/install/micro_ros_msgs/lib:/home/lattapol/bowa_ws/install/laser_geometry/lib:/home/lattapol/bowa_ws/install/camera_node/lib:/home/lattapol/microros_ws/install/micro_ros_agent/lib:/opt/ros/humble/opt/rviz_ogre_vendor/lib:/opt/ros/humble/lib/x86_64-linux-gnu:/opt/ros/humble/lib /usr/bin/cmake --install /home/lattapol/microros_ws/build/micro_ros_agent
[2.274s] Level 1:colcon.colcon_core.environment:checking '/home/lattapol/microros_ws/install/micro_ros_agent' for CMake module files
[2.274s] Level 1:colcon.colcon_core.environment:checking '/home/lattapol/microros_ws/install/micro_ros_agent' for CMake config files
[2.276s] Level 1:colcon.colcon_core.shell:create_environment_hook('micro_ros_agent', 'cmake_prefix_path')
[2.276s] INFO:colcon.colcon_core.shell:Creating environment hook '/home/lattapol/microros_ws/install/micro_ros_agent/share/micro_ros_agent/hook/cmake_prefix_path.ps1'
[2.277s] INFO:colcon.colcon_core.shell:Creating environment descriptor '/home/lattapol/microros_ws/install/micro_ros_agent/share/micro_ros_agent/hook/cmake_prefix_path.dsv'
[2.277s] INFO:colcon.colcon_core.shell:Creating environment hook '/home/lattapol/microros_ws/install/micro_ros_agent/share/micro_ros_agent/hook/cmake_prefix_path.sh'
[2.277s] Level 1:colcon.colcon_core.environment:checking '/home/lattapol/microros_ws/install/micro_ros_agent/lib'
[2.277s] Level 1:colcon.colcon_core.shell:create_environment_hook('micro_ros_agent', 'ld_library_path_lib')
[2.277s] INFO:colcon.colcon_core.shell:Creating environment hook '/home/lattapol/microros_ws/install/micro_ros_agent/share/micro_ros_agent/hook/ld_library_path_lib.ps1'
[2.277s] INFO:colcon.colcon_core.shell:Creating environment descriptor '/home/lattapol/microros_ws/install/micro_ros_agent/share/micro_ros_agent/hook/ld_library_path_lib.dsv'
[2.278s] INFO:colcon.colcon_core.shell:Creating environment hook '/home/lattapol/microros_ws/install/micro_ros_agent/share/micro_ros_agent/hook/ld_library_path_lib.sh'
[2.278s] Level 1:colcon.colcon_core.environment:checking '/home/lattapol/microros_ws/install/micro_ros_agent/bin'
[2.278s] Level 1:colcon.colcon_core.environment:checking '/home/lattapol/microros_ws/install/micro_ros_agent/lib/pkgconfig/micro_ros_agent.pc'
[2.278s] Level 1:colcon.colcon_core.environment:checking '/home/lattapol/microros_ws/install/micro_ros_agent/lib/python3.10/site-packages'
[2.278s] Level 1:colcon.colcon_core.environment:checking '/home/lattapol/microros_ws/install/micro_ros_agent/bin'
[2.278s] INFO:colcon.colcon_core.shell:Creating package script '/home/lattapol/microros_ws/install/micro_ros_agent/share/micro_ros_agent/package.ps1'
[2.278s] INFO:colcon.colcon_core.shell:Creating package descriptor '/home/lattapol/microros_ws/install/micro_ros_agent/share/micro_ros_agent/package.dsv'
[2.279s] INFO:colcon.colcon_core.shell:Creating package script '/home/lattapol/microros_ws/install/micro_ros_agent/share/micro_ros_agent/package.sh'
[2.279s] INFO:colcon.colcon_core.shell:Creating package script '/home/lattapol/microros_ws/install/micro_ros_agent/share/micro_ros_agent/package.bash'
[2.279s] INFO:colcon.colcon_core.shell:Creating package script '/home/lattapol/microros_ws/install/micro_ros_agent/share/micro_ros_agent/package.zsh'
[2.279s] Level 1:colcon.colcon_core.environment:create_file_with_runtime_dependencies(/home/lattapol/microros_ws/install/micro_ros_agent/share/colcon-core/packages/micro_ros_agent)
[2.279s] Level 1:colcon.colcon_core.environment:create_environment_scripts_only(micro_ros_agent)
[2.279s] Level 1:colcon.colcon_core.environment:checking '/home/lattapol/microros_ws/install/micro_ros_agent' for CMake module files
[2.280s] Level 1:colcon.colcon_core.environment:checking '/home/lattapol/microros_ws/install/micro_ros_agent' for CMake config files
[2.280s] Level 1:colcon.colcon_core.shell:create_environment_hook('micro_ros_agent', 'cmake_prefix_path')
[2.280s] INFO:colcon.colcon_core.shell:Creating environment hook '/home/lattapol/microros_ws/install/micro_ros_agent/share/micro_ros_agent/hook/cmake_prefix_path.ps1'
[2.280s] INFO:colcon.colcon_core.shell:Creating environment descriptor '/home/lattapol/microros_ws/install/micro_ros_agent/share/micro_ros_agent/hook/cmake_prefix_path.dsv'
[2.280s] INFO:colcon.colcon_core.shell:Creating environment hook '/home/lattapol/microros_ws/install/micro_ros_agent/share/micro_ros_agent/hook/cmake_prefix_path.sh'
[2.281s] Level 1:colcon.colcon_core.environment:checking '/home/lattapol/microros_ws/install/micro_ros_agent/lib'
[2.281s] Level 1:colcon.colcon_core.shell:create_environment_hook('micro_ros_agent', 'ld_library_path_lib')
[2.281s] INFO:colcon.colcon_core.shell:Creating environment hook '/home/lattapol/microros_ws/install/micro_ros_agent/share/micro_ros_agent/hook/ld_library_path_lib.ps1'
[2.281s] INFO:colcon.colcon_core.shell:Creating environment descriptor '/home/lattapol/microros_ws/install/micro_ros_agent/share/micro_ros_agent/hook/ld_library_path_lib.dsv'
[2.281s] INFO:colcon.colcon_core.shell:Creating environment hook '/home/lattapol/microros_ws/install/micro_ros_agent/share/micro_ros_agent/hook/ld_library_path_lib.sh'
[2.281s] Level 1:colcon.colcon_core.environment:checking '/home/lattapol/microros_ws/install/micro_ros_agent/bin'
[2.281s] Level 1:colcon.colcon_core.environment:checking '/home/lattapol/microros_ws/install/micro_ros_agent/lib/pkgconfig/micro_ros_agent.pc'
[2.281s] Level 1:colcon.colcon_core.environment:checking '/home/lattapol/microros_ws/install/micro_ros_agent/lib/python3.10/site-packages'
[2.282s] Level 1:colcon.colcon_core.environment:checking '/home/lattapol/microros_ws/install/micro_ros_agent/bin'
[2.282s] INFO:colcon.colcon_core.shell:Creating package script '/home/lattapol/microros_ws/install/micro_ros_agent/share/micro_ros_agent/package.ps1'
[2.282s] INFO:colcon.colcon_core.shell:Creating package descriptor '/home/lattapol/microros_ws/install/micro_ros_agent/share/micro_ros_agent/package.dsv'
[2.282s] INFO:colcon.colcon_core.shell:Creating package script '/home/lattapol/microros_ws/install/micro_ros_agent/share/micro_ros_agent/package.sh'
[2.282s] INFO:colcon.colcon_core.shell:Creating package script '/home/lattapol/microros_ws/install/micro_ros_agent/share/micro_ros_agent/package.bash'
[2.283s] INFO:colcon.colcon_core.shell:Creating package script '/home/lattapol/microros_ws/install/micro_ros_agent/share/micro_ros_agent/package.zsh'
[2.283s] Level 1:colcon.colcon_core.environment:create_file_with_runtime_dependencies(/home/lattapol/microros_ws/install/micro_ros_agent/share/colcon-core/packages/micro_ros_agent)
[2.283s] DEBUG:colcon.colcon_parallel_executor.executor.parallel:closing loop
[2.283s] DEBUG:colcon.colcon_parallel_executor.executor.parallel:loop closed
[2.283s] DEBUG:colcon.colcon_parallel_executor.executor.parallel:run_until_complete finished with '0'
[2.283s] DEBUG:colcon.colcon_core.event_reactor:joining thread
[2.288s] INFO:colcon.colcon_core.plugin_system:Skipping extension 'colcon_notification.desktop_notification.terminal_notifier': Not used on non-Darwin systems
[2.288s] INFO:colcon.colcon_core.plugin_system:Skipping extension 'colcon_notification.desktop_notification.win32': Not used on non-Windows systems
[2.288s] INFO:colcon.colcon_notification.desktop_notification:Sending desktop notification using 'notify2'
[2.310s] DEBUG:colcon.colcon_core.event_reactor:joined thread
[2.311s] INFO:colcon.colcon_core.shell:Creating prefix script '/home/lattapol/microros_ws/install/local_setup.ps1'
[2.321s] INFO:colcon.colcon_core.shell:Creating prefix util module '/home/lattapol/microros_ws/install/_local_setup_util_ps1.py'
[2.322s] INFO:colcon.colcon_core.shell:Creating prefix chain script '/home/lattapol/microros_ws/install/setup.ps1'
[2.324s] INFO:colcon.colcon_core.shell:Creating prefix script '/home/lattapol/microros_ws/install/local_setup.sh'
[2.324s] INFO:colcon.colcon_core.shell:Creating prefix util module '/home/lattapol/microros_ws/install/_local_setup_util_sh.py'
[2.324s] INFO:colcon.colcon_core.shell:Creating prefix chain script '/home/lattapol/microros_ws/install/setup.sh'
[2.325s] INFO:colcon.colcon_core.shell:Creating prefix script '/home/lattapol/microros_ws/install/local_setup.bash'
[2.326s] INFO:colcon.colcon_core.shell:Creating prefix chain script '/home/lattapol/microros_ws/install/setup.bash'
[2.327s] INFO:colcon.colcon_core.shell:Creating prefix script '/home/lattapol/microros_ws/install/local_setup.zsh'
[2.327s] INFO:colcon.colcon_core.shell:Creating prefix chain script '/home/lattapol/microros_ws/install/setup.zsh'
