[0.011s] Invoking command in '/home/lattapol/microros_ws/build/micro_ros_msgs': CMAKE_PREFIX_PATH=${CMAKE_PREFIX_PATH}:/home/lattapol/bowa_ws/install/usb_cam_bringup:/home/lattapol/bowa_ws/install/sensor_fusion_utils:/home/lattapol/bowa_ws/install/path_odom:/home/lattapol/bowa_ws/install/ndt_speed_estimator:/home/lattapol/bowa_ws/install/motor_adapter:/home/lattapol/bowa_ws/install/lidar_nav:/home/lattapol/bowa_ws/install/lidar_launch:/home/lattapol/bowa_ws/install/lidar_cropper:/home/lattapol/bowa_ws/install/laser_geometry_converter:/home/lattapol/bowa_ws/install/gps_imu_ekf:/home/lattapol/bowa_ws/install/gps_2d_odom:/home/lattapol/bowa_ws/install/esp_sensors_bridge:/home/lattapol/bowa_ws/install/bowa_launch:/opt/ros/humble /usr/bin/cmake /home/lattapol/microros_ws/src/uros/micro_ros_msgs -DUAGENT_BUILD_EXECUTABLE=OFF -DUAGENT_P2P_PROFILE=OFF --no-warn-unused-cli -DCMAKE_INSTALL_PREFIX=/home/lattapol/microros_ws/install/micro_ros_msgs
[0.017s] Not searching for unused variables given on the command line.
[0.021s] -- Found ament_cmake: 1.3.12 (/opt/ros/humble/share/ament_cmake/cmake)
[0.169s] -- Found rosidl_default_generators: 1.2.0 (/opt/ros/humble/share/rosidl_default_generators/cmake)
[0.173s] -- Using all available rosidl_typesupport_c: rosidl_typesupport_fastrtps_c;rosidl_typesupport_introspection_c
[0.176s] -- Found rosidl_adapter: 3.1.7 (/opt/ros/humble/share/rosidl_adapter/cmake)
[0.202s] -- Using all available rosidl_typesupport_cpp: rosidl_typesupport_fastrtps_cpp;rosidl_typesupport_introspection_cpp
[0.221s] -- Found ament_lint_auto: 0.12.14 (/opt/ros/humble/share/ament_lint_auto/cmake)
[0.405s] -- Found ament_cmake_ros: 0.10.0 (/opt/ros/humble/share/ament_cmake_ros/cmake)
[0.531s] -- Using all available rosidl_typesupport_c: rosidl_typesupport_fastrtps_c;rosidl_typesupport_introspection_c
[0.714s] -- Using all available rosidl_typesupport_cpp: rosidl_typesupport_fastrtps_cpp;rosidl_typesupport_introspection_cpp
[0.732s] -- Found python_cmake_module: 0.10.0 (/opt/ros/humble/share/python_cmake_module/cmake)
[0.750s] -- Using PYTHON_EXECUTABLE: /usr/bin/python3
[0.750s] -- Using PYTHON_INCLUDE_DIRS: /usr/include/python3.10
[0.750s] -- Using PYTHON_LIBRARIES: /usr/lib/x86_64-linux-gnu/libpython3.10.so
[0.763s] -- Added test 'copyright' to check source files copyright and LICENSE
[0.766s] -- Added test 'lint_cmake' to check CMake code style
[0.767s] -- Added test 'xmllint' to check XML markup files
[0.772s] -- Configuring done
[0.801s] -- Generating done
[0.807s] -- Build files have been written to: /home/lattapol/microros_ws/build/micro_ros_msgs
[0.813s] Invoked command in '/home/lattapol/microros_ws/build/micro_ros_msgs' returned '0': CMAKE_PREFIX_PATH=${CMAKE_PREFIX_PATH}:/home/lattapol/bowa_ws/install/usb_cam_bringup:/home/lattapol/bowa_ws/install/sensor_fusion_utils:/home/lattapol/bowa_ws/install/path_odom:/home/lattapol/bowa_ws/install/ndt_speed_estimator:/home/lattapol/bowa_ws/install/motor_adapter:/home/lattapol/bowa_ws/install/lidar_nav:/home/lattapol/bowa_ws/install/lidar_launch:/home/lattapol/bowa_ws/install/lidar_cropper:/home/lattapol/bowa_ws/install/laser_geometry_converter:/home/lattapol/bowa_ws/install/gps_imu_ekf:/home/lattapol/bowa_ws/install/gps_2d_odom:/home/lattapol/bowa_ws/install/esp_sensors_bridge:/home/lattapol/bowa_ws/install/bowa_launch:/opt/ros/humble /usr/bin/cmake /home/lattapol/microros_ws/src/uros/micro_ros_msgs -DUAGENT_BUILD_EXECUTABLE=OFF -DUAGENT_P2P_PROFILE=OFF --no-warn-unused-cli -DCMAKE_INSTALL_PREFIX=/home/lattapol/microros_ws/install/micro_ros_msgs
[0.814s] Invoking command in '/home/lattapol/microros_ws/build/micro_ros_msgs': CMAKE_PREFIX_PATH=${CMAKE_PREFIX_PATH}:/home/lattapol/bowa_ws/install/usb_cam_bringup:/home/lattapol/bowa_ws/install/sensor_fusion_utils:/home/lattapol/bowa_ws/install/path_odom:/home/lattapol/bowa_ws/install/ndt_speed_estimator:/home/lattapol/bowa_ws/install/motor_adapter:/home/lattapol/bowa_ws/install/lidar_nav:/home/lattapol/bowa_ws/install/lidar_launch:/home/lattapol/bowa_ws/install/lidar_cropper:/home/lattapol/bowa_ws/install/laser_geometry_converter:/home/lattapol/bowa_ws/install/gps_imu_ekf:/home/lattapol/bowa_ws/install/gps_2d_odom:/home/lattapol/bowa_ws/install/esp_sensors_bridge:/home/lattapol/bowa_ws/install/bowa_launch:/opt/ros/humble /usr/bin/cmake --build /home/lattapol/microros_ws/build/micro_ros_msgs -- -j22 -l22
[0.860s] [  2%] Built target micro_ros_msgs__cpp
[0.899s] [35m[1mConsolidate compiler generated dependencies of target micro_ros_msgs__rosidl_generator_c[0m
[0.900s] [35m[1mConsolidate compiler generated dependencies of target micro_ros_msgs__rosidl_typesupport_introspection_cpp[0m
[0.901s] [35m[1mConsolidate compiler generated dependencies of target micro_ros_msgs__rosidl_typesupport_fastrtps_cpp[0m
[0.901s] [35m[1mConsolidate compiler generated dependencies of target micro_ros_msgs__rosidl_typesupport_cpp[0m
[0.909s] [ 12%] Built target micro_ros_msgs__rosidl_generator_c
[0.911s] [ 12%] Built target ament_cmake_python_copy_micro_ros_msgs
[0.913s] [ 38%] Built target micro_ros_msgs__rosidl_typesupport_introspection_cpp
[0.913s] [ 44%] Built target micro_ros_msgs__rosidl_typesupport_cpp
[0.913s] [ 44%] Built target micro_ros_msgs__rosidl_typesupport_fastrtps_cpp
[0.917s] [35m[1mConsolidate compiler generated dependencies of target micro_ros_msgs__rosidl_typesupport_introspection_c[0m
[0.917s] [35m[1mConsolidate compiler generated dependencies of target micro_ros_msgs__rosidl_typesupport_c[0m
[0.918s] [35m[1mConsolidate compiler generated dependencies of target micro_ros_msgs__rosidl_typesupport_fastrtps_c[0m
[0.925s] [ 55%] Built target micro_ros_msgs__rosidl_typesupport_c
[0.927s] [ 65%] Built target micro_ros_msgs__rosidl_typesupport_introspection_c
[0.930s] [ 76%] Built target micro_ros_msgs__rosidl_typesupport_fastrtps_c
[0.943s] [ 76%] Built target micro_ros_msgs
[0.960s] [ 78%] Built target micro_ros_msgs__py
[0.972s] [35m[1mConsolidate compiler generated dependencies of target micro_ros_msgs__rosidl_generator_py[0m
[0.983s] [ 87%] Built target micro_ros_msgs__rosidl_generator_py
[0.993s] [35m[1mConsolidate compiler generated dependencies of target micro_ros_msgs__rosidl_typesupport_c__pyext[0m
[0.993s] [35m[1mConsolidate compiler generated dependencies of target micro_ros_msgs__rosidl_typesupport_fastrtps_c__pyext[0m
[0.993s] [35m[1mConsolidate compiler generated dependencies of target micro_ros_msgs__rosidl_typesupport_introspection_c__pyext[0m
[1.002s] [ 91%] Built target micro_ros_msgs__rosidl_typesupport_introspection_c__pyext
[1.003s] [ 95%] Built target micro_ros_msgs__rosidl_typesupport_c__pyext
[1.003s] [100%] Built target micro_ros_msgs__rosidl_typesupport_fastrtps_c__pyext
[1.057s] running egg_info
[1.058s] writing micro_ros_msgs.egg-info/PKG-INFO
[1.058s] writing dependency_links to micro_ros_msgs.egg-info/dependency_links.txt
[1.058s] writing top-level names to micro_ros_msgs.egg-info/top_level.txt
[1.060s] reading manifest file 'micro_ros_msgs.egg-info/SOURCES.txt'
[1.060s] writing manifest file 'micro_ros_msgs.egg-info/SOURCES.txt'
[1.081s] [100%] Built target ament_cmake_python_build_micro_ros_msgs_egg
[1.093s] Invoked command in '/home/lattapol/microros_ws/build/micro_ros_msgs' returned '0': CMAKE_PREFIX_PATH=${CMAKE_PREFIX_PATH}:/home/lattapol/bowa_ws/install/usb_cam_bringup:/home/lattapol/bowa_ws/install/sensor_fusion_utils:/home/lattapol/bowa_ws/install/path_odom:/home/lattapol/bowa_ws/install/ndt_speed_estimator:/home/lattapol/bowa_ws/install/motor_adapter:/home/lattapol/bowa_ws/install/lidar_nav:/home/lattapol/bowa_ws/install/lidar_launch:/home/lattapol/bowa_ws/install/lidar_cropper:/home/lattapol/bowa_ws/install/laser_geometry_converter:/home/lattapol/bowa_ws/install/gps_imu_ekf:/home/lattapol/bowa_ws/install/gps_2d_odom:/home/lattapol/bowa_ws/install/esp_sensors_bridge:/home/lattapol/bowa_ws/install/bowa_launch:/opt/ros/humble /usr/bin/cmake --build /home/lattapol/microros_ws/build/micro_ros_msgs -- -j22 -l22
[1.101s] Invoking command in '/home/lattapol/microros_ws/build/micro_ros_msgs': CMAKE_PREFIX_PATH=${CMAKE_PREFIX_PATH}:/home/lattapol/bowa_ws/install/usb_cam_bringup:/home/lattapol/bowa_ws/install/sensor_fusion_utils:/home/lattapol/bowa_ws/install/path_odom:/home/lattapol/bowa_ws/install/ndt_speed_estimator:/home/lattapol/bowa_ws/install/motor_adapter:/home/lattapol/bowa_ws/install/lidar_nav:/home/lattapol/bowa_ws/install/lidar_launch:/home/lattapol/bowa_ws/install/lidar_cropper:/home/lattapol/bowa_ws/install/laser_geometry_converter:/home/lattapol/bowa_ws/install/gps_imu_ekf:/home/lattapol/bowa_ws/install/gps_2d_odom:/home/lattapol/bowa_ws/install/esp_sensors_bridge:/home/lattapol/bowa_ws/install/bowa_launch:/opt/ros/humble /usr/bin/cmake --install /home/lattapol/microros_ws/build/micro_ros_msgs
[1.108s] -- Install configuration: ""
[1.109s] -- Up-to-date: /home/lattapol/microros_ws/install/micro_ros_msgs/share/ament_index/resource_index/rosidl_interfaces/micro_ros_msgs
[1.110s] -- Up-to-date: /home/lattapol/microros_ws/install/micro_ros_msgs/include/micro_ros_msgs/micro_ros_msgs
[1.110s] -- Up-to-date: /home/lattapol/microros_ws/install/micro_ros_msgs/include/micro_ros_msgs/micro_ros_msgs/msg
[1.110s] -- Up-to-date: /home/lattapol/microros_ws/install/micro_ros_msgs/include/micro_ros_msgs/micro_ros_msgs/msg/node.h
[1.110s] -- Up-to-date: /home/lattapol/microros_ws/install/micro_ros_msgs/include/micro_ros_msgs/micro_ros_msgs/msg/detail
[1.110s] -- Up-to-date: /home/lattapol/microros_ws/install/micro_ros_msgs/include/micro_ros_msgs/micro_ros_msgs/msg/detail/node__struct.h
[1.110s] -- Up-to-date: /home/lattapol/microros_ws/install/micro_ros_msgs/include/micro_ros_msgs/micro_ros_msgs/msg/detail/entity__functions.c
[1.110s] -- Up-to-date: /home/lattapol/microros_ws/install/micro_ros_msgs/include/micro_ros_msgs/micro_ros_msgs/msg/detail/node__functions.h
[1.110s] -- Up-to-date: /home/lattapol/microros_ws/install/micro_ros_msgs/include/micro_ros_msgs/micro_ros_msgs/msg/detail/graph__struct.h
[1.110s] -- Up-to-date: /home/lattapol/microros_ws/install/micro_ros_msgs/include/micro_ros_msgs/micro_ros_msgs/msg/detail/graph__functions.h
[1.110s] -- Up-to-date: /home/lattapol/microros_ws/install/micro_ros_msgs/include/micro_ros_msgs/micro_ros_msgs/msg/detail/node__type_support.h
[1.110s] -- Up-to-date: /home/lattapol/microros_ws/install/micro_ros_msgs/include/micro_ros_msgs/micro_ros_msgs/msg/detail/entity__type_support.h
[1.110s] -- Up-to-date: /home/lattapol/microros_ws/install/micro_ros_msgs/include/micro_ros_msgs/micro_ros_msgs/msg/detail/graph__type_support.h
[1.110s] -- Up-to-date: /home/lattapol/microros_ws/install/micro_ros_msgs/include/micro_ros_msgs/micro_ros_msgs/msg/detail/node__functions.c
[1.110s] -- Up-to-date: /home/lattapol/microros_ws/install/micro_ros_msgs/include/micro_ros_msgs/micro_ros_msgs/msg/detail/graph__functions.c
[1.110s] -- Up-to-date: /home/lattapol/microros_ws/install/micro_ros_msgs/include/micro_ros_msgs/micro_ros_msgs/msg/detail/entity__functions.h
[1.110s] -- Up-to-date: /home/lattapol/microros_ws/install/micro_ros_msgs/include/micro_ros_msgs/micro_ros_msgs/msg/detail/entity__struct.h
[1.110s] -- Up-to-date: /home/lattapol/microros_ws/install/micro_ros_msgs/include/micro_ros_msgs/micro_ros_msgs/msg/rosidl_generator_c__visibility_control.h
[1.111s] -- Up-to-date: /home/lattapol/microros_ws/install/micro_ros_msgs/include/micro_ros_msgs/micro_ros_msgs/msg/entity.h
[1.111s] -- Up-to-date: /home/lattapol/microros_ws/install/micro_ros_msgs/include/micro_ros_msgs/micro_ros_msgs/msg/graph.h
[1.111s] -- Up-to-date: /home/lattapol/microros_ws/install/micro_ros_msgs/share/micro_ros_msgs/environment/library_path.sh
[1.111s] -- Installing: /home/lattapol/microros_ws/install/micro_ros_msgs/share/micro_ros_msgs/environment/library_path.dsv
[1.111s] -- Up-to-date: /home/lattapol/microros_ws/install/micro_ros_msgs/lib/libmicro_ros_msgs__rosidl_generator_c.so
[1.111s] -- Up-to-date: /home/lattapol/microros_ws/install/micro_ros_msgs/include/micro_ros_msgs/micro_ros_msgs
[1.111s] -- Up-to-date: /home/lattapol/microros_ws/install/micro_ros_msgs/include/micro_ros_msgs/micro_ros_msgs/msg
[1.111s] -- Up-to-date: /home/lattapol/microros_ws/install/micro_ros_msgs/include/micro_ros_msgs/micro_ros_msgs/msg/detail
[1.111s] -- Up-to-date: /home/lattapol/microros_ws/install/micro_ros_msgs/include/micro_ros_msgs/micro_ros_msgs/msg/detail/node__rosidl_typesupport_fastrtps_c.h
[1.111s] -- Up-to-date: /home/lattapol/microros_ws/install/micro_ros_msgs/include/micro_ros_msgs/micro_ros_msgs/msg/detail/entity__rosidl_typesupport_fastrtps_c.h
[1.111s] -- Up-to-date: /home/lattapol/microros_ws/install/micro_ros_msgs/include/micro_ros_msgs/micro_ros_msgs/msg/detail/graph__rosidl_typesupport_fastrtps_c.h
[1.111s] -- Up-to-date: /home/lattapol/microros_ws/install/micro_ros_msgs/include/micro_ros_msgs/micro_ros_msgs/msg/rosidl_typesupport_fastrtps_c__visibility_control.h
[1.111s] -- Up-to-date: /home/lattapol/microros_ws/install/micro_ros_msgs/lib/libmicro_ros_msgs__rosidl_typesupport_fastrtps_c.so
[1.111s] -- Up-to-date: /home/lattapol/microros_ws/install/micro_ros_msgs/include/micro_ros_msgs/micro_ros_msgs
[1.111s] -- Up-to-date: /home/lattapol/microros_ws/install/micro_ros_msgs/include/micro_ros_msgs/micro_ros_msgs/msg
[1.111s] -- Up-to-date: /home/lattapol/microros_ws/install/micro_ros_msgs/include/micro_ros_msgs/micro_ros_msgs/msg/rosidl_typesupport_introspection_c__visibility_control.h
[1.111s] -- Up-to-date: /home/lattapol/microros_ws/install/micro_ros_msgs/include/micro_ros_msgs/micro_ros_msgs/msg/detail
[1.111s] -- Up-to-date: /home/lattapol/microros_ws/install/micro_ros_msgs/include/micro_ros_msgs/micro_ros_msgs/msg/detail/entity__type_support.c
[1.111s] -- Up-to-date: /home/lattapol/microros_ws/install/micro_ros_msgs/include/micro_ros_msgs/micro_ros_msgs/msg/detail/graph__type_support.c
[1.111s] -- Up-to-date: /home/lattapol/microros_ws/install/micro_ros_msgs/include/micro_ros_msgs/micro_ros_msgs/msg/detail/node__type_support.c
[1.111s] -- Up-to-date: /home/lattapol/microros_ws/install/micro_ros_msgs/include/micro_ros_msgs/micro_ros_msgs/msg/detail/graph__rosidl_typesupport_introspection_c.h
[1.111s] -- Up-to-date: /home/lattapol/microros_ws/install/micro_ros_msgs/include/micro_ros_msgs/micro_ros_msgs/msg/detail/node__rosidl_typesupport_introspection_c.h
[1.112s] -- Up-to-date: /home/lattapol/microros_ws/install/micro_ros_msgs/include/micro_ros_msgs/micro_ros_msgs/msg/detail/entity__rosidl_typesupport_introspection_c.h
[1.112s] -- Up-to-date: /home/lattapol/microros_ws/install/micro_ros_msgs/lib/libmicro_ros_msgs__rosidl_typesupport_introspection_c.so
[1.112s] -- Up-to-date: /home/lattapol/microros_ws/install/micro_ros_msgs/lib/libmicro_ros_msgs__rosidl_typesupport_c.so
[1.112s] -- Up-to-date: /home/lattapol/microros_ws/install/micro_ros_msgs/include/micro_ros_msgs/micro_ros_msgs
[1.112s] -- Up-to-date: /home/lattapol/microros_ws/install/micro_ros_msgs/include/micro_ros_msgs/micro_ros_msgs/msg
[1.112s] -- Up-to-date: /home/lattapol/microros_ws/install/micro_ros_msgs/include/micro_ros_msgs/micro_ros_msgs/msg/node.hpp
[1.112s] -- Up-to-date: /home/lattapol/microros_ws/install/micro_ros_msgs/include/micro_ros_msgs/micro_ros_msgs/msg/graph.hpp
[1.112s] -- Up-to-date: /home/lattapol/microros_ws/install/micro_ros_msgs/include/micro_ros_msgs/micro_ros_msgs/msg/entity.hpp
[1.112s] -- Up-to-date: /home/lattapol/microros_ws/install/micro_ros_msgs/include/micro_ros_msgs/micro_ros_msgs/msg/rosidl_generator_cpp__visibility_control.hpp
[1.112s] -- Up-to-date: /home/lattapol/microros_ws/install/micro_ros_msgs/include/micro_ros_msgs/micro_ros_msgs/msg/detail
[1.112s] -- Up-to-date: /home/lattapol/microros_ws/install/micro_ros_msgs/include/micro_ros_msgs/micro_ros_msgs/msg/detail/entity__type_support.hpp
[1.112s] -- Up-to-date: /home/lattapol/microros_ws/install/micro_ros_msgs/include/micro_ros_msgs/micro_ros_msgs/msg/detail/entity__builder.hpp
[1.112s] -- Up-to-date: /home/lattapol/microros_ws/install/micro_ros_msgs/include/micro_ros_msgs/micro_ros_msgs/msg/detail/node__struct.hpp
[1.112s] -- Up-to-date: /home/lattapol/microros_ws/install/micro_ros_msgs/include/micro_ros_msgs/micro_ros_msgs/msg/detail/node__traits.hpp
[1.112s] -- Up-to-date: /home/lattapol/microros_ws/install/micro_ros_msgs/include/micro_ros_msgs/micro_ros_msgs/msg/detail/node__type_support.hpp
[1.112s] -- Up-to-date: /home/lattapol/microros_ws/install/micro_ros_msgs/include/micro_ros_msgs/micro_ros_msgs/msg/detail/entity__traits.hpp
[1.112s] -- Up-to-date: /home/lattapol/microros_ws/install/micro_ros_msgs/include/micro_ros_msgs/micro_ros_msgs/msg/detail/graph__struct.hpp
[1.112s] -- Up-to-date: /home/lattapol/microros_ws/install/micro_ros_msgs/include/micro_ros_msgs/micro_ros_msgs/msg/detail/entity__struct.hpp
[1.112s] -- Up-to-date: /home/lattapol/microros_ws/install/micro_ros_msgs/include/micro_ros_msgs/micro_ros_msgs/msg/detail/graph__traits.hpp
[1.113s] -- Up-to-date: /home/lattapol/microros_ws/install/micro_ros_msgs/include/micro_ros_msgs/micro_ros_msgs/msg/detail/graph__builder.hpp
[1.113s] -- Up-to-date: /home/lattapol/microros_ws/install/micro_ros_msgs/include/micro_ros_msgs/micro_ros_msgs/msg/detail/node__builder.hpp
[1.113s] -- Up-to-date: /home/lattapol/microros_ws/install/micro_ros_msgs/include/micro_ros_msgs/micro_ros_msgs/msg/detail/graph__type_support.hpp
[1.113s] -- Up-to-date: /home/lattapol/microros_ws/install/micro_ros_msgs/include/micro_ros_msgs/micro_ros_msgs
[1.113s] -- Up-to-date: /home/lattapol/microros_ws/install/micro_ros_msgs/include/micro_ros_msgs/micro_ros_msgs/msg
[1.113s] -- Up-to-date: /home/lattapol/microros_ws/install/micro_ros_msgs/include/micro_ros_msgs/micro_ros_msgs/msg/detail
[1.113s] -- Up-to-date: /home/lattapol/microros_ws/install/micro_ros_msgs/include/micro_ros_msgs/micro_ros_msgs/msg/detail/graph__rosidl_typesupport_fastrtps_cpp.hpp
[1.113s] -- Up-to-date: /home/lattapol/microros_ws/install/micro_ros_msgs/include/micro_ros_msgs/micro_ros_msgs/msg/detail/node__rosidl_typesupport_fastrtps_cpp.hpp
[1.113s] -- Up-to-date: /home/lattapol/microros_ws/install/micro_ros_msgs/include/micro_ros_msgs/micro_ros_msgs/msg/detail/entity__rosidl_typesupport_fastrtps_cpp.hpp
[1.113s] -- Up-to-date: /home/lattapol/microros_ws/install/micro_ros_msgs/include/micro_ros_msgs/micro_ros_msgs/msg/detail/dds_fastrtps
[1.113s] -- Up-to-date: /home/lattapol/microros_ws/install/micro_ros_msgs/include/micro_ros_msgs/micro_ros_msgs/msg/rosidl_typesupport_fastrtps_cpp__visibility_control.h
[1.113s] -- Up-to-date: /home/lattapol/microros_ws/install/micro_ros_msgs/lib/libmicro_ros_msgs__rosidl_typesupport_fastrtps_cpp.so
[1.113s] -- Up-to-date: /home/lattapol/microros_ws/install/micro_ros_msgs/include/micro_ros_msgs/micro_ros_msgs
[1.113s] -- Up-to-date: /home/lattapol/microros_ws/install/micro_ros_msgs/include/micro_ros_msgs/micro_ros_msgs/msg
[1.113s] -- Up-to-date: /home/lattapol/microros_ws/install/micro_ros_msgs/include/micro_ros_msgs/micro_ros_msgs/msg/detail
[1.113s] -- Up-to-date: /home/lattapol/microros_ws/install/micro_ros_msgs/include/micro_ros_msgs/micro_ros_msgs/msg/detail/node__type_support.cpp
[1.113s] -- Up-to-date: /home/lattapol/microros_ws/install/micro_ros_msgs/include/micro_ros_msgs/micro_ros_msgs/msg/detail/graph__rosidl_typesupport_introspection_cpp.hpp
[1.113s] -- Up-to-date: /home/lattapol/microros_ws/install/micro_ros_msgs/include/micro_ros_msgs/micro_ros_msgs/msg/detail/graph__type_support.cpp
[1.113s] -- Up-to-date: /home/lattapol/microros_ws/install/micro_ros_msgs/include/micro_ros_msgs/micro_ros_msgs/msg/detail/entity__rosidl_typesupport_introspection_cpp.hpp
[1.113s] -- Up-to-date: /home/lattapol/microros_ws/install/micro_ros_msgs/include/micro_ros_msgs/micro_ros_msgs/msg/detail/entity__type_support.cpp
[1.113s] -- Up-to-date: /home/lattapol/microros_ws/install/micro_ros_msgs/include/micro_ros_msgs/micro_ros_msgs/msg/detail/node__rosidl_typesupport_introspection_cpp.hpp
[1.113s] -- Up-to-date: /home/lattapol/microros_ws/install/micro_ros_msgs/lib/libmicro_ros_msgs__rosidl_typesupport_introspection_cpp.so
[1.113s] -- Up-to-date: /home/lattapol/microros_ws/install/micro_ros_msgs/lib/libmicro_ros_msgs__rosidl_typesupport_cpp.so
[1.114s] -- Up-to-date: /home/lattapol/microros_ws/install/micro_ros_msgs/share/micro_ros_msgs/environment/pythonpath.sh
[1.114s] -- Installing: /home/lattapol/microros_ws/install/micro_ros_msgs/share/micro_ros_msgs/environment/pythonpath.dsv
[1.114s] -- Up-to-date: /home/lattapol/microros_ws/install/micro_ros_msgs/local/lib/python3.10/dist-packages/micro_ros_msgs-3.0.1-py3.10.egg-info
[1.114s] -- Installing: /home/lattapol/microros_ws/install/micro_ros_msgs/local/lib/python3.10/dist-packages/micro_ros_msgs-3.0.1-py3.10.egg-info/dependency_links.txt
[1.114s] -- Installing: /home/lattapol/microros_ws/install/micro_ros_msgs/local/lib/python3.10/dist-packages/micro_ros_msgs-3.0.1-py3.10.egg-info/PKG-INFO
[1.114s] -- Installing: /home/lattapol/microros_ws/install/micro_ros_msgs/local/lib/python3.10/dist-packages/micro_ros_msgs-3.0.1-py3.10.egg-info/top_level.txt
[1.114s] -- Installing: /home/lattapol/microros_ws/install/micro_ros_msgs/local/lib/python3.10/dist-packages/micro_ros_msgs-3.0.1-py3.10.egg-info/SOURCES.txt
[1.114s] -- Up-to-date: /home/lattapol/microros_ws/install/micro_ros_msgs/local/lib/python3.10/dist-packages/micro_ros_msgs
[1.114s] -- Up-to-date: /home/lattapol/microros_ws/install/micro_ros_msgs/local/lib/python3.10/dist-packages/micro_ros_msgs/msg
[1.114s] -- Up-to-date: /home/lattapol/microros_ws/install/micro_ros_msgs/local/lib/python3.10/dist-packages/micro_ros_msgs/msg/_entity_s.c
[1.114s] -- Up-to-date: /home/lattapol/microros_ws/install/micro_ros_msgs/local/lib/python3.10/dist-packages/micro_ros_msgs/msg/_graph_s.c
[1.114s] -- Up-to-date: /home/lattapol/microros_ws/install/micro_ros_msgs/local/lib/python3.10/dist-packages/micro_ros_msgs/msg/_node.py
[1.114s] -- Up-to-date: /home/lattapol/microros_ws/install/micro_ros_msgs/local/lib/python3.10/dist-packages/micro_ros_msgs/msg/__init__.py
[1.114s] -- Up-to-date: /home/lattapol/microros_ws/install/micro_ros_msgs/local/lib/python3.10/dist-packages/micro_ros_msgs/msg/_graph.py
[1.114s] -- Up-to-date: /home/lattapol/microros_ws/install/micro_ros_msgs/local/lib/python3.10/dist-packages/micro_ros_msgs/msg/_node_s.c
[1.114s] -- Up-to-date: /home/lattapol/microros_ws/install/micro_ros_msgs/local/lib/python3.10/dist-packages/micro_ros_msgs/msg/_entity.py
[1.114s] -- Up-to-date: /home/lattapol/microros_ws/install/micro_ros_msgs/local/lib/python3.10/dist-packages/micro_ros_msgs/_micro_ros_msgs_s.ep.rosidl_typesupport_introspection_c.c
[1.114s] -- Up-to-date: /home/lattapol/microros_ws/install/micro_ros_msgs/local/lib/python3.10/dist-packages/micro_ros_msgs/micro_ros_msgs_s__rosidl_typesupport_introspection_c.cpython-310-x86_64-linux-gnu.so
[1.114s] -- Up-to-date: /home/lattapol/microros_ws/install/micro_ros_msgs/local/lib/python3.10/dist-packages/micro_ros_msgs/_micro_ros_msgs_s.ep.rosidl_typesupport_c.c
[1.114s] -- Up-to-date: /home/lattapol/microros_ws/install/micro_ros_msgs/local/lib/python3.10/dist-packages/micro_ros_msgs/micro_ros_msgs_s__rosidl_typesupport_fastrtps_c.cpython-310-x86_64-linux-gnu.so
[1.114s] -- Up-to-date: /home/lattapol/microros_ws/install/micro_ros_msgs/local/lib/python3.10/dist-packages/micro_ros_msgs/micro_ros_msgs_s__rosidl_typesupport_c.cpython-310-x86_64-linux-gnu.so
[1.114s] -- Installing: /home/lattapol/microros_ws/install/micro_ros_msgs/local/lib/python3.10/dist-packages/micro_ros_msgs/__init__.py
[1.115s] -- Up-to-date: /home/lattapol/microros_ws/install/micro_ros_msgs/local/lib/python3.10/dist-packages/micro_ros_msgs/libmicro_ros_msgs__rosidl_generator_py.so
[1.115s] -- Up-to-date: /home/lattapol/microros_ws/install/micro_ros_msgs/local/lib/python3.10/dist-packages/micro_ros_msgs/_micro_ros_msgs_s.ep.rosidl_typesupport_fastrtps_c.c
[1.140s] Listing '/home/lattapol/microros_ws/install/micro_ros_msgs/local/lib/python3.10/dist-packages/micro_ros_msgs'...
[1.140s] Compiling '/home/lattapol/microros_ws/install/micro_ros_msgs/local/lib/python3.10/dist-packages/micro_ros_msgs/__init__.py'...
[1.140s] Listing '/home/lattapol/microros_ws/install/micro_ros_msgs/local/lib/python3.10/dist-packages/micro_ros_msgs/msg'...
[1.143s] -- Up-to-date: /home/lattapol/microros_ws/install/micro_ros_msgs/local/lib/python3.10/dist-packages/micro_ros_msgs/micro_ros_msgs_s__rosidl_typesupport_fastrtps_c.cpython-310-x86_64-linux-gnu.so
[1.143s] -- Up-to-date: /home/lattapol/microros_ws/install/micro_ros_msgs/local/lib/python3.10/dist-packages/micro_ros_msgs/micro_ros_msgs_s__rosidl_typesupport_introspection_c.cpython-310-x86_64-linux-gnu.so
[1.144s] -- Up-to-date: /home/lattapol/microros_ws/install/micro_ros_msgs/local/lib/python3.10/dist-packages/micro_ros_msgs/micro_ros_msgs_s__rosidl_typesupport_c.cpython-310-x86_64-linux-gnu.so
[1.144s] -- Up-to-date: /home/lattapol/microros_ws/install/micro_ros_msgs/lib/libmicro_ros_msgs__rosidl_generator_py.so
[1.145s] -- Up-to-date: /home/lattapol/microros_ws/install/micro_ros_msgs/share/micro_ros_msgs/msg/Graph.idl
[1.145s] -- Up-to-date: /home/lattapol/microros_ws/install/micro_ros_msgs/share/micro_ros_msgs/msg/Node.idl
[1.145s] -- Up-to-date: /home/lattapol/microros_ws/install/micro_ros_msgs/share/micro_ros_msgs/msg/Entity.idl
[1.145s] -- Installing: /home/lattapol/microros_ws/install/micro_ros_msgs/share/micro_ros_msgs/msg/Graph.msg
[1.145s] -- Installing: /home/lattapol/microros_ws/install/micro_ros_msgs/share/micro_ros_msgs/msg/Node.msg
[1.145s] -- Installing: /home/lattapol/microros_ws/install/micro_ros_msgs/share/micro_ros_msgs/msg/Entity.msg
[1.146s] -- Up-to-date: /home/lattapol/microros_ws/install/micro_ros_msgs/share/ament_index/resource_index/package_run_dependencies/micro_ros_msgs
[1.146s] -- Installing: /home/lattapol/microros_ws/install/micro_ros_msgs/share/ament_index/resource_index/parent_prefix_path/micro_ros_msgs
[1.146s] -- Up-to-date: /home/lattapol/microros_ws/install/micro_ros_msgs/share/micro_ros_msgs/environment/ament_prefix_path.sh
[1.146s] -- Installing: /home/lattapol/microros_ws/install/micro_ros_msgs/share/micro_ros_msgs/environment/ament_prefix_path.dsv
[1.146s] -- Up-to-date: /home/lattapol/microros_ws/install/micro_ros_msgs/share/micro_ros_msgs/environment/path.sh
[1.146s] -- Installing: /home/lattapol/microros_ws/install/micro_ros_msgs/share/micro_ros_msgs/environment/path.dsv
[1.146s] -- Up-to-date: /home/lattapol/microros_ws/install/micro_ros_msgs/share/micro_ros_msgs/local_setup.bash
[1.146s] -- Up-to-date: /home/lattapol/microros_ws/install/micro_ros_msgs/share/micro_ros_msgs/local_setup.sh
[1.146s] -- Up-to-date: /home/lattapol/microros_ws/install/micro_ros_msgs/share/micro_ros_msgs/local_setup.zsh
[1.146s] -- Installing: /home/lattapol/microros_ws/install/micro_ros_msgs/share/micro_ros_msgs/local_setup.dsv
[1.146s] -- Installing: /home/lattapol/microros_ws/install/micro_ros_msgs/share/micro_ros_msgs/package.dsv
[1.147s] -- Up-to-date: /home/lattapol/microros_ws/install/micro_ros_msgs/share/ament_index/resource_index/packages/micro_ros_msgs
[1.147s] -- Up-to-date: /home/lattapol/microros_ws/install/micro_ros_msgs/share/micro_ros_msgs/cmake/export_micro_ros_msgs__rosidl_generator_cExport.cmake
[1.147s] -- Up-to-date: /home/lattapol/microros_ws/install/micro_ros_msgs/share/micro_ros_msgs/cmake/export_micro_ros_msgs__rosidl_generator_cExport-noconfig.cmake
[1.147s] -- Up-to-date: /home/lattapol/microros_ws/install/micro_ros_msgs/share/micro_ros_msgs/cmake/export_micro_ros_msgs__rosidl_typesupport_fastrtps_cExport.cmake
[1.147s] -- Up-to-date: /home/lattapol/microros_ws/install/micro_ros_msgs/share/micro_ros_msgs/cmake/export_micro_ros_msgs__rosidl_typesupport_fastrtps_cExport-noconfig.cmake
[1.148s] -- Up-to-date: /home/lattapol/microros_ws/install/micro_ros_msgs/share/micro_ros_msgs/cmake/micro_ros_msgs__rosidl_typesupport_introspection_cExport.cmake
[1.148s] -- Up-to-date: /home/lattapol/microros_ws/install/micro_ros_msgs/share/micro_ros_msgs/cmake/micro_ros_msgs__rosidl_typesupport_introspection_cExport-noconfig.cmake
[1.148s] -- Up-to-date: /home/lattapol/microros_ws/install/micro_ros_msgs/share/micro_ros_msgs/cmake/micro_ros_msgs__rosidl_typesupport_cExport.cmake
[1.148s] -- Up-to-date: /home/lattapol/microros_ws/install/micro_ros_msgs/share/micro_ros_msgs/cmake/micro_ros_msgs__rosidl_typesupport_cExport-noconfig.cmake
[1.148s] -- Up-to-date: /home/lattapol/microros_ws/install/micro_ros_msgs/share/micro_ros_msgs/cmake/export_micro_ros_msgs__rosidl_generator_cppExport.cmake
[1.148s] -- Up-to-date: /home/lattapol/microros_ws/install/micro_ros_msgs/share/micro_ros_msgs/cmake/export_micro_ros_msgs__rosidl_typesupport_fastrtps_cppExport.cmake
[1.148s] -- Up-to-date: /home/lattapol/microros_ws/install/micro_ros_msgs/share/micro_ros_msgs/cmake/export_micro_ros_msgs__rosidl_typesupport_fastrtps_cppExport-noconfig.cmake
[1.148s] -- Up-to-date: /home/lattapol/microros_ws/install/micro_ros_msgs/share/micro_ros_msgs/cmake/micro_ros_msgs__rosidl_typesupport_introspection_cppExport.cmake
[1.149s] -- Up-to-date: /home/lattapol/microros_ws/install/micro_ros_msgs/share/micro_ros_msgs/cmake/micro_ros_msgs__rosidl_typesupport_introspection_cppExport-noconfig.cmake
[1.149s] -- Up-to-date: /home/lattapol/microros_ws/install/micro_ros_msgs/share/micro_ros_msgs/cmake/micro_ros_msgs__rosidl_typesupport_cppExport.cmake
[1.149s] -- Up-to-date: /home/lattapol/microros_ws/install/micro_ros_msgs/share/micro_ros_msgs/cmake/micro_ros_msgs__rosidl_typesupport_cppExport-noconfig.cmake
[1.149s] -- Up-to-date: /home/lattapol/microros_ws/install/micro_ros_msgs/share/micro_ros_msgs/cmake/export_micro_ros_msgs__rosidl_generator_pyExport.cmake
[1.149s] -- Up-to-date: /home/lattapol/microros_ws/install/micro_ros_msgs/share/micro_ros_msgs/cmake/export_micro_ros_msgs__rosidl_generator_pyExport-noconfig.cmake
[1.149s] -- Up-to-date: /home/lattapol/microros_ws/install/micro_ros_msgs/share/micro_ros_msgs/cmake/rosidl_cmake-extras.cmake
[1.149s] -- Up-to-date: /home/lattapol/microros_ws/install/micro_ros_msgs/share/micro_ros_msgs/cmake/ament_cmake_export_include_directories-extras.cmake
[1.149s] -- Up-to-date: /home/lattapol/microros_ws/install/micro_ros_msgs/share/micro_ros_msgs/cmake/ament_cmake_export_libraries-extras.cmake
[1.149s] -- Up-to-date: /home/lattapol/microros_ws/install/micro_ros_msgs/share/micro_ros_msgs/cmake/ament_cmake_export_targets-extras.cmake
[1.149s] -- Up-to-date: /home/lattapol/microros_ws/install/micro_ros_msgs/share/micro_ros_msgs/cmake/rosidl_cmake_export_typesupport_targets-extras.cmake
[1.149s] -- Up-to-date: /home/lattapol/microros_ws/install/micro_ros_msgs/share/micro_ros_msgs/cmake/ament_cmake_export_dependencies-extras.cmake
[1.149s] -- Up-to-date: /home/lattapol/microros_ws/install/micro_ros_msgs/share/micro_ros_msgs/cmake/rosidl_cmake_export_typesupport_libraries-extras.cmake
[1.149s] -- Up-to-date: /home/lattapol/microros_ws/install/micro_ros_msgs/share/micro_ros_msgs/cmake/micro_ros_msgsConfig.cmake
[1.149s] -- Up-to-date: /home/lattapol/microros_ws/install/micro_ros_msgs/share/micro_ros_msgs/cmake/micro_ros_msgsConfig-version.cmake
[1.149s] -- Installing: /home/lattapol/microros_ws/install/micro_ros_msgs/share/micro_ros_msgs/package.xml
[1.151s] Invoked command in '/home/lattapol/microros_ws/build/micro_ros_msgs' returned '0': CMAKE_PREFIX_PATH=${CMAKE_PREFIX_PATH}:/home/lattapol/bowa_ws/install/usb_cam_bringup:/home/lattapol/bowa_ws/install/sensor_fusion_utils:/home/lattapol/bowa_ws/install/path_odom:/home/lattapol/bowa_ws/install/ndt_speed_estimator:/home/lattapol/bowa_ws/install/motor_adapter:/home/lattapol/bowa_ws/install/lidar_nav:/home/lattapol/bowa_ws/install/lidar_launch:/home/lattapol/bowa_ws/install/lidar_cropper:/home/lattapol/bowa_ws/install/laser_geometry_converter:/home/lattapol/bowa_ws/install/gps_imu_ekf:/home/lattapol/bowa_ws/install/gps_2d_odom:/home/lattapol/bowa_ws/install/esp_sensors_bridge:/home/lattapol/bowa_ws/install/bowa_launch:/opt/ros/humble /usr/bin/cmake --install /home/lattapol/microros_ws/build/micro_ros_msgs
