[0.055s] DEBUG:colcon:Command line arguments: ['/usr/bin/colcon', 'build']
[0.055s] DEBUG:colcon:Parsed command line arguments: Namespace(log_base=None, log_level=None, verb_name='build', build_base='build', install_base='install', merge_install=False, symlink_install=False, test_result_base=None, continue_on_error=False, executor='parallel', parallel_workers=22, event_handlers=None, ignore_user_meta=False, metas=['./colcon.meta'], base_paths=['.'], packages_ignore=None, packages_ignore_regex=None, paths=None, packages_up_to=None, packages_up_to_regex=None, packages_above=None, packages_above_and_dependencies=None, packages_above_depth=None, packages_select_by_dep=None, packages_skip_by_dep=None, packages_skip_up_to=None, packages_select_build_failed=False, packages_skip_build_finished=False, packages_select_test_failures=False, packages_skip_test_passed=False, packages_select=None, packages_skip=None, packages_select_regex=None, packages_skip_regex=None, packages_start=None, packages_end=None, allow_overriding=[], cmake_args=None, cmake_target=None, cmake_target_skip_unavailable=False, cmake_clean_cache=False, cmake_clean_first=False, cmake_force_configure=False, ament_cmake_args=None, catkin_cmake_args=None, catkin_skip_building_tests=False, mixin_files=None, mixin=None, verb_parser=<colcon_mixin.mixin.mixin_argument.MixinArgumentDecorator object at 0x7f5e61862260>, verb_extension=<colcon_core.verb.build.BuildVerb object at 0x7f5e61861c60>, main=<bound method BuildVerb.main of <colcon_core.verb.build.BuildVerb object at 0x7f5e61861c60>>, mixin_verb=('build',))
[0.136s] Level 1:colcon.colcon_core.package_discovery:discover_packages(colcon_meta) check parameters
[0.136s] Level 1:colcon.colcon_core.package_discovery:discover_packages(recursive) check parameters
[0.136s] Level 1:colcon.colcon_core.package_discovery:discover_packages(ignore) check parameters
[0.136s] Level 1:colcon.colcon_core.package_discovery:discover_packages(path) check parameters
[0.136s] Level 1:colcon.colcon_core.package_discovery:discover_packages(colcon_meta) discover
[0.136s] Level 1:colcon.colcon_core.package_discovery:discover_packages(recursive) discover
[0.136s] INFO:colcon.colcon_core.package_discovery:Crawling recursively for packages in '/home/lattapol/microros_ws'
[0.136s] Level 1:colcon.colcon_core.package_identification:_identify(.) by extensions ['ignore', 'ignore_ament_install']
[0.136s] Level 1:colcon.colcon_core.package_identification:_identify(.) by extension 'ignore'
[0.136s] Level 1:colcon.colcon_core.package_identification:_identify(.) by extension 'ignore_ament_install'
[0.136s] Level 1:colcon.colcon_core.package_identification:_identify(.) by extensions ['colcon_pkg']
[0.136s] Level 1:colcon.colcon_core.package_identification:_identify(.) by extension 'colcon_pkg'
[0.136s] Level 1:colcon.colcon_core.package_identification:_identify(.) by extensions ['colcon_meta']
[0.136s] Level 1:colcon.colcon_core.package_identification:_identify(.) by extension 'colcon_meta'
[0.136s] Level 1:colcon.colcon_core.package_identification:_identify(.) by extensions ['ros']
[0.136s] Level 1:colcon.colcon_core.package_identification:_identify(.) by extension 'ros'
[0.142s] Level 1:colcon.colcon_core.package_identification:_identify(.) by extensions ['cmake', 'python']
[0.142s] Level 1:colcon.colcon_core.package_identification:_identify(.) by extension 'cmake'
[0.142s] Level 1:colcon.colcon_core.package_identification:_identify(.) by extension 'python'
[0.142s] Level 1:colcon.colcon_core.package_identification:_identify(.) by extensions ['python_setup_py']
[0.142s] Level 1:colcon.colcon_core.package_identification:_identify(.) by extension 'python_setup_py'
[0.142s] Level 1:colcon.colcon_core.package_identification:_identify(build) by extensions ['ignore', 'ignore_ament_install']
[0.142s] Level 1:colcon.colcon_core.package_identification:_identify(build) by extension 'ignore'
[0.142s] Level 1:colcon.colcon_core.package_identification:_identify(build) ignored
[0.142s] Level 1:colcon.colcon_core.package_identification:_identify(install) by extensions ['ignore', 'ignore_ament_install']
[0.142s] Level 1:colcon.colcon_core.package_identification:_identify(install) by extension 'ignore'
[0.142s] Level 1:colcon.colcon_core.package_identification:_identify(install) ignored
[0.142s] Level 1:colcon.colcon_core.package_identification:_identify(log) by extensions ['ignore', 'ignore_ament_install']
[0.143s] Level 1:colcon.colcon_core.package_identification:_identify(log) by extension 'ignore'
[0.143s] Level 1:colcon.colcon_core.package_identification:_identify(log) ignored
[0.143s] Level 1:colcon.colcon_core.package_identification:_identify(src) by extensions ['ignore', 'ignore_ament_install']
[0.143s] Level 1:colcon.colcon_core.package_identification:_identify(src) by extension 'ignore'
[0.143s] Level 1:colcon.colcon_core.package_identification:_identify(src) by extension 'ignore_ament_install'
[0.143s] Level 1:colcon.colcon_core.package_identification:_identify(src) by extensions ['colcon_pkg']
[0.143s] Level 1:colcon.colcon_core.package_identification:_identify(src) by extension 'colcon_pkg'
[0.143s] Level 1:colcon.colcon_core.package_identification:_identify(src) by extensions ['colcon_meta']
[0.143s] Level 1:colcon.colcon_core.package_identification:_identify(src) by extension 'colcon_meta'
[0.143s] Level 1:colcon.colcon_core.package_identification:_identify(src) by extensions ['ros']
[0.143s] Level 1:colcon.colcon_core.package_identification:_identify(src) by extension 'ros'
[0.143s] Level 1:colcon.colcon_core.package_identification:_identify(src) by extensions ['cmake', 'python']
[0.143s] Level 1:colcon.colcon_core.package_identification:_identify(src) by extension 'cmake'
[0.143s] Level 1:colcon.colcon_core.package_identification:_identify(src) by extension 'python'
[0.143s] Level 1:colcon.colcon_core.package_identification:_identify(src) by extensions ['python_setup_py']
[0.143s] Level 1:colcon.colcon_core.package_identification:_identify(src) by extension 'python_setup_py'
[0.143s] Level 1:colcon.colcon_core.package_identification:_identify(src/micro_ros_setup) by extensions ['ignore', 'ignore_ament_install']
[0.143s] Level 1:colcon.colcon_core.package_identification:_identify(src/micro_ros_setup) by extension 'ignore'
[0.143s] Level 1:colcon.colcon_core.package_identification:_identify(src/micro_ros_setup) by extension 'ignore_ament_install'
[0.143s] Level 1:colcon.colcon_core.package_identification:_identify(src/micro_ros_setup) by extensions ['colcon_pkg']
[0.143s] Level 1:colcon.colcon_core.package_identification:_identify(src/micro_ros_setup) by extension 'colcon_pkg'
[0.143s] Level 1:colcon.colcon_core.package_identification:_identify(src/micro_ros_setup) by extensions ['colcon_meta']
[0.143s] Level 1:colcon.colcon_core.package_identification:_identify(src/micro_ros_setup) by extension 'colcon_meta'
[0.143s] Level 1:colcon.colcon_core.package_identification:_identify(src/micro_ros_setup) by extensions ['ros']
[0.143s] Level 1:colcon.colcon_core.package_identification:_identify(src/micro_ros_setup) by extension 'ros'
[0.144s] DEBUG:colcon.colcon_core.package_identification:Package 'src/micro_ros_setup' with type 'ros.ament_cmake' and name 'micro_ros_setup'
[0.144s] Level 1:colcon.colcon_core.package_identification:_identify(src/uros) by extensions ['ignore', 'ignore_ament_install']
[0.145s] Level 1:colcon.colcon_core.package_identification:_identify(src/uros) by extension 'ignore'
[0.145s] Level 1:colcon.colcon_core.package_identification:_identify(src/uros) by extension 'ignore_ament_install'
[0.145s] Level 1:colcon.colcon_core.package_identification:_identify(src/uros) by extensions ['colcon_pkg']
[0.145s] Level 1:colcon.colcon_core.package_identification:_identify(src/uros) by extension 'colcon_pkg'
[0.145s] Level 1:colcon.colcon_core.package_identification:_identify(src/uros) by extensions ['colcon_meta']
[0.145s] Level 1:colcon.colcon_core.package_identification:_identify(src/uros) by extension 'colcon_meta'
[0.145s] Level 1:colcon.colcon_core.package_identification:_identify(src/uros) by extensions ['ros']
[0.145s] Level 1:colcon.colcon_core.package_identification:_identify(src/uros) by extension 'ros'
[0.145s] Level 1:colcon.colcon_core.package_identification:_identify(src/uros) by extensions ['cmake', 'python']
[0.145s] Level 1:colcon.colcon_core.package_identification:_identify(src/uros) by extension 'cmake'
[0.145s] Level 1:colcon.colcon_core.package_identification:_identify(src/uros) by extension 'python'
[0.145s] Level 1:colcon.colcon_core.package_identification:_identify(src/uros) by extensions ['python_setup_py']
[0.145s] Level 1:colcon.colcon_core.package_identification:_identify(src/uros) by extension 'python_setup_py'
[0.145s] Level 1:colcon.colcon_core.package_identification:_identify(src/uros/micro-ROS-Agent) by extensions ['ignore', 'ignore_ament_install']
[0.145s] Level 1:colcon.colcon_core.package_identification:_identify(src/uros/micro-ROS-Agent) by extension 'ignore'
[0.145s] Level 1:colcon.colcon_core.package_identification:_identify(src/uros/micro-ROS-Agent) by extension 'ignore_ament_install'
[0.145s] Level 1:colcon.colcon_core.package_identification:_identify(src/uros/micro-ROS-Agent) by extensions ['colcon_pkg']
[0.145s] Level 1:colcon.colcon_core.package_identification:_identify(src/uros/micro-ROS-Agent) by extension 'colcon_pkg'
[0.145s] Level 1:colcon.colcon_core.package_identification:_identify(src/uros/micro-ROS-Agent) by extensions ['colcon_meta']
[0.145s] Level 1:colcon.colcon_core.package_identification:_identify(src/uros/micro-ROS-Agent) by extension 'colcon_meta'
[0.145s] Level 1:colcon.colcon_core.package_identification:_identify(src/uros/micro-ROS-Agent) by extensions ['ros']
[0.145s] Level 1:colcon.colcon_core.package_identification:_identify(src/uros/micro-ROS-Agent) by extension 'ros'
[0.145s] Level 1:colcon.colcon_core.package_identification:_identify(src/uros/micro-ROS-Agent) by extensions ['cmake', 'python']
[0.145s] Level 1:colcon.colcon_core.package_identification:_identify(src/uros/micro-ROS-Agent) by extension 'cmake'
[0.145s] Level 1:colcon.colcon_core.package_identification:_identify(src/uros/micro-ROS-Agent) by extension 'python'
[0.145s] Level 1:colcon.colcon_core.package_identification:_identify(src/uros/micro-ROS-Agent) by extensions ['python_setup_py']
[0.145s] Level 1:colcon.colcon_core.package_identification:_identify(src/uros/micro-ROS-Agent) by extension 'python_setup_py'
[0.145s] Level 1:colcon.colcon_core.package_identification:_identify(src/uros/micro-ROS-Agent/micro_ros_agent) by extensions ['ignore', 'ignore_ament_install']
[0.145s] Level 1:colcon.colcon_core.package_identification:_identify(src/uros/micro-ROS-Agent/micro_ros_agent) by extension 'ignore'
[0.145s] Level 1:colcon.colcon_core.package_identification:_identify(src/uros/micro-ROS-Agent/micro_ros_agent) by extension 'ignore_ament_install'
[0.145s] Level 1:colcon.colcon_core.package_identification:_identify(src/uros/micro-ROS-Agent/micro_ros_agent) by extensions ['colcon_pkg']
[0.145s] Level 1:colcon.colcon_core.package_identification:_identify(src/uros/micro-ROS-Agent/micro_ros_agent) by extension 'colcon_pkg'
[0.145s] Level 1:colcon.colcon_core.package_identification:_identify(src/uros/micro-ROS-Agent/micro_ros_agent) by extensions ['colcon_meta']
[0.145s] Level 1:colcon.colcon_core.package_identification:_identify(src/uros/micro-ROS-Agent/micro_ros_agent) by extension 'colcon_meta'
[0.145s] Level 1:colcon.colcon_core.package_identification:_identify(src/uros/micro-ROS-Agent/micro_ros_agent) by extensions ['ros']
[0.145s] Level 1:colcon.colcon_core.package_identification:_identify(src/uros/micro-ROS-Agent/micro_ros_agent) by extension 'ros'
[0.146s] DEBUG:colcon.colcon_core.package_identification:Package 'src/uros/micro-ROS-Agent/micro_ros_agent' with type 'ros.ament_cmake' and name 'micro_ros_agent'
[0.146s] Level 1:colcon.colcon_core.package_identification:_identify(src/uros/micro-ROS-Agent/snap) by extensions ['ignore', 'ignore_ament_install']
[0.146s] Level 1:colcon.colcon_core.package_identification:_identify(src/uros/micro-ROS-Agent/snap) by extension 'ignore'
[0.146s] Level 1:colcon.colcon_core.package_identification:_identify(src/uros/micro-ROS-Agent/snap) by extension 'ignore_ament_install'
[0.146s] Level 1:colcon.colcon_core.package_identification:_identify(src/uros/micro-ROS-Agent/snap) by extensions ['colcon_pkg']
[0.146s] Level 1:colcon.colcon_core.package_identification:_identify(src/uros/micro-ROS-Agent/snap) by extension 'colcon_pkg'
[0.146s] Level 1:colcon.colcon_core.package_identification:_identify(src/uros/micro-ROS-Agent/snap) by extensions ['colcon_meta']
[0.146s] Level 1:colcon.colcon_core.package_identification:_identify(src/uros/micro-ROS-Agent/snap) by extension 'colcon_meta'
[0.146s] Level 1:colcon.colcon_core.package_identification:_identify(src/uros/micro-ROS-Agent/snap) by extensions ['ros']
[0.146s] Level 1:colcon.colcon_core.package_identification:_identify(src/uros/micro-ROS-Agent/snap) by extension 'ros'
[0.146s] Level 1:colcon.colcon_core.package_identification:_identify(src/uros/micro-ROS-Agent/snap) by extensions ['cmake', 'python']
[0.146s] Level 1:colcon.colcon_core.package_identification:_identify(src/uros/micro-ROS-Agent/snap) by extension 'cmake'
[0.146s] Level 1:colcon.colcon_core.package_identification:_identify(src/uros/micro-ROS-Agent/snap) by extension 'python'
[0.146s] Level 1:colcon.colcon_core.package_identification:_identify(src/uros/micro-ROS-Agent/snap) by extensions ['python_setup_py']
[0.146s] Level 1:colcon.colcon_core.package_identification:_identify(src/uros/micro-ROS-Agent/snap) by extension 'python_setup_py'
[0.146s] Level 1:colcon.colcon_core.package_identification:_identify(src/uros/micro-ROS-Agent/snap/hooks) by extensions ['ignore', 'ignore_ament_install']
[0.146s] Level 1:colcon.colcon_core.package_identification:_identify(src/uros/micro-ROS-Agent/snap/hooks) by extension 'ignore'
[0.146s] Level 1:colcon.colcon_core.package_identification:_identify(src/uros/micro-ROS-Agent/snap/hooks) by extension 'ignore_ament_install'
[0.146s] Level 1:colcon.colcon_core.package_identification:_identify(src/uros/micro-ROS-Agent/snap/hooks) by extensions ['colcon_pkg']
[0.146s] Level 1:colcon.colcon_core.package_identification:_identify(src/uros/micro-ROS-Agent/snap/hooks) by extension 'colcon_pkg'
[0.146s] Level 1:colcon.colcon_core.package_identification:_identify(src/uros/micro-ROS-Agent/snap/hooks) by extensions ['colcon_meta']
[0.146s] Level 1:colcon.colcon_core.package_identification:_identify(src/uros/micro-ROS-Agent/snap/hooks) by extension 'colcon_meta'
[0.146s] Level 1:colcon.colcon_core.package_identification:_identify(src/uros/micro-ROS-Agent/snap/hooks) by extensions ['ros']
[0.146s] Level 1:colcon.colcon_core.package_identification:_identify(src/uros/micro-ROS-Agent/snap/hooks) by extension 'ros'
[0.146s] Level 1:colcon.colcon_core.package_identification:_identify(src/uros/micro-ROS-Agent/snap/hooks) by extensions ['cmake', 'python']
[0.146s] Level 1:colcon.colcon_core.package_identification:_identify(src/uros/micro-ROS-Agent/snap/hooks) by extension 'cmake'
[0.146s] Level 1:colcon.colcon_core.package_identification:_identify(src/uros/micro-ROS-Agent/snap/hooks) by extension 'python'
[0.146s] Level 1:colcon.colcon_core.package_identification:_identify(src/uros/micro-ROS-Agent/snap/hooks) by extensions ['python_setup_py']
[0.146s] Level 1:colcon.colcon_core.package_identification:_identify(src/uros/micro-ROS-Agent/snap/hooks) by extension 'python_setup_py'
[0.146s] Level 1:colcon.colcon_core.package_identification:_identify(src/uros/micro-ROS-Agent/snap/local) by extensions ['ignore', 'ignore_ament_install']
[0.146s] Level 1:colcon.colcon_core.package_identification:_identify(src/uros/micro-ROS-Agent/snap/local) by extension 'ignore'
[0.146s] Level 1:colcon.colcon_core.package_identification:_identify(src/uros/micro-ROS-Agent/snap/local) by extension 'ignore_ament_install'
[0.146s] Level 1:colcon.colcon_core.package_identification:_identify(src/uros/micro-ROS-Agent/snap/local) by extensions ['colcon_pkg']
[0.146s] Level 1:colcon.colcon_core.package_identification:_identify(src/uros/micro-ROS-Agent/snap/local) by extension 'colcon_pkg'
[0.146s] Level 1:colcon.colcon_core.package_identification:_identify(src/uros/micro-ROS-Agent/snap/local) by extensions ['colcon_meta']
[0.146s] Level 1:colcon.colcon_core.package_identification:_identify(src/uros/micro-ROS-Agent/snap/local) by extension 'colcon_meta'
[0.147s] Level 1:colcon.colcon_core.package_identification:_identify(src/uros/micro-ROS-Agent/snap/local) by extensions ['ros']
[0.147s] Level 1:colcon.colcon_core.package_identification:_identify(src/uros/micro-ROS-Agent/snap/local) by extension 'ros'
[0.147s] Level 1:colcon.colcon_core.package_identification:_identify(src/uros/micro-ROS-Agent/snap/local) by extensions ['cmake', 'python']
[0.147s] Level 1:colcon.colcon_core.package_identification:_identify(src/uros/micro-ROS-Agent/snap/local) by extension 'cmake'
[0.147s] Level 1:colcon.colcon_core.package_identification:_identify(src/uros/micro-ROS-Agent/snap/local) by extension 'python'
[0.147s] Level 1:colcon.colcon_core.package_identification:_identify(src/uros/micro-ROS-Agent/snap/local) by extensions ['python_setup_py']
[0.147s] Level 1:colcon.colcon_core.package_identification:_identify(src/uros/micro-ROS-Agent/snap/local) by extension 'python_setup_py'
[0.147s] Level 1:colcon.colcon_core.package_identification:_identify(src/uros/micro_ros_msgs) by extensions ['ignore', 'ignore_ament_install']
[0.147s] Level 1:colcon.colcon_core.package_identification:_identify(src/uros/micro_ros_msgs) by extension 'ignore'
[0.147s] Level 1:colcon.colcon_core.package_identification:_identify(src/uros/micro_ros_msgs) by extension 'ignore_ament_install'
[0.147s] Level 1:colcon.colcon_core.package_identification:_identify(src/uros/micro_ros_msgs) by extensions ['colcon_pkg']
[0.147s] Level 1:colcon.colcon_core.package_identification:_identify(src/uros/micro_ros_msgs) by extension 'colcon_pkg'
[0.147s] Level 1:colcon.colcon_core.package_identification:_identify(src/uros/micro_ros_msgs) by extensions ['colcon_meta']
[0.147s] Level 1:colcon.colcon_core.package_identification:_identify(src/uros/micro_ros_msgs) by extension 'colcon_meta'
[0.147s] Level 1:colcon.colcon_core.package_identification:_identify(src/uros/micro_ros_msgs) by extensions ['ros']
[0.147s] Level 1:colcon.colcon_core.package_identification:_identify(src/uros/micro_ros_msgs) by extension 'ros'
[0.147s] DEBUG:colcon.colcon_core.package_identification:Package 'src/uros/micro_ros_msgs' with type 'ros.ament_cmake' and name 'micro_ros_msgs'
[0.147s] Level 1:colcon.colcon_core.package_discovery:discover_packages(recursive) using defaults
[0.147s] Level 1:colcon.colcon_core.package_discovery:discover_packages(ignore) discover
[0.147s] Level 1:colcon.colcon_core.package_discovery:discover_packages(ignore) using defaults
[0.147s] Level 1:colcon.colcon_core.package_discovery:discover_packages(path) discover
[0.147s] Level 1:colcon.colcon_core.package_discovery:discover_packages(path) using defaults
[0.164s] Level 1:colcon.colcon_core.package_discovery:discover_packages(prefix_path) check parameters
[0.164s] Level 1:colcon.colcon_core.package_discovery:discover_packages(prefix_path) discover
[0.164s] DEBUG:colcon.colcon_installed_package_information.package_discovery:Found 3 installed packages in /home/lattapol/microros_ws/install
[0.165s] DEBUG:colcon.colcon_installed_package_information.package_discovery:Found 2 installed packages in /home/lattapol/ydlidar_ros2_ws/install
[0.165s] DEBUG:colcon.colcon_installed_package_information.package_discovery:Found 272 installed packages in /opt/ros/humble
[0.166s] Level 1:colcon.colcon_core.package_discovery:discover_packages(prefix_path) using defaults
[0.184s] Level 5:colcon.colcon_core.verb:set package 'micro_ros_msgs' build argument 'cmake_args' from command line to 'None'
[0.184s] Level 5:colcon.colcon_core.verb:set package 'micro_ros_msgs' build argument 'cmake_target' from command line to 'None'
[0.184s] Level 5:colcon.colcon_core.verb:set package 'micro_ros_msgs' build argument 'cmake_target_skip_unavailable' from command line to 'False'
[0.184s] Level 5:colcon.colcon_core.verb:set package 'micro_ros_msgs' build argument 'cmake_clean_cache' from command line to 'False'
[0.184s] Level 5:colcon.colcon_core.verb:set package 'micro_ros_msgs' build argument 'cmake_clean_first' from command line to 'False'
[0.184s] Level 5:colcon.colcon_core.verb:set package 'micro_ros_msgs' build argument 'cmake_force_configure' from command line to 'False'
[0.184s] Level 5:colcon.colcon_core.verb:set package 'micro_ros_msgs' build argument 'ament_cmake_args' from command line to 'None'
[0.184s] Level 5:colcon.colcon_core.verb:set package 'micro_ros_msgs' build argument 'catkin_cmake_args' from command line to 'None'
[0.184s] Level 5:colcon.colcon_core.verb:set package 'micro_ros_msgs' build argument 'catkin_skip_building_tests' from command line to 'False'
[0.184s] DEBUG:colcon.colcon_core.verb:Building package 'micro_ros_msgs' with the following arguments: {'ament_cmake_args': None, 'build_base': '/home/lattapol/microros_ws/build/micro_ros_msgs', 'catkin_cmake_args': None, 'catkin_skip_building_tests': False, 'cmake_args': None, 'cmake_clean_cache': False, 'cmake_clean_first': False, 'cmake_force_configure': False, 'cmake_target': None, 'cmake_target_skip_unavailable': False, 'install_base': '/home/lattapol/microros_ws/install/micro_ros_msgs', 'merge_install': False, 'path': '/home/lattapol/microros_ws/src/uros/micro_ros_msgs', 'symlink_install': False, 'test_result_base': None}
[0.184s] Level 5:colcon.colcon_core.verb:set package 'micro_ros_setup' build argument 'cmake_args' from command line to 'None'
[0.184s] Level 5:colcon.colcon_core.verb:set package 'micro_ros_setup' build argument 'cmake_target' from command line to 'None'
[0.184s] Level 5:colcon.colcon_core.verb:set package 'micro_ros_setup' build argument 'cmake_target_skip_unavailable' from command line to 'False'
[0.184s] Level 5:colcon.colcon_core.verb:set package 'micro_ros_setup' build argument 'cmake_clean_cache' from command line to 'False'
[0.184s] Level 5:colcon.colcon_core.verb:set package 'micro_ros_setup' build argument 'cmake_clean_first' from command line to 'False'
[0.184s] Level 5:colcon.colcon_core.verb:set package 'micro_ros_setup' build argument 'cmake_force_configure' from command line to 'False'
[0.184s] Level 5:colcon.colcon_core.verb:set package 'micro_ros_setup' build argument 'ament_cmake_args' from command line to 'None'
[0.184s] Level 5:colcon.colcon_core.verb:set package 'micro_ros_setup' build argument 'catkin_cmake_args' from command line to 'None'
[0.184s] Level 5:colcon.colcon_core.verb:set package 'micro_ros_setup' build argument 'catkin_skip_building_tests' from command line to 'False'
[0.184s] DEBUG:colcon.colcon_core.verb:Building package 'micro_ros_setup' with the following arguments: {'ament_cmake_args': None, 'build_base': '/home/lattapol/microros_ws/build/micro_ros_setup', 'catkin_cmake_args': None, 'catkin_skip_building_tests': False, 'cmake_args': None, 'cmake_clean_cache': False, 'cmake_clean_first': False, 'cmake_force_configure': False, 'cmake_target': None, 'cmake_target_skip_unavailable': False, 'install_base': '/home/lattapol/microros_ws/install/micro_ros_setup', 'merge_install': False, 'path': '/home/lattapol/microros_ws/src/micro_ros_setup', 'symlink_install': False, 'test_result_base': None}
[0.184s] Level 5:colcon.colcon_core.verb:set package 'micro_ros_agent' build argument 'cmake_args' from command line to 'None'
[0.184s] Level 5:colcon.colcon_core.verb:set package 'micro_ros_agent' build argument 'cmake_target' from command line to 'None'
[0.184s] Level 5:colcon.colcon_core.verb:set package 'micro_ros_agent' build argument 'cmake_target_skip_unavailable' from command line to 'False'
[0.184s] Level 5:colcon.colcon_core.verb:set package 'micro_ros_agent' build argument 'cmake_clean_cache' from command line to 'False'
[0.184s] Level 5:colcon.colcon_core.verb:set package 'micro_ros_agent' build argument 'cmake_clean_first' from command line to 'False'
[0.184s] Level 5:colcon.colcon_core.verb:set package 'micro_ros_agent' build argument 'cmake_force_configure' from command line to 'False'
[0.184s] Level 5:colcon.colcon_core.verb:set package 'micro_ros_agent' build argument 'ament_cmake_args' from command line to 'None'
[0.184s] Level 5:colcon.colcon_core.verb:set package 'micro_ros_agent' build argument 'catkin_cmake_args' from command line to 'None'
[0.184s] Level 5:colcon.colcon_core.verb:set package 'micro_ros_agent' build argument 'catkin_skip_building_tests' from command line to 'False'
[0.184s] DEBUG:colcon.colcon_core.verb:Building package 'micro_ros_agent' with the following arguments: {'ament_cmake_args': None, 'build_base': '/home/lattapol/microros_ws/build/micro_ros_agent', 'catkin_cmake_args': None, 'catkin_skip_building_tests': False, 'cmake_args': None, 'cmake_clean_cache': False, 'cmake_clean_first': False, 'cmake_force_configure': False, 'cmake_target': None, 'cmake_target_skip_unavailable': False, 'install_base': '/home/lattapol/microros_ws/install/micro_ros_agent', 'merge_install': False, 'path': '/home/lattapol/microros_ws/src/uros/micro-ROS-Agent/micro_ros_agent', 'symlink_install': False, 'test_result_base': None}
[0.185s] INFO:colcon.colcon_core.executor:Executing jobs using 'parallel' executor
[0.185s] DEBUG:colcon.colcon_parallel_executor.executor.parallel:run_until_complete
[0.185s] INFO:colcon.colcon_ros.task.ament_cmake.build:Building ROS package in '/home/lattapol/microros_ws/src/uros/micro_ros_msgs' with build type 'ament_cmake'
[0.186s] INFO:colcon.colcon_cmake.task.cmake.build:Building CMake package in '/home/lattapol/microros_ws/src/uros/micro_ros_msgs'
[0.188s] INFO:colcon.colcon_core.plugin_system:Skipping extension 'colcon_core.shell.bat': Not used on non-Windows systems
[0.188s] INFO:colcon.colcon_core.shell:Skip shell extension 'powershell' for command environment: Not usable outside of PowerShell
[0.188s] DEBUG:colcon.colcon_core.shell:Skip shell extension 'dsv' for command environment
[0.190s] INFO:colcon.colcon_ros.task.ament_cmake.build:Building ROS package in '/home/lattapol/microros_ws/src/micro_ros_setup' with build type 'ament_cmake'
[0.190s] INFO:colcon.colcon_cmake.task.cmake.build:Building CMake package in '/home/lattapol/microros_ws/src/micro_ros_setup'
[0.190s] INFO:colcon.colcon_core.shell:Skip shell extension 'powershell' for command environment: Not usable outside of PowerShell
[0.190s] DEBUG:colcon.colcon_core.shell:Skip shell extension 'dsv' for command environment
[0.194s] DEBUG:colcon.colcon_core.event_handler.log_command:Invoking command in '/home/lattapol/microros_ws/build/micro_ros_msgs': CMAKE_PREFIX_PATH=${CMAKE_PREFIX_PATH}:/opt/ros/humble /usr/bin/cmake --build /home/lattapol/microros_ws/build/micro_ros_msgs -- -j22 -l22
[0.196s] DEBUG:colcon.colcon_core.event_handler.log_command:Invoking command in '/home/lattapol/microros_ws/build/micro_ros_setup': CMAKE_PREFIX_PATH=${CMAKE_PREFIX_PATH}:/opt/ros/humble /usr/bin/cmake --build /home/lattapol/microros_ws/build/micro_ros_setup -- -j22 -l22
[0.225s] DEBUG:colcon.colcon_core.event_handler.log_command:Invoked command in '/home/lattapol/microros_ws/build/micro_ros_setup' returned '0': CMAKE_PREFIX_PATH=${CMAKE_PREFIX_PATH}:/opt/ros/humble /usr/bin/cmake --build /home/lattapol/microros_ws/build/micro_ros_setup -- -j22 -l22
[0.231s] DEBUG:colcon.colcon_core.event_handler.log_command:Invoking command in '/home/lattapol/microros_ws/build/micro_ros_setup': CMAKE_PREFIX_PATH=${CMAKE_PREFIX_PATH}:/opt/ros/humble /usr/bin/cmake --install /home/lattapol/microros_ws/build/micro_ros_setup
[0.244s] Level 1:colcon.colcon_core.environment:create_environment_scripts_only(micro_ros_setup)
[0.249s] DEBUG:colcon.colcon_core.event_handler.log_command:Invoked command in '/home/lattapol/microros_ws/build/micro_ros_setup' returned '0': CMAKE_PREFIX_PATH=${CMAKE_PREFIX_PATH}:/opt/ros/humble /usr/bin/cmake --install /home/lattapol/microros_ws/build/micro_ros_setup
[0.250s] Level 1:colcon.colcon_core.environment:checking '/home/lattapol/microros_ws/install/micro_ros_setup' for CMake module files
[0.251s] Level 1:colcon.colcon_core.environment:checking '/home/lattapol/microros_ws/install/micro_ros_setup' for CMake config files
[0.251s] Level 1:colcon.colcon_core.shell:create_environment_hook('micro_ros_setup', 'cmake_prefix_path')
[0.251s] INFO:colcon.colcon_core.shell:Creating environment hook '/home/lattapol/microros_ws/install/micro_ros_setup/share/micro_ros_setup/hook/cmake_prefix_path.ps1'
[0.251s] INFO:colcon.colcon_core.shell:Creating environment descriptor '/home/lattapol/microros_ws/install/micro_ros_setup/share/micro_ros_setup/hook/cmake_prefix_path.dsv'
[0.252s] INFO:colcon.colcon_core.shell:Creating environment hook '/home/lattapol/microros_ws/install/micro_ros_setup/share/micro_ros_setup/hook/cmake_prefix_path.sh'
[0.252s] Level 1:colcon.colcon_core.environment:checking '/home/lattapol/microros_ws/install/micro_ros_setup/lib'
[0.252s] Level 1:colcon.colcon_core.environment:checking '/home/lattapol/microros_ws/install/micro_ros_setup/bin'
[0.252s] Level 1:colcon.colcon_core.environment:checking '/home/lattapol/microros_ws/install/micro_ros_setup/lib/pkgconfig/micro_ros_setup.pc'
[0.253s] Level 1:colcon.colcon_core.environment:checking '/home/lattapol/microros_ws/install/micro_ros_setup/lib/python3.10/site-packages'
[0.253s] Level 1:colcon.colcon_core.environment:checking '/home/lattapol/microros_ws/install/micro_ros_setup/bin'
[0.253s] INFO:colcon.colcon_core.shell:Creating package script '/home/lattapol/microros_ws/install/micro_ros_setup/share/micro_ros_setup/package.ps1'
[0.253s] INFO:colcon.colcon_core.shell:Creating package descriptor '/home/lattapol/microros_ws/install/micro_ros_setup/share/micro_ros_setup/package.dsv'
[0.253s] INFO:colcon.colcon_core.shell:Creating package script '/home/lattapol/microros_ws/install/micro_ros_setup/share/micro_ros_setup/package.sh'
[0.254s] INFO:colcon.colcon_core.shell:Creating package script '/home/lattapol/microros_ws/install/micro_ros_setup/share/micro_ros_setup/package.bash'
[0.254s] INFO:colcon.colcon_core.shell:Creating package script '/home/lattapol/microros_ws/install/micro_ros_setup/share/micro_ros_setup/package.zsh'
[0.255s] Level 1:colcon.colcon_core.environment:create_file_with_runtime_dependencies(/home/lattapol/microros_ws/install/micro_ros_setup/share/colcon-core/packages/micro_ros_setup)
[0.255s] Level 1:colcon.colcon_core.environment:create_environment_scripts_only(micro_ros_setup)
[0.255s] Level 1:colcon.colcon_core.environment:checking '/home/lattapol/microros_ws/install/micro_ros_setup' for CMake module files
[0.255s] Level 1:colcon.colcon_core.environment:checking '/home/lattapol/microros_ws/install/micro_ros_setup' for CMake config files
[0.256s] Level 1:colcon.colcon_core.shell:create_environment_hook('micro_ros_setup', 'cmake_prefix_path')
[0.256s] INFO:colcon.colcon_core.shell:Creating environment hook '/home/lattapol/microros_ws/install/micro_ros_setup/share/micro_ros_setup/hook/cmake_prefix_path.ps1'
[0.256s] INFO:colcon.colcon_core.shell:Creating environment descriptor '/home/lattapol/microros_ws/install/micro_ros_setup/share/micro_ros_setup/hook/cmake_prefix_path.dsv'
[0.256s] INFO:colcon.colcon_core.shell:Creating environment hook '/home/lattapol/microros_ws/install/micro_ros_setup/share/micro_ros_setup/hook/cmake_prefix_path.sh'
[0.257s] Level 1:colcon.colcon_core.environment:checking '/home/lattapol/microros_ws/install/micro_ros_setup/lib'
[0.257s] Level 1:colcon.colcon_core.environment:checking '/home/lattapol/microros_ws/install/micro_ros_setup/bin'
[0.257s] Level 1:colcon.colcon_core.environment:checking '/home/lattapol/microros_ws/install/micro_ros_setup/lib/pkgconfig/micro_ros_setup.pc'
[0.257s] Level 1:colcon.colcon_core.environment:checking '/home/lattapol/microros_ws/install/micro_ros_setup/lib/python3.10/site-packages'
[0.257s] Level 1:colcon.colcon_core.environment:checking '/home/lattapol/microros_ws/install/micro_ros_setup/bin'
[0.258s] INFO:colcon.colcon_core.shell:Creating package script '/home/lattapol/microros_ws/install/micro_ros_setup/share/micro_ros_setup/package.ps1'
[0.258s] INFO:colcon.colcon_core.shell:Creating package descriptor '/home/lattapol/microros_ws/install/micro_ros_setup/share/micro_ros_setup/package.dsv'
[0.258s] INFO:colcon.colcon_core.shell:Creating package script '/home/lattapol/microros_ws/install/micro_ros_setup/share/micro_ros_setup/package.sh'
[0.259s] INFO:colcon.colcon_core.shell:Creating package script '/home/lattapol/microros_ws/install/micro_ros_setup/share/micro_ros_setup/package.bash'
[0.259s] INFO:colcon.colcon_core.shell:Creating package script '/home/lattapol/microros_ws/install/micro_ros_setup/share/micro_ros_setup/package.zsh'
[0.259s] Level 1:colcon.colcon_core.environment:create_file_with_runtime_dependencies(/home/lattapol/microros_ws/install/micro_ros_setup/share/colcon-core/packages/micro_ros_setup)
[0.396s] DEBUG:colcon.colcon_core.event_handler.log_command:Invoked command in '/home/lattapol/microros_ws/build/micro_ros_msgs' returned '0': CMAKE_PREFIX_PATH=${CMAKE_PREFIX_PATH}:/opt/ros/humble /usr/bin/cmake --build /home/lattapol/microros_ws/build/micro_ros_msgs -- -j22 -l22
[0.397s] DEBUG:colcon.colcon_core.event_handler.log_command:Invoking command in '/home/lattapol/microros_ws/build/micro_ros_msgs': CMAKE_PREFIX_PATH=${CMAKE_PREFIX_PATH}:/opt/ros/humble /usr/bin/cmake --install /home/lattapol/microros_ws/build/micro_ros_msgs
[0.433s] Level 1:colcon.colcon_core.environment:create_environment_scripts_only(micro_ros_msgs)
[0.434s] Level 1:colcon.colcon_core.environment:checking '/home/lattapol/microros_ws/install/micro_ros_msgs' for CMake module files
[0.434s] DEBUG:colcon.colcon_core.event_handler.log_command:Invoked command in '/home/lattapol/microros_ws/build/micro_ros_msgs' returned '0': CMAKE_PREFIX_PATH=${CMAKE_PREFIX_PATH}:/opt/ros/humble /usr/bin/cmake --install /home/lattapol/microros_ws/build/micro_ros_msgs
[0.434s] Level 1:colcon.colcon_core.environment:checking '/home/lattapol/microros_ws/install/micro_ros_msgs' for CMake config files
[0.434s] Level 1:colcon.colcon_core.shell:create_environment_hook('micro_ros_msgs', 'cmake_prefix_path')
[0.434s] INFO:colcon.colcon_core.shell:Creating environment hook '/home/lattapol/microros_ws/install/micro_ros_msgs/share/micro_ros_msgs/hook/cmake_prefix_path.ps1'
[0.435s] INFO:colcon.colcon_core.shell:Creating environment descriptor '/home/lattapol/microros_ws/install/micro_ros_msgs/share/micro_ros_msgs/hook/cmake_prefix_path.dsv'
[0.435s] INFO:colcon.colcon_core.shell:Creating environment hook '/home/lattapol/microros_ws/install/micro_ros_msgs/share/micro_ros_msgs/hook/cmake_prefix_path.sh'
[0.435s] Level 1:colcon.colcon_core.environment:checking '/home/lattapol/microros_ws/install/micro_ros_msgs/lib'
[0.435s] Level 1:colcon.colcon_core.shell:create_environment_hook('micro_ros_msgs', 'ld_library_path_lib')
[0.435s] INFO:colcon.colcon_core.shell:Creating environment hook '/home/lattapol/microros_ws/install/micro_ros_msgs/share/micro_ros_msgs/hook/ld_library_path_lib.ps1'
[0.436s] INFO:colcon.colcon_core.shell:Creating environment descriptor '/home/lattapol/microros_ws/install/micro_ros_msgs/share/micro_ros_msgs/hook/ld_library_path_lib.dsv'
[0.436s] INFO:colcon.colcon_core.shell:Creating environment hook '/home/lattapol/microros_ws/install/micro_ros_msgs/share/micro_ros_msgs/hook/ld_library_path_lib.sh'
[0.436s] Level 1:colcon.colcon_core.environment:checking '/home/lattapol/microros_ws/install/micro_ros_msgs/bin'
[0.436s] Level 1:colcon.colcon_core.environment:checking '/home/lattapol/microros_ws/install/micro_ros_msgs/lib/pkgconfig/micro_ros_msgs.pc'
[0.436s] Level 1:colcon.colcon_core.environment:checking '/home/lattapol/microros_ws/install/micro_ros_msgs/lib/python3.10/site-packages'
[0.436s] Level 1:colcon.colcon_core.environment:checking '/home/lattapol/microros_ws/install/micro_ros_msgs/bin'
[0.436s] INFO:colcon.colcon_core.shell:Creating package script '/home/lattapol/microros_ws/install/micro_ros_msgs/share/micro_ros_msgs/package.ps1'
[0.437s] INFO:colcon.colcon_core.shell:Creating package descriptor '/home/lattapol/microros_ws/install/micro_ros_msgs/share/micro_ros_msgs/package.dsv'
[0.437s] INFO:colcon.colcon_core.shell:Creating package script '/home/lattapol/microros_ws/install/micro_ros_msgs/share/micro_ros_msgs/package.sh'
[0.437s] INFO:colcon.colcon_core.shell:Creating package script '/home/lattapol/microros_ws/install/micro_ros_msgs/share/micro_ros_msgs/package.bash'
[0.437s] INFO:colcon.colcon_core.shell:Creating package script '/home/lattapol/microros_ws/install/micro_ros_msgs/share/micro_ros_msgs/package.zsh'
[0.437s] Level 1:colcon.colcon_core.environment:create_file_with_runtime_dependencies(/home/lattapol/microros_ws/install/micro_ros_msgs/share/colcon-core/packages/micro_ros_msgs)
[0.438s] Level 1:colcon.colcon_core.environment:create_environment_scripts_only(micro_ros_msgs)
[0.438s] Level 1:colcon.colcon_core.environment:checking '/home/lattapol/microros_ws/install/micro_ros_msgs' for CMake module files
[0.438s] Level 1:colcon.colcon_core.environment:checking '/home/lattapol/microros_ws/install/micro_ros_msgs' for CMake config files
[0.438s] Level 1:colcon.colcon_core.shell:create_environment_hook('micro_ros_msgs', 'cmake_prefix_path')
[0.439s] INFO:colcon.colcon_core.shell:Creating environment hook '/home/lattapol/microros_ws/install/micro_ros_msgs/share/micro_ros_msgs/hook/cmake_prefix_path.ps1'
[0.439s] INFO:colcon.colcon_core.shell:Creating environment descriptor '/home/lattapol/microros_ws/install/micro_ros_msgs/share/micro_ros_msgs/hook/cmake_prefix_path.dsv'
[0.439s] INFO:colcon.colcon_core.shell:Creating environment hook '/home/lattapol/microros_ws/install/micro_ros_msgs/share/micro_ros_msgs/hook/cmake_prefix_path.sh'
[0.439s] Level 1:colcon.colcon_core.environment:checking '/home/lattapol/microros_ws/install/micro_ros_msgs/lib'
[0.439s] Level 1:colcon.colcon_core.shell:create_environment_hook('micro_ros_msgs', 'ld_library_path_lib')
[0.439s] INFO:colcon.colcon_core.shell:Creating environment hook '/home/lattapol/microros_ws/install/micro_ros_msgs/share/micro_ros_msgs/hook/ld_library_path_lib.ps1'
[0.440s] INFO:colcon.colcon_core.shell:Creating environment descriptor '/home/lattapol/microros_ws/install/micro_ros_msgs/share/micro_ros_msgs/hook/ld_library_path_lib.dsv'
[0.440s] INFO:colcon.colcon_core.shell:Creating environment hook '/home/lattapol/microros_ws/install/micro_ros_msgs/share/micro_ros_msgs/hook/ld_library_path_lib.sh'
[0.440s] Level 1:colcon.colcon_core.environment:checking '/home/lattapol/microros_ws/install/micro_ros_msgs/bin'
[0.440s] Level 1:colcon.colcon_core.environment:checking '/home/lattapol/microros_ws/install/micro_ros_msgs/lib/pkgconfig/micro_ros_msgs.pc'
[0.440s] Level 1:colcon.colcon_core.environment:checking '/home/lattapol/microros_ws/install/micro_ros_msgs/lib/python3.10/site-packages'
[0.440s] Level 1:colcon.colcon_core.environment:checking '/home/lattapol/microros_ws/install/micro_ros_msgs/bin'
[0.440s] INFO:colcon.colcon_core.shell:Creating package script '/home/lattapol/microros_ws/install/micro_ros_msgs/share/micro_ros_msgs/package.ps1'
[0.441s] INFO:colcon.colcon_core.shell:Creating package descriptor '/home/lattapol/microros_ws/install/micro_ros_msgs/share/micro_ros_msgs/package.dsv'
[0.441s] INFO:colcon.colcon_core.shell:Creating package script '/home/lattapol/microros_ws/install/micro_ros_msgs/share/micro_ros_msgs/package.sh'
[0.441s] INFO:colcon.colcon_core.shell:Creating package script '/home/lattapol/microros_ws/install/micro_ros_msgs/share/micro_ros_msgs/package.bash'
[0.441s] INFO:colcon.colcon_core.shell:Creating package script '/home/lattapol/microros_ws/install/micro_ros_msgs/share/micro_ros_msgs/package.zsh'
[0.441s] Level 1:colcon.colcon_core.environment:create_file_with_runtime_dependencies(/home/lattapol/microros_ws/install/micro_ros_msgs/share/colcon-core/packages/micro_ros_msgs)
[0.441s] INFO:colcon.colcon_ros.task.ament_cmake.build:Building ROS package in '/home/lattapol/microros_ws/src/uros/micro-ROS-Agent/micro_ros_agent' with build type 'ament_cmake'
[0.442s] INFO:colcon.colcon_cmake.task.cmake.build:Building CMake package in '/home/lattapol/microros_ws/src/uros/micro-ROS-Agent/micro_ros_agent'
[0.442s] INFO:colcon.colcon_core.shell:Skip shell extension 'powershell' for command environment: Not usable outside of PowerShell
[0.442s] DEBUG:colcon.colcon_core.shell:Skip shell extension 'dsv' for command environment
[0.451s] DEBUG:colcon.colcon_core.event_handler.log_command:Invoking command in '/home/lattapol/microros_ws/build/micro_ros_agent': CMAKE_PREFIX_PATH=/home/lattapol/microros_ws/install/micro_ros_msgs:/home/lattapol/microros_ws/install/micro_ros_setup:/home/lattapol/microros_ws/install/micro_ros_agent:/home/lattapol/ydlidar_ros2_ws/install/ydlidar_ros2_driver:/home/lattapol/ydlidar_ros2_ws/install/turtlesim:/opt/ros/humble LD_LIBRARY_PATH=/home/lattapol/microros_ws/install/micro_ros_msgs/lib:/home/lattapol/microros_ws/install/micro_ros_agent/lib:/home/lattapol/ydlidar_ros2_ws/install/turtlesim/lib:/opt/ros/humble/opt/rviz_ogre_vendor/lib:/opt/ros/humble/lib/x86_64-linux-gnu:/opt/ros/humble/lib /usr/bin/cmake --build /home/lattapol/microros_ws/build/micro_ros_agent -- -j22 -l22
[0.505s] DEBUG:colcon.colcon_core.event_handler.log_command:Invoked command in '/home/lattapol/microros_ws/build/micro_ros_agent' returned '0': CMAKE_PREFIX_PATH=/home/lattapol/microros_ws/install/micro_ros_msgs:/home/lattapol/microros_ws/install/micro_ros_setup:/home/lattapol/microros_ws/install/micro_ros_agent:/home/lattapol/ydlidar_ros2_ws/install/ydlidar_ros2_driver:/home/lattapol/ydlidar_ros2_ws/install/turtlesim:/opt/ros/humble LD_LIBRARY_PATH=/home/lattapol/microros_ws/install/micro_ros_msgs/lib:/home/lattapol/microros_ws/install/micro_ros_agent/lib:/home/lattapol/ydlidar_ros2_ws/install/turtlesim/lib:/opt/ros/humble/opt/rviz_ogre_vendor/lib:/opt/ros/humble/lib/x86_64-linux-gnu:/opt/ros/humble/lib /usr/bin/cmake --build /home/lattapol/microros_ws/build/micro_ros_agent -- -j22 -l22
[0.505s] DEBUG:colcon.colcon_core.event_handler.log_command:Invoking command in '/home/lattapol/microros_ws/build/micro_ros_agent': CMAKE_PREFIX_PATH=/home/lattapol/microros_ws/install/micro_ros_msgs:/home/lattapol/microros_ws/install/micro_ros_setup:/home/lattapol/microros_ws/install/micro_ros_agent:/home/lattapol/ydlidar_ros2_ws/install/ydlidar_ros2_driver:/home/lattapol/ydlidar_ros2_ws/install/turtlesim:/opt/ros/humble LD_LIBRARY_PATH=/home/lattapol/microros_ws/install/micro_ros_msgs/lib:/home/lattapol/microros_ws/install/micro_ros_agent/lib:/home/lattapol/ydlidar_ros2_ws/install/turtlesim/lib:/opt/ros/humble/opt/rviz_ogre_vendor/lib:/opt/ros/humble/lib/x86_64-linux-gnu:/opt/ros/humble/lib /usr/bin/cmake --install /home/lattapol/microros_ws/build/micro_ros_agent
[0.513s] Level 1:colcon.colcon_core.environment:create_environment_scripts_only(micro_ros_agent)
[0.513s] DEBUG:colcon.colcon_core.event_handler.log_command:Invoked command in '/home/lattapol/microros_ws/build/micro_ros_agent' returned '0': CMAKE_PREFIX_PATH=/home/lattapol/microros_ws/install/micro_ros_msgs:/home/lattapol/microros_ws/install/micro_ros_setup:/home/lattapol/microros_ws/install/micro_ros_agent:/home/lattapol/ydlidar_ros2_ws/install/ydlidar_ros2_driver:/home/lattapol/ydlidar_ros2_ws/install/turtlesim:/opt/ros/humble LD_LIBRARY_PATH=/home/lattapol/microros_ws/install/micro_ros_msgs/lib:/home/lattapol/microros_ws/install/micro_ros_agent/lib:/home/lattapol/ydlidar_ros2_ws/install/turtlesim/lib:/opt/ros/humble/opt/rviz_ogre_vendor/lib:/opt/ros/humble/lib/x86_64-linux-gnu:/opt/ros/humble/lib /usr/bin/cmake --install /home/lattapol/microros_ws/build/micro_ros_agent
[0.514s] Level 1:colcon.colcon_core.environment:checking '/home/lattapol/microros_ws/install/micro_ros_agent' for CMake module files
[0.514s] Level 1:colcon.colcon_core.environment:checking '/home/lattapol/microros_ws/install/micro_ros_agent' for CMake config files
[0.515s] Level 1:colcon.colcon_core.shell:create_environment_hook('micro_ros_agent', 'cmake_prefix_path')
[0.516s] INFO:colcon.colcon_core.shell:Creating environment hook '/home/lattapol/microros_ws/install/micro_ros_agent/share/micro_ros_agent/hook/cmake_prefix_path.ps1'
[0.516s] INFO:colcon.colcon_core.shell:Creating environment descriptor '/home/lattapol/microros_ws/install/micro_ros_agent/share/micro_ros_agent/hook/cmake_prefix_path.dsv'
[0.516s] INFO:colcon.colcon_core.shell:Creating environment hook '/home/lattapol/microros_ws/install/micro_ros_agent/share/micro_ros_agent/hook/cmake_prefix_path.sh'
[0.517s] Level 1:colcon.colcon_core.environment:checking '/home/lattapol/microros_ws/install/micro_ros_agent/lib'
[0.517s] Level 1:colcon.colcon_core.shell:create_environment_hook('micro_ros_agent', 'ld_library_path_lib')
[0.517s] INFO:colcon.colcon_core.shell:Creating environment hook '/home/lattapol/microros_ws/install/micro_ros_agent/share/micro_ros_agent/hook/ld_library_path_lib.ps1'
[0.518s] INFO:colcon.colcon_core.shell:Creating environment descriptor '/home/lattapol/microros_ws/install/micro_ros_agent/share/micro_ros_agent/hook/ld_library_path_lib.dsv'
[0.518s] INFO:colcon.colcon_core.shell:Creating environment hook '/home/lattapol/microros_ws/install/micro_ros_agent/share/micro_ros_agent/hook/ld_library_path_lib.sh'
[0.518s] Level 1:colcon.colcon_core.environment:checking '/home/lattapol/microros_ws/install/micro_ros_agent/bin'
[0.518s] Level 1:colcon.colcon_core.environment:checking '/home/lattapol/microros_ws/install/micro_ros_agent/lib/pkgconfig/micro_ros_agent.pc'
[0.518s] Level 1:colcon.colcon_core.environment:checking '/home/lattapol/microros_ws/install/micro_ros_agent/lib/python3.10/site-packages'
[0.519s] Level 1:colcon.colcon_core.environment:checking '/home/lattapol/microros_ws/install/micro_ros_agent/bin'
[0.519s] INFO:colcon.colcon_core.shell:Creating package script '/home/lattapol/microros_ws/install/micro_ros_agent/share/micro_ros_agent/package.ps1'
[0.519s] INFO:colcon.colcon_core.shell:Creating package descriptor '/home/lattapol/microros_ws/install/micro_ros_agent/share/micro_ros_agent/package.dsv'
[0.519s] INFO:colcon.colcon_core.shell:Creating package script '/home/lattapol/microros_ws/install/micro_ros_agent/share/micro_ros_agent/package.sh'
[0.519s] INFO:colcon.colcon_core.shell:Creating package script '/home/lattapol/microros_ws/install/micro_ros_agent/share/micro_ros_agent/package.bash'
[0.520s] INFO:colcon.colcon_core.shell:Creating package script '/home/lattapol/microros_ws/install/micro_ros_agent/share/micro_ros_agent/package.zsh'
[0.520s] Level 1:colcon.colcon_core.environment:create_file_with_runtime_dependencies(/home/lattapol/microros_ws/install/micro_ros_agent/share/colcon-core/packages/micro_ros_agent)
[0.520s] Level 1:colcon.colcon_core.environment:create_environment_scripts_only(micro_ros_agent)
[0.520s] Level 1:colcon.colcon_core.environment:checking '/home/lattapol/microros_ws/install/micro_ros_agent' for CMake module files
[0.520s] Level 1:colcon.colcon_core.environment:checking '/home/lattapol/microros_ws/install/micro_ros_agent' for CMake config files
[0.521s] Level 1:colcon.colcon_core.shell:create_environment_hook('micro_ros_agent', 'cmake_prefix_path')
[0.521s] INFO:colcon.colcon_core.shell:Creating environment hook '/home/lattapol/microros_ws/install/micro_ros_agent/share/micro_ros_agent/hook/cmake_prefix_path.ps1'
[0.534s] INFO:colcon.colcon_core.shell:Creating environment descriptor '/home/lattapol/microros_ws/install/micro_ros_agent/share/micro_ros_agent/hook/cmake_prefix_path.dsv'
[0.534s] INFO:colcon.colcon_core.shell:Creating environment hook '/home/lattapol/microros_ws/install/micro_ros_agent/share/micro_ros_agent/hook/cmake_prefix_path.sh'
[0.534s] Level 1:colcon.colcon_core.environment:checking '/home/lattapol/microros_ws/install/micro_ros_agent/lib'
[0.535s] Level 1:colcon.colcon_core.shell:create_environment_hook('micro_ros_agent', 'ld_library_path_lib')
[0.535s] INFO:colcon.colcon_core.shell:Creating environment hook '/home/lattapol/microros_ws/install/micro_ros_agent/share/micro_ros_agent/hook/ld_library_path_lib.ps1'
[0.535s] INFO:colcon.colcon_core.shell:Creating environment descriptor '/home/lattapol/microros_ws/install/micro_ros_agent/share/micro_ros_agent/hook/ld_library_path_lib.dsv'
[0.535s] INFO:colcon.colcon_core.shell:Creating environment hook '/home/lattapol/microros_ws/install/micro_ros_agent/share/micro_ros_agent/hook/ld_library_path_lib.sh'
[0.535s] Level 1:colcon.colcon_core.environment:checking '/home/lattapol/microros_ws/install/micro_ros_agent/bin'
[0.535s] Level 1:colcon.colcon_core.environment:checking '/home/lattapol/microros_ws/install/micro_ros_agent/lib/pkgconfig/micro_ros_agent.pc'
[0.535s] Level 1:colcon.colcon_core.environment:checking '/home/lattapol/microros_ws/install/micro_ros_agent/lib/python3.10/site-packages'
[0.535s] Level 1:colcon.colcon_core.environment:checking '/home/lattapol/microros_ws/install/micro_ros_agent/bin'
[0.536s] INFO:colcon.colcon_core.shell:Creating package script '/home/lattapol/microros_ws/install/micro_ros_agent/share/micro_ros_agent/package.ps1'
[0.536s] INFO:colcon.colcon_core.shell:Creating package descriptor '/home/lattapol/microros_ws/install/micro_ros_agent/share/micro_ros_agent/package.dsv'
[0.536s] INFO:colcon.colcon_core.shell:Creating package script '/home/lattapol/microros_ws/install/micro_ros_agent/share/micro_ros_agent/package.sh'
[0.536s] INFO:colcon.colcon_core.shell:Creating package script '/home/lattapol/microros_ws/install/micro_ros_agent/share/micro_ros_agent/package.bash'
[0.537s] INFO:colcon.colcon_core.shell:Creating package script '/home/lattapol/microros_ws/install/micro_ros_agent/share/micro_ros_agent/package.zsh'
[0.537s] Level 1:colcon.colcon_core.environment:create_file_with_runtime_dependencies(/home/lattapol/microros_ws/install/micro_ros_agent/share/colcon-core/packages/micro_ros_agent)
[0.537s] DEBUG:colcon.colcon_parallel_executor.executor.parallel:closing loop
[0.537s] DEBUG:colcon.colcon_parallel_executor.executor.parallel:loop closed
[0.537s] DEBUG:colcon.colcon_parallel_executor.executor.parallel:run_until_complete finished with '0'
[0.537s] DEBUG:colcon.colcon_core.event_reactor:joining thread
[0.541s] INFO:colcon.colcon_core.plugin_system:Skipping extension 'colcon_notification.desktop_notification.terminal_notifier': Not used on non-Darwin systems
[0.541s] INFO:colcon.colcon_core.plugin_system:Skipping extension 'colcon_notification.desktop_notification.win32': Not used on non-Windows systems
[0.541s] INFO:colcon.colcon_notification.desktop_notification:Sending desktop notification using 'notify2'
[0.547s] DEBUG:colcon.colcon_core.event_reactor:joined thread
[0.547s] INFO:colcon.colcon_core.shell:Creating prefix script '/home/lattapol/microros_ws/install/local_setup.ps1'
[0.548s] INFO:colcon.colcon_core.shell:Creating prefix util module '/home/lattapol/microros_ws/install/_local_setup_util_ps1.py'
[0.548s] INFO:colcon.colcon_core.shell:Creating prefix chain script '/home/lattapol/microros_ws/install/setup.ps1'
[0.549s] INFO:colcon.colcon_core.shell:Creating prefix script '/home/lattapol/microros_ws/install/local_setup.sh'
[0.549s] INFO:colcon.colcon_core.shell:Creating prefix util module '/home/lattapol/microros_ws/install/_local_setup_util_sh.py'
[0.550s] INFO:colcon.colcon_core.shell:Creating prefix chain script '/home/lattapol/microros_ws/install/setup.sh'
[0.550s] INFO:colcon.colcon_core.shell:Creating prefix script '/home/lattapol/microros_ws/install/local_setup.bash'
[0.551s] INFO:colcon.colcon_core.shell:Creating prefix chain script '/home/lattapol/microros_ws/install/setup.bash'
[0.551s] INFO:colcon.colcon_core.shell:Creating prefix script '/home/lattapol/microros_ws/install/local_setup.zsh'
[0.551s] INFO:colcon.colcon_core.shell:Creating prefix chain script '/home/lattapol/microros_ws/install/setup.zsh'
